Darwin
qemu-system-x86_64 -kernel kernel.bin -serial stdio 
Installed exception handler at ISR <0>
Allocating Memory Pool... done
Installed interrupt handler at IRQ <0>
Constructed Scheduler.
Hello World!
CREATING THREAD 1...
esp = <2098116>
done
DONE
CREATING THREAD 2...esp = <2099164>
done
DONE
CREATING THREAD 3...esp = <2100212>
done
DONE
CREATING THREAD 4...esp = <2101260>
done
DONE
STARTING THREAD 1 ...
Thread: 0
FUN 1 INVOKED!
FUN 1 IN BURST[0]
FUN 1: TICK [0]
FUN 1: TICK [1]
FUN 1: TICK [2]
FUN 1: TICK [3]
FUN 1: TICK [4]
FUN 1: TICK [5]
FUN 1: TICK [6]
FUN 1: TICK [7]
FUN 1: TICK [8]
FUN 1: TICK [9]
Thread: 1
FUN 2 INVOKED!
FUN 2 IN BURST[0]
FUN 2: TICK [0]
FUN 2: TICK [1]
FUN 2: TICK [2]
FUN 2: TICK [3]
FUN 2: TICK [4]
FUN 2: TICK [5]
FUN 2: TICK [6]
FUN 2: TICK [7]
FUN 2: TICK [8]
FUN 2: TICK [9]
Thread: 2
FUN 3 INVOKED!
FUN 3 IN BURST[0]
FUN 3: TICK [0]
FUN 3: TICK [1]
FUN 3: TICK [2]
FUN 3: TICK [3]
FUN 3: TICK [4]
FUN 3: TICK [5]
FUN 3: TICK [6]
FUN 3: TICK [7]
FUN 3: TICK [8]
FUN 3: TICK [9]
Thread: 3
FUN 4 INVOKED!
FUN 4 IN BURST[0]
FUN 4: TICK [0]
FUN 4: TICK [1]
FUN 4: TICK [2]
FUN 4: TICK [3]
FUN 4: TICK [4]
FUN 4: TICK [5]
FUN 4: TICK [6]
FUN 4: TICK [7]
FUN 4: TICK [8]
FUN 4: TICK [9]
FUN 1 IN BURST[1]
FUN 1: TICK [0]
FUN 1: TICK [1]
FUN 1: TICK [2]
FUN 1: TICK [3]
FUN 1: TICK [4]
FUN 1: TICK [5]
FUN 1: TICK [6]
FUN 1: TICK [7]
FUN 1: TICK [8]
FUN 1: TICK [9]
FUN 2 IN BURST[1]
FUN 2: TICK [0]
FUN 2: TICK [1]
FUN 2: TICK [2]
FUN 2: TICK [3]
FUN 2: TICK [4]
FUN 2: TICK [5]
FUN 2: TICK [6]
FUN 2: TICK [7]
FUN 2: TICK [8]
FUN 2: TICK [9]
FUN 3 IN BURST[1]
FUN 3: TICK [0]
FUN 3: TICK [1]
FUN 3: TICK [2]
FUN 3: TICK [3]
FUN 3: TICK [4]
FUN 3: TICK [5]
FUN 3: TICK [6]
FUN 3: TICK [7]
FUN 3: TICK [8]
FUN 3: TICK [9]
FUN 4 IN BURST[1]
FUN 4: TICK [0]
FUN 4: TICK [1]
FUN 4: TICK [2]
FUN 4: TICK [3]
FUN 4: TICK [4]
FUN 4: TICK [5]
FUN 4: TICK [6]
FUN 4: TICK [7]
FUN 4: TICK [8]
FUN 4: TICK [9]
FUN 1 IN BURST[2]
FUN 1: TICK [0]
FUN 1: TICK [1]
FUN 1: TICK [2]
FUN 1: TICK [3]
FUN 1: TICK [4]
FUN 1: TICK [5]
FUN 1: TICK [6]
FUN 1: TICK [7]
FUN 1: TICK [8]
FUN 1: TICK [9]
FUN 2 IN BURST[2]
FUN 2: TICK [0]
FUN 2: TICK [1]
FUN 2: TICK [2]
FUN 2: TICK [3]
FUN 2: TICK [4]
FUN 2: TICK [5]
FUN 2: TICK [6]
FUN 2: TICK [7]
FUN 2: TICK [8]
FUN 2: TICK [9]
FUN 3 IN BURST[2]
FUN 3: TICK [0]
FUN 3: TICK [1]
FUN 3: TICK [2]
FUN 3: TICK [3]
FUN 3: TICK [4]
FUN 3: TICK [5]
FUN 3: TICK [6]
FUN 3: TICK [7]
FUN 3: TICK [8]
FUN 3: TICK [9]
FUN 4 IN BURST[2]
FUN 4: TICK [0]
FUN 4: TICK [1]
FUN 4: TICK [2]
FUN 4: TICK [3]
FUN 4: TICK [4]
FUN 4: TICK [5]
FUN 4: TICK [6]
FUN 4: TICK [7]
FUN 4: TICK [8]
FUN 4: TICK [9]
FUN 1 IN BURST[3]
FUN 1: TICK [0]
FUN 1: TICK [1]
FUN 1: TICK [2]
FUN 1: TICK [3]
FUN 1: TICK [4]
FUN 1: TICK [5]
FUN 1: TICK [6]
FUN 1: TICK [7]
FUN 1: TICK [8]
FUN 1: TICK [9]
FUN 2 IN BURST[3]
FUN 2: TICK [0]
FUN 2: TICK [1]
FUN 2: TICK [2]
FUN 2: TICK [3]
FUN 2: TICK [4]
FUN 2: TICK [5]
FUN 2: TICK [6]
FUN 2: TICK [7]
FUN 2: TICK [8]
FUN 2: TICK [9]
FUN 3 IN BURST[3]
FUN 3: TICK [0]
FUN 3: TICK [1]
FUN 3: TICK [2]
FUN 3: TICK [3]
FUN 3: TICK [4]
FUN 3: TICK [5]
FUN 3: TICK [6]
FUN 3: TICK [7]
FUN 3: TICK [8]
FUN 3: TICK [9]
FUN 4 IN BURST[3]
FUN 4: TICK [0]
FUN 4: TICK [1]
FUN 4: TICK [2]
FUN 4: TICK [3]
FUN 4: TICK [4]
FUN 4: TICK [5]
FUN 4: TICK [6]
FUN 4: TICK [7]
FUN 4: TICK [8]
FUN 4: TICK [9]
FUN 1 IN BURST[4]
FUN 1: TICK [0]
FUN 1: TICK [1]
FUN 1: TICK [2]
FUN 1: TICK [3]
FUN 1: TICK [4]
FUN 1: TICK [5]
FUN 1: TICK [6]
FUN 1: TICK [7]
FUN 1: TICK [8]
FUN 1: TICK [9]
FUN 2 IN BURST[4]
FUN 2: TICK [0]
FUN 2: TICK [1]
FUN 2: TICK [2]
FUN 2: TICK [3]
FUN 2: TICK [4]
FUN 2: TICK [5]
FUN 2: TICK [6]
FUN 2: TICK [7]
FUN 2: TICK [8]
FUN 2: TICK [9]
FUN 3 IN BURST[4]
FUN 3: TICK [0]
FUN 3: TICK [1]
FUN 3: TICK [2]
FUN 3: TICK [3]
FUN 3: TICK [4]
FUN 3: TICK [5]
FUN 3: TICK [6]
FUN 3: TICK [7]
FUN 3: TICK [8]
FUN 3: TICK [9]
FUN 4 IN BURST[4]
FUN 4: TICK [0]
FUN 4: TICK [1]
FUN 4: TICK [2]
FUN 4: TICK [3]
FUN 4: TICK [4]
FUN 4: TICK [5]
FUN 4: TICK [6]
FUN 4: TICK [7]
FUN 4: TICK [8]
FUN 4: TICK [9]
FUN 1 IN BURST[5]
FUN 1: TICK [0]
FUN 1: TICK [1]
FUN 1: TICK [2]
FUN 1: TICK [3]
FUN 1: TICK [4]
FUN 1: TICK [5]
FUN 1: TICK [6]
FUN 1: TICK [7]
FUN 1: TICK [8]
FUN 1: TICK [9]
FUN 2 IN BURST[5]
FUN 2: TICK [0]
FUN 2: TICK [1]
FUN 2: TICK [2]
FUN 2: TICK [3]
FUN 2: TICK [4]
FUN 2: TICK [5]
FUN 2: TICK [6]
FUN 2: TICK [7]
FUN 2: TICK [8]
FUN 2: TICK [9]
FUN 3 IN BURST[5]
FUN 3: TICK [0]
FUN 3: TICK [1]
FUN 3: TICK [2]
FUN 3: TICK [3]
FUN 3: TICK [4]
FUN 3: TICK [5]
FUN 3: TICK [6]
FUN 3: TICK [7]
FUN 3: TICK [8]
FUN 3: TICK [9]
FUN 4 IN BURST[5]
FUN 4: TICK [0]
FUN 4: TICK [1]
FUN 4: TICK [2]
FUN 4: TICK [3]
FUN 4: TICK [4]
FUN 4: TICK [5]
FUN 4: TICK [6]
FUN 4: TICK [7]
FUN 4: TICK [8]
FUN 4: TICK [9]
FUN 1 IN BURST[6]
FUN 1: TICK [0]
FUN 1: TICK [1]
FUN 1: TICK [2]
FUN 1: TICK [3]
FUN 1: TICK [4]
FUN 1: TICK [5]
FUN 1: TICK [6]
FUN 1: TICK [7]
FUN 1: TICK [8]
FUN 1: TICK [9]
FUN 2 IN BURST[6]
FUN 2: TICK [0]
FUN 2: TICK [1]
FUN 2: TICK [2]
FUN 2: TICK [3]
FUN 2: TICK [4]
FUN 2: TICK [5]
FUN 2: TICK [6]
FUN 2: TICK [7]
FUN 2: TICK [8]
FUN 2: TICK [9]
FUN 3 IN BURST[6]
FUN 3: TICK [0]
FUN 3: TICK [1]
FUN 3: TICK [2]
FUN 3: TICK [3]
FUN 3: TICK [4]
FUN 3: TICK [5]
FUN 3: TICK [6]
FUN 3: TICK [7]
FUN 3: TICK [8]
FUN 3: TICK [9]
FUN 4 IN BURST[6]
FUN 4: TICK [0]
FUN 4: TICK [1]
FUN 4: TICK [2]
FUN 4: TICK [3]
FUN 4: TICK [4]
FUN 4: TICK [5]
FUN 4: TICK [6]
FUN 4: TICK [7]
FUN 4: TICK [8]
FUN 4: TICK [9]
FUN 1 IN BURST[7]
FUN 1: TICK [0]
FUN 1: TICK [1]
FUN 1: TICK [2]
FUN 1: TICK [3]
FUN 1: TICK [4]
FUN 1: TICK [5]
FUN 1: TICK [6]
FUN 1: TICK [7]
FUN 1: TICK [8]
FUN 1: TICK [9]
FUN 2 IN BURST[7]
FUN 2: TICK [0]
FUN 2: TICK [1]
FUN 2: TICK [2]
FUN 2: TICK [3]
FUN 2: TICK [4]
FUN 2: TICK [5]
FUN 2: TICK [6]
FUN 2: TICK [7]
FUN 2: TICK [8]
FUN 2: TICK [9]
FUN 3 IN BURST[7]
FUN 3: TICK [0]
FUN 3: TICK [1]
FUN 3: TICK [2]
FUN 3: TICK [3]
FUN 3: TICK [4]
FUN 3: TICK [5]
FUN 3: TICK [6]
FUN 3: TICK [7]
FUN 3: TICK [8]
FUN 3: TICK [9]
FUN 4 IN BURST[7]
FUN 4: TICK [0]
FUN 4: TICK [1]
FUN 4: TICK [2]
FUN 4: TICK [3]
FUN 4: TICK [4]
FUN 4: TICK [5]
FUN 4: TICK [6]
FUN 4: TICK [7]
FUN 4: TICK [8]
FUN 4: TICK [9]
FUN 1 IN BURST[8]
FUN 1: TICK [0]
FUN 1: TICK [1]
FUN 1: TICK [2]
FUN 1: TICK [3]
FUN 1: TICK [4]
FUN 1: TICK [5]
FUN 1: TICK [6]
FUN 1: TICK [7]
FUN 1: TICK [8]
FUN 1: TICK [9]
FUN 2 IN BURST[8]
FUN 2: TICK [0]
FUN 2: TICK [1]
FUN 2: TICK [2]
FUN 2: TICK [3]
FUN 2: TICK [4]
FUN 2: TICK [5]
FUN 2: TICK [6]
FUN 2: TICK [7]
FUN 2: TICK [8]
FUN 2: TICK [9]
FUN 3 IN BURST[8]
FUN 3: TICK [0]
FUN 3: TICK [1]
FUN 3: TICK [2]
FUN 3: TICK [3]
FUN 3: TICK [4]
FUN 3: TICK [5]
FUN 3: TICK [6]
FUN 3: TICK [7]
FUN 3: TICK [8]
FUN 3: TICK [9]
FUN 4 IN BURST[8]
FUN 4: TICK [0]
FUN 4: TICK [1]
FUN 4: TICK [2]
FUN 4: TICK [3]
FUN 4: TICK [4]
FUN 4: TICK [5]
FUN 4: TICK [6]
FUN 4: TICK [7]
FUN 4: TICK [8]
FUN 4: TICK [9]
FUN 1 IN BURST[9]
FUN 1: TICK [0]
FUN 1: TICK [1]
FUN 1: TICK [2]
FUN 1: TICK [3]
FUN 1: TICK [4]
FUN 1: TICK [5]
FUN 1: TICK [6]
FUN 1: TICK [7]
FUN 1: TICK [8]
FUN 1: TICK [9]
FUN 2 IN BURST[9]
FUN 2: TICK [0]
FUN 2: TICK [1]
FUN 2: TICK [2]
FUN 2: TICK [3]
FUN 2: TICK [4]
FUN 2: TICK [5]
FUN 2: TICK [6]
FUN 2: TICK [7]
FUN 2: TICK [8]
FUN 2: TICK [9]
FUN 3 IN BURST[9]
FUN 3: TICK [0]
FUN 3: TICK [1]
FUN 3: TICK [2]
FUN 3: TICK [3]
FUN 3: TICK [4]
FUN 3: TICK [5]
FUN 3: TICK [6]
FUN 3: TICK [7]
FUN 3: TICK [8]
FUN 3: TICK [9]
FUN 4 IN BURST[9]
FUN 4: TICK [0]
FUN 4: TICK [1]
FUN 4: TICK [2]
FUN 4: TICK [3]
FUN 4: TICK [4]
FUN 4: TICK [5]
FUN 4: TICK [6]
FUN 4: TICK [7]
FUN 4: TICK [8]
FUN 4: TICK [9]
Cannot terminate given thread!
Cannot terminate given thread!
FUN 3 IN BURST[10]
FUN 3: TICK [0]
FUN 3: TICK [1]
FUN 3: TICK [2]
FUN 3: TICK [3]
FUN 3: TICK [4]
FUN 3: TICK [5]
FUN 3: TICK [6]
FUN 3: TICK [7]
FUN 3: TICK [8]
FUN 3: TICK [9]
FUN 4 IN BURST[10]
FUN 4: TICK [0]
FUN 4: TICK [1]
FUN 4: TICK [2]
FUN 4: TICK [3]
FUN 4: TICK [4]
FUN 4: TICK [5]
FUN 4: TICK [6]
FUN 4: TICK [7]
FUN 4: TICK [8]
FUN 4: TICK [9]
FUN 3 IN BURST[11]
FUN 3: TICK [0]
FUN 3: TICK [1]
FUN 3: TICK [2]
FUN 3: TICK [3]
FUN 3: TICK [4]
FUN 3: TICK [5]
FUN 3: TICK [6]
FUN 3: TICK [7]
FUN 3: TICK [8]
FUN 3: TICK [9]
FUN 4 IN BURST[11]
FUN 4: TICK [0]
FUN 4: TICK [1]
FUN 4: TICK [2]
FUN 4: TICK [3]
FUN 4: TICK [4]
FUN 4: TICK [5]
FUN 4: TICK [6]
FUN 4: TICK [7]
FUN 4: TICK [8]
FUN 4: TICK [9]
FUN 3 IN BURST[12]
FUN 3: TICK [0]
FUN 3: TICK [1]
FUN 3: TICK [2]
FUN 3: TICK [3]
FUN 3: TICK [4]
FUN 3: TICK [5]
FUN 3: TICK [6]
FUN 3: TICK [7]
FUN 3: TICK [8]
FUN 3: TICK [9]
FUN 4 IN BURST[12]
FUN 4: TICK [0]
FUN 4: TICK [1]
FUN 4: TICK [2]
FUN 4: TICK [3]
FUN 4: TICK [4]
FUN 4: TICK [5]
FUN 4: TICK [6]
FUN 4: TICK [7]
FUN 4: TICK [8]
FUN 4: TICK [9]
FUN 3 IN BURST[13]
FUN 3: TICK [0]
FUN 3: TICK [1]
FUN 3: TICK [2]
FUN 3: TICK [3]
FUN 3: TICK [4]
FUN 3: TICK [5]
FUN 3: TICK [6]
FUN 3: TICK [7]
FUN 3: TICK [8]
FUN 3: TICK [9]
FUN 4 IN BURST[13]
FUN 4: TICK [0]
FUN 4: TICK [1]
FUN 4: TICK [2]
FUN 4: TICK [3]
FUN 4: TICK [4]
FUN 4: TICK [5]
FUN 4: TICK [6]
FUN 4: TICK [7]
FUN 4: TICK [8]
FUN 4: TICK [9]
FUN 3 IN BURST[14]
FUN 3: TICK [0]
FUN 3: TICK [1]
FUN 3: TICK [2]
FUN 3: TICK [3]
FUN 3: TICK [4]
FUN 3: TICK [5]
FUN 3: TICK [6]
FUN 3: TICK [7]
FUN 3: TICK [8]
FUN 3: TICK [9]
FUN 4 IN BURST[14]
FUN 4: TICK [0]
FUN 4: TICK [1]
FUN 4: TICK [2]
FUN 4: TICK [3]
FUN 4: TICK [4]
FUN 4: TICK [5]
FUN 4: TICK [6]
FUN 4: TICK [7]
FUN 4: TICK [8]
FUN 4: TICK [9]
FUN 3 IN BURST[15]
FUN 3: TICK [0]
FUN 3: TICK [1]
FUN 3: TICK [2]
FUN 3: TICK [3]
FUN 3: TICK [4]
FUN 3: TICK [5]
FUN 3: TICK [6]
FUN 3: TICK [7]
FUN 3: TICK [8]
FUN 3: TICK [9]
FUN 4 IN BURST[15]
FUN 4: TICK [0]
FUN 4: TICK [1]
FUN 4: TICK [2]
FUN 4: TICK [3]
FUN 4: TICK [4]
FUN 4: TICK [5]
FUN 4: TICK [6]
FUN 4: TICK [7]
FUN 4: TICK [8]
FUN 4: TICK [9]
FUN 3 IN BURST[16]
FUN 3: TICK [0]
FUN 3: TICK [1]
FUN 3: TICK [2]
FUN 3: TICK [3]
FUN 3: TICK [4]
FUN 3: TICK [5]
FUN 3: TICK [6]
FUN 3: TICK [7]
FUN 3: TICK [8]
FUN 3: TICK [9]
FUN 4 IN BURST[16]
FUN 4: TICK [0]
FUN 4: TICK [1]
FUN 4: TICK [2]
FUN 4: TICK [3]
FUN 4: TICK [4]
FUN 4: TICK [5]
FUN 4: TICK [6]
FUN 4: TICK [7]
FUN 4: TICK [8]
FUN 4: TICK [9]
FUN 3 IN BURST[17]
FUN 3: TICK [0]
FUN 3: TICK [1]
FUN 3: TICK [2]
FUN 3: TICK [3]
FUN 3: TICK [4]
FUN 3: TICK [5]
FUN 3: TICK [6]
FUN 3: TICK [7]
FUN 3: TICK [8]
FUN 3: TICK [9]
FUN 4 IN BURST[17]
FUN 4: TICK [0]
FUN 4: TICK [1]
FUN 4: TICK [2]
FUN 4: TICK [3]
FUN 4: TICK [4]
FUN 4: TICK [5]
FUN 4: TICK [6]
FUN 4: TICK [7]
FUN 4: TICK [8]
FUN 4: TICK [9]
FUN 3 IN BURST[18]
FUN 3: TICK [0]
FUN 3: TICK [1]
FUN 3: TICK [2]
FUN 3: TICK [3]
FUN 3: TICK [4]
FUN 3: TICK [5]
FUN 3: TICK [6]
FUN 3: TICK [7]
FUN 3: TICK [8]
FUN 3: TICK [9]
FUN 4 IN BURST[18]
FUN 4: TICK [0]
FUN 4: TICK [1]
FUN 4: TICK [2]
FUN 4: TICK [3]
FUN 4: TICK [4]
FUN 4: TICK [5]
FUN 4: TICK [6]
FUN 4: TICK [7]
FUN 4: TICK [8]
FUN 4: TICK [9]
FUN 3 IN BURST[19]
FUN 3: TICK [0]
FUN 3: TICK [1]
FUN 3: TICK [2]
FUN 3: TICK [3]
FUN 3: TICK [4]
FUN 3: TICK [5]
FUN 3: TICK [6]
FUN 3: TICK [7]
FUN 3: TICK [8]
FUN 3: TICK [9]
FUN 4 IN BURST[19]
FUN 4: TICK [0]
FUN 4: TICK [1]
FUN 4: TICK [2]
FUN 4: TICK [3]
FUN 4: TICK [4]
FUN 4: TICK [5]
FUN 4: TICK [6]
FUN 4: TICK [7]
FUN 4: TICK [8]
FUN 4: TICK [9]
FUN 3 IN BURST[20]
FUN 3: TICK [0]
FUN 3: TICK [1]
FUN 3: TICK [2]
FUN 3: TICK [3]
FUN 3: TICK [4]
FUN 3: TICK [5]
FUN 3: TICK [6]
FUN 3: TICK [7]
FUN 3: TICK [8]
FUN 3: TICK [9]
FUN 4 IN BURST[20]
FUN 4: TICK [0]
FUN 4: TICK [1]
FUN 4: TICK [2]
FUN 4: TICK [3]
FUN 4: TICK [4]
FUN 4: TICK [5]
FUN 4: TICK [6]
FUN 4: TICK [7]
FUN 4: TICK [8]
FUN 4: TICK [9]
FUN 3 IN BURST[21]
FUN 3: TICK [0]
FUN 3: TICK [1]
FUN 3: TICK [2]
FUN 3: TICK [3]
FUN 3: TICK [4]
FUN 3: TICK [5]
FUN 3: TICK [6]
FUN 3: TICK [7]
FUN 3: TICK [8]
FUN 3: TICK [9]
FUN 4 IN BURST[21]
FUN 4: TICK [0]
FUN 4: TICK [1]
FUN 4: TICK [2]
FUN 4: TICK [3]
FUN 4: TICK [4]
FUN 4: TICK [5]
FUN 4: TICK [6]
FUN 4: TICK [7]
FUN 4: TICK [8]
FUN 4: TICK [9]
FUN 3 IN BURST[22]
FUN 3: TICK [0]
FUN 3: TICK [1]
FUN 3: TICK [2]
FUN 3: TICK [3]
FUN 3: TICK [4]
FUN 3: TICK [5]
FUN 3: TICK [6]
FUN 3: TICK [7]
FUN 3: TICK [8]
FUN 3: TICK [9]
FUN 4 IN BURST[22]
FUN 4: TICK [0]
FUN 4: TICK [1]
FUN 4: TICK [2]
FUN 4: TICK [3]
FUN 4: TICK [4]
FUN 4: TICK [5]
FUN 4: TICK [6]
FUN 4: TICK [7]
FUN 4: TICK [8]
FUN 4: TICK [9]
FUN 3 IN BURST[23]
FUN 3: TICK [0]
FUN 3: TICK [1]
FUN 3: TICK [2]
FUN 3: TICK [3]
FUN 3: TICK [4]
FUN 3: TICK [5]
FUN 3: TICK [6]
FUN 3: TICK [7]
FUN 3: TICK [8]
FUN 3: TICK [9]
FUN 4 IN BURST[23]
FUN 4: TICK [0]
FUN 4: TICK [1]
FUN 4: TICK [2]
FUN 4: TICK [3]
FUN 4: TICK [4]
FUN 4: TICK [5]
FUN 4: TICK [6]
FUN 4: TICK [7]
FUN 4: TICK [8]
FUN 4: TICK [9]
FUN 3 IN BURST[24]
FUN 3: TICK [0]
FUN 3: TICK [1]
FUN 3: TICK [2]
FUN 3: TICK [3]
FUN 3: TICK [4]
FUN 3: TICK [5]
FUN 3: TICK [6]
FUN 3: TICK [7]
FUN 3: TICK [8]
FUN 3: TICK [9]
FUN 4 IN BURST[24]
FUN 4: TICK [0]
FUN 4: TICK [1]
FUN 4: TICK [2]
FUN 4: TICK [3]
FUN 4: TICK [4]
FUN 4: TICK [5]
FUN 4: TICK [6]
FUN 4: TICK [7]
FUN 4: TICK [8]
FUN 4: TICK [9]
FUN 3 IN BURST[25]
FUN 3: TICK [0]
FUN 3: TICK [1]
FUN 3: TICK [2]
FUN 3: TICK [3]
FUN 3: TICK [4]
FUN 3: TICK [5]
FUN 3: TICK [6]
FUN 3: TICK [7]
FUN 3: TICK [8]
FUN 3: TICK [9]
FUN 4 IN BURST[25]
FUN 4: TICK [0]
FUN 4: TICK [1]
FUN 4: TICK [2]
FUN 4: TICK [3]
FUN 4: TICK [4]
FUN 4: TICK [5]
FUN 4: TICK [6]
FUN 4: TICK [7]
FUN 4: TICK [8]
FUN 4: TICK [9]
FUN 3 IN BURST[26]
FUN 3: TICK [0]
FUN 3: TICK [1]
FUN 3: TICK [2]
FUN 3: TICK [3]
FUN 3: TICK [4]
FUN 3: TICK [5]
FUN 3: TICK [6]
FUN 3: TICK [7]
FUN 3: TICK [8]
FUN 3: TICK [9]
FUN 4 IN BURST[26]
One second has passed
FUN 4: TICK [0]
FUN 4: TICK [1]
FUN 4: TICK [2]
FUN 4: TICK [3]
FUN 4: TICK [4]
FUN 4: TICK [5]
FUN 4: TICK [6]
FUN 4: TICK [7]
FUN 4: TICK [8]
FUN 4: TICK [9]
FUN 3 IN BURST[27]
FUN 3: TICK [0]
FUN 3: TICK [1]
FUN 3: TICK [2]
FUN 3: TICK [3]
FUN 3: TICK [4]
FUN 3: TICK [5]
FUN 3: TICK [6]
FUN 3: TICK [7]
FUN 3: TICK [8]
FUN 3: TICK [9]
FUN 4 IN BURST[27]
FUN 4: TICK [0]
FUN 4: TICK [1]
FUN 4: TICK [2]
FUN 4: TICK [3]
FUN 4: TICK [4]
FUN 4: TICK [5]
FUN 4: TICK [6]
FUN 4: TICK [7]
FUN 4: TICK [8]
FUN 4: TICK [9]
FUN 3 IN BURST[28]
FUN 3: TICK [0]
FUN 3: TICK [1]
FUN 3: TICK [2]
FUN 3: TICK [3]
FUN 3: TICK [4]
FUN 3: TICK [5]
FUN 3: TICK [6]
FUN 3: TICK [7]
FUN 3: TICK [8]
FUN 3: TICK [9]
FUN 4 IN BURST[28]
FUN 4: TICK [0]
FUN 4: TICK [1]
FUN 4: TICK [2]
FUN 4: TICK [3]
FUN 4: TICK [4]
FUN 4: TICK [5]
FUN 4: TICK [6]
FUN 4: TICK [7]
FUN 4: TICK [8]
FUN 4: TICK [9]
FUN 3 IN BURST[29]
FUN 3: TICK [0]
FUN 3: TICK [1]
FUN 3: TICK [2]
FUN 3: TICK [3]
FUN 3: TICK [4]
FUN 3: TICK [5]
FUN 3: TICK [6]
FUN 3: TICK [7]
FUN 3: TICK [8]
FUN 3: TICK [9]
FUN 4 IN BURST[29]
FUN 4: TICK [0]
FUN 4: TICK [1]
FUN 4: TICK [2]
FUN 4: TICK [3]
FUN 4: TICK [4]
FUN 4: TICK [5]
FUN 4: TICK [6]
FUN 4: TICK [7]
FUN 4: TICK [8]
FUN 4: TICK [9]
FUN 3 IN BURST[30]
FUN 3: TICK [0]
FUN 3: TICK [1]
FUN 3: TICK [2]
FUN 3: TICK [3]
FUN 3: TICK [4]
FUN 3: TICK [5]
FUN 3: TICK [6]
FUN 3: TICK [7]
FUN 3: TICK [8]
FUN 3: TICK [9]
FUN 4 IN BURST[30]
FUN 4: TICK [0]
FUN 4: TICK [1]
FUN 4: TICK [2]
FUN 4: TICK [3]
FUN 4: TICK [4]
FUN 4: TICK [5]
FUN 4: TICK [6]
FUN 4: TICK [7]
FUN 4: TICK [8]
FUN 4: TICK [9]
FUN 3 IN BURST[31]
FUN 3: TICK [0]
FUN 3: TICK [1]
FUN 3: TICK [2]
FUN 3: TICK [3]
FUN 3: TICK [4]
FUN 3: TICK [5]
FUN 3: TICK [6]
FUN 3: TICK [7]
FUN 3: TICK [8]
FUN 3: TICK [9]
FUN 4 IN BURST[31]
FUN 4: TICK [0]
FUN 4: TICK [1]
FUN 4: TICK [2]
FUN 4: TICK [3]
FUN 4: TICK [4]
FUN 4: TICK [5]
FUN 4: TICK [6]
FUN 4: TICK [7]
FUN 4: TICK [8]
FUN 4: TICK [9]
FUN 3 IN BURST[32]
FUN 3: TICK [0]
FUN 3: TICK [1]
FUN 3: TICK [2]
FUN 3: TICK [3]
FUN 3: TICK [4]
FUN 3: TICK [5]
FUN 3: TICK [6]
FUN 3: TICK [7]
FUN 3: TICK [8]
FUN 3: TICK [9]
FUN 4 IN BURST[32]
FUN 4: TICK [0]
FUN 4: TICK [1]
FUN 4: TICK [2]
FUN 4: TICK [3]
FUN 4: TICK [4]
FUN 4: TICK [5]
FUN 4: TICK [6]
FUN 4: TICK [7]
FUN 4: TICK [8]
FUN 4: TICK [9]
FUN 3 IN BURST[33]
FUN 3: TICK [0]
FUN 3: TICK [1]
FUN 3: TICK [2]
FUN 3: TICK [3]
FUN 3: TICK [4]
FUN 3: TICK [5]
FUN 3: TICK [6]
FUN 3: TICK [7]
FUN 3: TICK [8]
FUN 3: TICK [9]
FUN 4 IN BURST[33]
FUN 4: TICK [0]
FUN 4: TICK [1]
FUN 4: TICK [2]
FUN 4: TICK [3]
FUN 4: TICK [4]
FUN 4: TICK [5]
FUN 4: TICK [6]
FUN 4: TICK [7]
FUN 4: TICK [8]
FUN 4: TICK [9]
FUN 3 IN BURST[34]
FUN 3: TICK [0]
FUN 3: TICK [1]
FUN 3: TICK [2]
FUN 3: TICK [3]
FUN 3: TICK [4]
FUN 3: TICK [5]
FUN 3: TICK [6]
FUN 3: TICK [7]
FUN 3: TICK [8]
FUN 3: TICK [9]
FUN 4 IN BURST[34]
FUN 4: TICK [0]
FUN 4: TICK [1]
FUN 4: TICK [2]
FUN 4: TICK [3]
FUN 4: TICK [4]
FUN 4: TICK [5]
FUN 4: TICK [6]
FUN 4: TICK [7]
FUN 4: TICK [8]
FUN 4: TICK [9]
FUN 3 IN BURST[35]
FUN 3: TICK [0]
FUN 3: TICK [1]
FUN 3: TICK [2]
FUN 3: TICK [3]
FUN 3: TICK [4]
FUN 3: TICK [5]
FUN 3: TICK [6]
FUN 3: TICK [7]
FUN 3: TICK [8]
FUN 3: TICK [9]
FUN 4 IN BURST[35]
FUN 4: TICK [0]
FUN 4: TICK [1]
FUN 4: TICK [2]
FUN 4: TICK [3]
FUN 4: TICK [4]
FUN 4: TICK [5]
FUN 4: TICK [6]
FUN 4: TICK [7]
FUN 4: TICK [8]
FUN 4: TICK [9]
FUN 3 IN BURST[36]
FUN 3: TICK [0]
FUN 3: TICK [1]
FUN 3: TICK [2]
FUN 3: TICK [3]
FUN 3: TICK [4]
FUN 3: TICK [5]
FUN 3: TICK [6]
FUN 3: TICK [7]
FUN 3: TICK [8]
FUN 3: TICK [9]
FUN 4 IN BURST[36]
FUN 4: TICK [0]
FUN 4: TICK [1]
FUN 4: TICK [2]
FUN 4: TICK [3]
FUN 4: TICK [4]
FUN 4: TICK [5]
FUN 4: TICK [6]
FUN 4: TICK [7]
FUN 4: TICK [8]
FUN 4: TICK [9]
FUN 3 IN BURST[37]
FUN 3: TICK [0]
FUN 3: TICK [1]
FUN 3: TICK [2]
FUN 3: TICK [3]
FUN 3: TICK [4]
FUN 3: TICK [5]
FUN 3: TICK [6]
FUN 3: TICK [7]
FUN 3: TICK [8]
FUN 3: TICK [9]
FUN 4 IN BURST[37]
FUN 4: TICK [0]
FUN 4: TICK [1]
FUN 4: TICK [2]
FUN 4: TICK [3]
FUN 4: TICK [4]
FUN 4: TICK [5]
FUN 4: TICK [6]
FUN 4: TICK [7]
FUN 4: TICK [8]
FUN 4: TICK [9]
FUN 3 IN BURST[38]
FUN 3: TICK [0]
FUN 3: TICK [1]
FUN 3: TICK [2]
FUN 3: TICK [3]
FUN 3: TICK [4]
FUN 3: TICK [5]
FUN 3: TICK [6]
FUN 3: TICK [7]
FUN 3: TICK [8]
FUN 3: TICK [9]
FUN 4 IN BURST[38]
FUN 4: TICK [0]
FUN 4: TICK [1]
FUN 4: TICK [2]
FUN 4: TICK [3]
FUN 4: TICK [4]
FUN 4: TICK [5]
FUN 4: TICK [6]
FUN 4: TICK [7]
FUN 4: TICK [8]
FUN 4: TICK [9]
FUN 3 IN BURST[39]
FUN 3: TICK [0]
FUN 3: TICK [1]
FUN 3: TICK [2]
FUN 3: TICK [3]
FUN 3: TICK [4]
FUN 3: TICK [5]
FUN 3: TICK [6]
FUN 3: TICK [7]
FUN 3: TICK [8]
FUN 3: TICK [9]
FUN 4 IN BURST[39]
FUN 4: TICK [0]
FUN 4: TICK [1]
FUN 4: TICK [2]
FUN 4: TICK [3]
FUN 4: TICK [4]
FUN 4: TICK [5]
FUN 4: TICK [6]
FUN 4: TICK [7]
FUN 4: TICK [8]
FUN 4: TICK [9]
FUN 3 IN BURST[40]
FUN 3: TICK [0]
FUN 3: TICK [1]
FUN 3: TICK [2]
FUN 3: TICK [3]
FUN 3: TICK [4]
FUN 3: TICK [5]
FUN 3: TICK [6]
FUN 3: TICK [7]
FUN 3: TICK [8]
FUN 3: TICK [9]
FUN 4 IN BURST[40]
FUN 4: TICK [0]
FUN 4: TICK [1]
FUN 4: TICK [2]
FUN 4: TICK [3]
FUN 4: TICK [4]
FUN 4: TICK [5]
FUN 4: TICK [6]
FUN 4: TICK [7]
FUN 4: TICK [8]
FUN 4: TICK [9]
FUN 3 IN BURST[41]
FUN 3: TICK [0]
FUN 3: TICK [1]
FUN 3: TICK [2]
FUN 3: TICK [3]
FUN 3: TICK [4]
FUN 3: TICK [5]
FUN 3: TICK [6]
FUN 3: TICK [7]
FUN 3: TICK [8]
FUN 3: TICK [9]
FUN 4 IN BURST[41]
FUN 4: TICK [0]
FUN 4: TICK [1]
FUN 4: TICK [2]
FUN 4: TICK [3]
FUN 4: TICK [4]
FUN 4: TICK [5]
FUN 4: TICK [6]
FUN 4: TICK [7]
FUN 4: TICK [8]
FUN 4: TICK [9]
FUN 3 IN BURST[42]
FUN 3: TICK [0]
FUN 3: TICK [1]
FUN 3: TICK [2]
FUN 3: TICK [3]
FUN 3: TICK [4]
FUN 3: TICK [5]
FUN 3: TICK [6]
FUN 3: TICK [7]
FUN 3: TICK [8]
FUN 3: TICK [9]
FUN 4 IN BURST[42]
FUN 4: TICK [0]
FUN 4: TICK [1]
FUN 4: TICK [2]
FUN 4: TICK [3]
FUN 4: TICK [4]
FUN 4: TICK [5]
FUN 4: TICK [6]
FUN 4: TICK [7]
FUN 4: TICK [8]
FUN 4: TICK [9]
FUN 3 IN BURST[43]
FUN 3: TICK [0]
FUN 3: TICK [1]
FUN 3: TICK [2]
FUN 3: TICK [3]
FUN 3: TICK [4]
FUN 3: TICK [5]
FUN 3: TICK [6]
FUN 3: TICK [7]
FUN 3: TICK [8]
FUN 3: TICK [9]
FUN 4 IN BURST[43]
FUN 4: TICK [0]
FUN 4: TICK [1]
FUN 4: TICK [2]
FUN 4: TICK [3]
FUN 4: TICK [4]
FUN 4: TICK [5]
FUN 4: TICK [6]
FUN 4: TICK [7]
FUN 4: TICK [8]
FUN 4: TICK [9]
FUN 3 IN BURST[44]
FUN 3: TICK [0]
FUN 3: TICK [1]
FUN 3: TICK [2]
FUN 3: TICK [3]
FUN 3: TICK [4]
FUN 3: TICK [5]
FUN 3: TICK [6]
FUN 3: TICK [7]
FUN 3: TICK [8]
FUN 3: TICK [9]
FUN 4 IN BURST[44]
FUN 4: TICK [0]
FUN 4: TICK [1]
FUN 4: TICK [2]
FUN 4: TICK [3]
FUN 4: TICK [4]
FUN 4: TICK [5]
FUN 4: TICK [6]
FUN 4: TICK [7]
FUN 4: TICK [8]
FUN 4: TICK [9]
FUN 3 IN BURST[45]
FUN 3: TICK [0]
FUN 3: TICK [1]
FUN 3: TICK [2]
FUN 3: TICK [3]
FUN 3: TICK [4]
FUN 3: TICK [5]
FUN 3: TICK [6]
FUN 3: TICK [7]
FUN 3: TICK [8]
FUN 3: TICK [9]
FUN 4 IN BURST[45]
FUN 4: TICK [0]
FUN 4: TICK [1]
FUN 4: TICK [2]
FUN 4: TICK [3]
FUN 4: TICK [4]
FUN 4: TICK [5]
FUN 4: TICK [6]
FUN 4: TICK [7]
FUN 4: TICK [8]
FUN 4: TICK [9]
FUN 3 IN BURST[46]
FUN 3: TICK [0]
FUN 3: TICK [1]
FUN 3: TICK [2]
FUN 3: TICK [3]
FUN 3: TICK [4]
FUN 3: TICK [5]
FUN 3: TICK [6]
FUN 3: TICK [7]
FUN 3: TICK [8]
FUN 3: TICK [9]
FUN 4 IN BURST[46]
FUN 4: TICK [0]
FUN 4: TICK [1]
FUN 4: TICK [2]
FUN 4: TICK [3]
FUN 4: TICK [4]
FUN 4: TICK [5]
FUN 4: TICK [6]
FUN 4: TICK [7]
FUN 4: TICK [8]
FUN 4: TICK [9]
FUN 3 IN BURST[47]
FUN 3: TICK [0]
FUN 3: TICK [1]
FUN 3: TICK [2]
FUN 3: TICK [3]
FUN 3: TICK [4]
FUN 3: TICK [5]
FUN 3: TICK [6]
FUN 3: TICK [7]
FUN 3: TICK [8]
FUN 3: TICK [9]
FUN 4 IN BURST[47]
FUN 4: TICK [0]
FUN 4: TICK [1]
FUN 4: TICK [2]
FUN 4: TICK [3]
FUN 4: TICK [4]
FUN 4: TICK [5]
FUN 4: TICK [6]
FUN 4: TICK [7]
FUN 4: TICK [8]
FUN 4: TICK [9]
FUN 3 IN BURST[48]
FUN 3: TICK [0]
FUN 3: TICK [1]
FUN 3: TICK [2]
FUN 3: TICK [3]
FUN 3: TICK [4]
FUN 3: TICK [5]
FUN 3: TICK [6]
FUN 3: TICK [7]
FUN 3: TICK [8]
FUN 3: TICK [9]
FUN 4 IN BURST[48]
FUN 4: TICK [0]
FUN 4: TICK [1]
FUN 4: TICK [2]
FUN 4: TICK [3]
FUN 4: TICK [4]
FUN 4: TICK [5]
FUN 4: TICK [6]
FUN 4: TICK [7]
FUN 4: TICK [8]
FUN 4: TICK [9]
FUN 3 IN BURST[49]
FUN 3: TICK [0]
FUN 3: TICK [1]
FUN 3: TICK [2]
FUN 3: TICK [3]
FUN 3: TICK [4]
FUN 3: TICK [5]
FUN 3: TICK [6]
FUN 3: TICK [7]
FUN 3: TICK [8]
FUN 3: TICK [9]
FUN 4 IN BURST[49]
FUN 4: TICK [0]
FUN 4: TICK [1]
FUN 4: TICK [2]
FUN 4: TICK [3]
FUN 4: TICK [4]
FUN 4: TICK [5]
FUN 4: TICK [6]
FUN 4: TICK [7]
FUN 4: TICK [8]
FUN 4: TICK [9]
FUN 3 IN BURST[50]
FUN 3: TICK [0]
FUN 3: TICK [1]
FUN 3: TICK [2]
FUN 3: TICK [3]
FUN 3: TICK [4]
FUN 3: TICK [5]
FUN 3: TICK [6]
FUN 3: TICK [7]
FUN 3: TICK [8]
FUN 3: TICK [9]
FUN 4 IN BURST[50]
FUN 4: TICK [0]
FUN 4: TICK [1]
FUN 4: TICK [2]
FUN 4: TICK [3]
FUN 4: TICK [4]
FUN 4: TICK [5]
FUN 4: TICK [6]
FUN 4: TICK [7]
FUN 4: TICK [8]
FUN 4: TICK [9]
FUN 3 IN BURST[51]
FUN 3: TICK [0]
FUN 3: TICK [1]
FUN 3: TICK [2]
FUN 3: TICK [3]
FUN 3: TICK [4]
FUN 3: TICK [5]
FUN 3: TICK [6]
FUN 3: TICK [7]
FUN 3: TICK [8]
FUN 3: TICK [9]
FUN 4 IN BURST[51]
FUN 4: TICK [0]
FUN 4: TICK [1]
FUN 4: TICK [2]
FUN 4: TICK [3]
FUN 4: TICK [4]
FUN 4: TICK [5]
FUN 4: TICK [6]
FUN 4: TICK [7]
FUN 4: TICK [8]
FUN 4: TICK [9]
FUN 3 IN BURST[52]
FUN 3: TICK [0]
FUN 3: TICK [1]
FUN 3: TICK [2]
FUN 3: TICK [3]
FUN 3: TICK [4]
FUN 3: TICK [5]
FUN 3: TICK [6]
FUN 3: TICK [7]
FUN 3: TICK [8]
FUN 3: TICK [9]
FUN 4 IN BURST[52]
FUN 4: TICK [0]
FUN 4: TICK [1]
FUN 4: TICK [2]
FUN 4: TICK [3]
FUN 4: TICK [4]
FUN 4: TICK [5]
FUN 4: TICK [6]
FUN 4: TICK [7]
FUN 4: TICK [8]
FUN 4: TICK [9]
FUN 3 IN BURST[53]
FUN 3: TICK [0]
FUN 3: TICK [1]
FUN 3: TICK [2]
FUN 3: TICK [3]
FUN 3: TICK [4]
FUN 3: TICK [5]
FUN 3: TICK [6]
FUN 3: TICK [7]
FUN 3: TICK [8]
FUN 3: TICK [9]
FUN 4 IN BURST[53]
FUN 4: TICK [0]
FUN 4: TICK [1]
FUN 4: TICK [2]
FUN 4: TICK [3]
FUN 4: TICK [4]
FUN 4: TICK [5]
FUN 4: TICK [6]
FUN 4: TICK [7]
FUN 4: TICK [8]
FUN 4: TICK [9]
FUN 3 IN BURST[54]
FUN 3: TICK [0]
FUN 3: TICK [1]
FUN 3: TICK [2]
FUN 3: TICK [3]
FUN 3: TICK [4]
FUN 3: TICK [5]
FUN 3: TICK [6]
FUN 3: TICK [7]
FUN 3: TICK [8]
FUN 3: TICK [9]
FUN 4 IN BURST[54]
FUN 4: TICK [0]
FUN 4: TICK [1]
FUN 4: TICK [2]
FUN 4: TICK [3]
FUN 4: TICK [4]
FUN 4: TICK [5]
FUN 4: TICK [6]
FUN 4: TICK [7]
FUN 4: TICK [8]
FUN 4: TICK [9]
FUN 3 IN BURST[55]
FUN 3: TICK [0]
FUN 3: TICK [1]
FUN 3: TICK [2]
FUN 3: TICK [3]
FUN 3: TICK [4]
FUN 3: TICK [5]
FUN 3: TICK [6]
FUN 3: TICK [7]
FUN 3: TICK [8]
FUN 3: TICK [9]
FUN 4 IN BURST[55]
FUN 4: TICK [0]
FUN 4: TICK [1]
FUN 4: TICK [2]
FUN 4: TICK [3]
FUN 4: TICK [4]
FUN 4: TICK [5]
FUN 4: TICK [6]
FUN 4: TICK [7]
FUN 4: TICK [8]
FUN 4: TICK [9]
FUN 3 IN BURST[56]
FUN 3: TICK [0]
FUN 3: TICK [1]
FUN 3: TICK [2]
FUN 3: TICK [3]
FUN 3: TICK [4]
FUN 3: TICK [5]
FUN 3: TICK [6]
FUN 3: TICK [7]
FUN 3: TICK [8]
FUN 3: TICK [9]
FUN 4 IN BURST[56]
FUN 4: TICK [0]
FUN 4: TICK [1]
FUN 4: TICK [2]
FUN 4: TICK [3]
FUN 4: TICK [4]
FUN 4: TICK [5]
FUN 4: TICK [6]
FUN 4: TICK [7]
FUN 4: TICK [8]
FUN 4: TICK [9]
FUN 3 IN BURST[57]
FUN 3: TICK [0]
FUN 3: TICK [1]
FUN 3: TICK [2]
FUN 3: TICK [3]
FUN 3: TICK [4]
FUN 3: TICK [5]
FUN 3: TICK [6]
FUN 3: TICK [7]
FUN 3: TICK [8]
FUN 3: TICK [9]
FUN 4 IN BURST[57]
FUN 4: TICK [0]
FUN 4: TICK [1]
FUN 4: TICK [2]
FUN 4: TICK [3]
FUN 4: TICK [4]
FUN 4: TICK [5]
FUN 4: TICK [6]
FUN 4: TICK [7]
FUN 4: TICK [8]
FUN 4: TICK [9]
FUN 3 IN BURST[58]
FUN 3: TICK [0]
FUN 3: TICK [1]
FUN 3: TICK [2]
FUN 3: TICK [3]
FUN 3: TICK [4]
FUN 3: TICK [5]
FUN 3: TICK [6]
FUN 3: TICK [7]
FUN 3: TICK [8]
FUN 3: TICK [9]
FUN 4 IN BURST[58]
FUN 4: TICK [0]
FUN 4: TICK [1]
FUN 4: TICK [2]
FUN 4: TICK [3]
FUN 4: TICK [4]
FUN 4: TICK [5]
FUN 4: TICK [6]
FUN 4: TICK [7]
FUN 4: TICK [8]
FUN 4: TICK [9]
FUN 3 IN BURST[59]
FUN 3: TICK [0]
FUN 3: TICK [1]
FUN 3: TICK [2]
FUN 3: TICK [3]
FUN 3: TICK [4]
FUN 3: TICK [5]
FUN 3: TICK [6]
FUN 3: TICK [7]
FUN 3: TICK [8]
FUN 3: TICK [9]
FUN 4 IN BURST[59]
FUN 4: TICK [0]
FUN 4: TICK [1]
FUN 4: TICK [2]
FUN 4: TICK [3]
FUN 4: TICK [4]
FUN 4: TICK [5]
FUN 4: TICK [6]
FUN 4: TICK [7]
FUN 4: TICK [8]
FUN 4: TICK [9]
FUN 3 IN BURST[60]
FUN 3: TICK [0]
FUN 3: TICK [1]
FUN 3: TICK [2]
FUN 3: TICK [3]
FUN 3: TICK [4]
FUN 3: TICK [5]
FUN 3: TICK [6]
FUN 3: TICK [7]
FUN 3: TICK [8]
FUN 3: TICK [9]
FUN 4 IN BURST[60]
FUN 4: TICK [0]
FUN 4: TICK [1]
FUN 4: TICK [2]
FUN 4: TICK [3]
FUN 4: TICK [4]
FUN 4: TICK [5]
FUN 4: TICK [6]
FUN 4: TICK [7]
FUN 4: TICK [8]
FUN 4: TICK [9]
FUN 3 IN BURST[61]
FUN 3: TICK [0]
FUN 3: TICK [1]
FUN 3: TICK [2]
FUN 3: TICK [3]
FUN 3: TICK [4]
FUN 3: TICK [5]
FUN 3: TICK [6]
FUN 3: TICK [7]
FUN 3: TICK [8]
FUN 3: TICK [9]
FUN 4 IN BURST[61]
FUN 4: TICK [0]
FUN 4: TICK [1]
FUN 4: TICK [2]
FUN 4: TICK [3]
FUN 4: TICK [4]
FUN 4: TICK [5]
FUN 4: TICK [6]
FUN 4: TICK [7]
FUN 4: TICK [8]
FUN 4: TICK [9]
FUN 3 IN BURST[62]
FUN 3: TICK [0]
FUN 3: TICK [1]
FUN 3: TICK [2]
FUN 3: TICK [3]
FUN 3: TICK [4]
FUN 3: TICK [5]
FUN 3: TICK [6]
FUN 3: TICK [7]
FUN 3: TICK [8]
FUN 3: TICK [9]
FUN 4 IN BURST[62]
FUN 4: TICK [0]
FUN 4: TICK [1]
FUN 4: TICK [2]
FUN 4: TICK [3]
FUN 4: TICK [4]
FUN 4: TICK [5]
FUN 4: TICK [6]
FUN 4: TICK [7]
FUN 4: TICK [8]
FUN 4: TICK [9]
FUN 3 IN BURST[63]
FUN 3: TICK [0]
FUN 3: TICK [1]
FUN 3: TICK [2]
FUN 3: TICK [3]
One second has passed
FUN 3: TICK [4]
FUN 3: TICK [5]
FUN 3: TICK [6]
FUN 3: TICK [7]
FUN 3: TICK [8]
FUN 3: TICK [9]
FUN 4 IN BURST[63]
FUN 4: TICK [0]
FUN 4: TICK [1]
FUN 4: TICK [2]
FUN 4: TICK [3]
FUN 4: TICK [4]
FUN 4: TICK [5]
FUN 4: TICK [6]
FUN 4: TICK [7]
FUN 4: TICK [8]
FUN 4: TICK [9]
FUN 3 IN BURST[64]
FUN 3: TICK [0]
FUN 3: TICK [1]
FUN 3: TICK [2]
FUN 3: TICK [3]
FUN 3: TICK [4]
FUN 3: TICK [5]
FUN 3: TICK [6]
FUN 3: TICK [7]
FUN 3: TICK [8]
FUN 3: TICK [9]
FUN 4 IN BURST[64]
FUN 4: TICK [0]
FUN 4: TICK [1]
FUN 4: TICK [2]
FUN 4: TICK [3]
FUN 4: TICK [4]
FUN 4: TICK [5]
FUN 4: TICK [6]
FUN 4: TICK [7]
FUN 4: TICK [8]
FUN 4: TICK [9]
FUN 3 IN BURST[65]
FUN 3: TICK [0]
FUN 3: TICK [1]
FUN 3: TICK [2]
FUN 3: TICK [3]
FUN 3: TICK [4]
FUN 3: TICK [5]
FUN 3: TICK [6]
FUN 3: TICK [7]
FUN 3: TICK [8]
FUN 3: TICK [9]
FUN 4 IN BURST[65]
FUN 4: TICK [0]
FUN 4: TICK [1]
FUN 4: TICK [2]
FUN 4: TICK [3]
FUN 4: TICK [4]
FUN 4: TICK [5]
FUN 4: TICK [6]
FUN 4: TICK [7]
FUN 4: TICK [8]
FUN 4: TICK [9]
FUN 3 IN BURST[66]
FUN 3: TICK [0]
FUN 3: TICK [1]
FUN 3: TICK [2]
FUN 3: TICK [3]
FUN 3: TICK [4]
FUN 3: TICK [5]
FUN 3: TICK [6]
FUN 3: TICK [7]
FUN 3: TICK [8]
FUN 3: TICK [9]
FUN 4 IN BURST[66]
FUN 4: TICK [0]
FUN 4: TICK [1]
FUN 4: TICK [2]
FUN 4: TICK [3]
FUN 4: TICK [4]
FUN 4: TICK [5]
FUN 4: TICK [6]
FUN 4: TICK [7]
FUN 4: TICK [8]
FUN 4: TICK [9]
FUN 3 IN BURST[67]
FUN 3: TICK [0]
FUN 3: TICK [1]
FUN 3: TICK [2]
FUN 3: TICK [3]
FUN 3: TICK [4]
FUN 3: TICK [5]
FUN 3: TICK [6]
FUN 3: TICK [7]
FUN 3: TICK [8]
FUN 3: TICK [9]
FUN 4 IN BURST[67]
FUN 4: TICK [0]
FUN 4: TICK [1]
FUN 4: TICK [2]
FUN 4: TICK [3]
FUN 4: TICK [4]
FUN 4: TICK [5]
FUN 4: TICK [6]
FUN 4: TICK [7]
FUN 4: TICK [8]
FUN 4: TICK [9]
FUN 3 IN BURST[68]
FUN 3: TICK [0]
FUN 3: TICK [1]
FUN 3: TICK [2]
FUN 3: TICK [3]
FUN 3: TICK [4]
FUN 3: TICK [5]
FUN 3: TICK [6]
FUN 3: TICK [7]
FUN 3: TICK [8]
FUN 3: TICK [9]
FUN 4 IN BURST[68]
FUN 4: TICK [0]
FUN 4: TICK [1]
FUN 4: TICK [2]
FUN 4: TICK [3]
FUN 4: TICK [4]
FUN 4: TICK [5]
FUN 4: TICK [6]
FUN 4: TICK [7]
FUN 4: TICK [8]
FUN 4: TICK [9]
FUN 3 IN BURST[69]
FUN 3: TICK [0]
FUN 3: TICK [1]
FUN 3: TICK [2]
FUN 3: TICK [3]
FUN 3: TICK [4]
FUN 3: TICK [5]
FUN 3: TICK [6]
FUN 3: TICK [7]
FUN 3: TICK [8]
FUN 3: TICK [9]
FUN 4 IN BURST[69]
FUN 4: TICK [0]
FUN 4: TICK [1]
FUN 4: TICK [2]
FUN 4: TICK [3]
FUN 4: TICK [4]
FUN 4: TICK [5]
FUN 4: TICK [6]
FUN 4: TICK [7]
FUN 4: TICK [8]
FUN 4: TICK [9]
FUN 3 IN BURST[70]
FUN 3: TICK [0]
FUN 3: TICK [1]
FUN 3: TICK [2]
FUN 3: TICK [3]
FUN 3: TICK [4]
FUN 3: TICK [5]
FUN 3: TICK [6]
FUN 3: TICK [7]
FUN 3: TICK [8]
FUN 3: TICK [9]
FUN 4 IN BURST[70]
FUN 4: TICK [0]
FUN 4: TICK [1]
FUN 4: TICK [2]
FUN 4: TICK [3]
FUN 4: TICK [4]
FUN 4: TICK [5]
FUN 4: TICK [6]
FUN 4: TICK [7]
FUN 4: TICK [8]
FUN 4: TICK [9]
FUN 3 IN BURST[71]
FUN 3: TICK [0]
FUN 3: TICK [1]
FUN 3: TICK [2]
FUN 3: TICK [3]
FUN 3: TICK [4]
FUN 3: TICK [5]
FUN 3: TICK [6]
FUN 3: TICK [7]
FUN 3: TICK [8]
FUN 3: TICK [9]
FUN 4 IN BURST[71]
FUN 4: TICK [0]
FUN 4: TICK [1]
FUN 4: TICK [2]
FUN 4: TICK [3]
FUN 4: TICK [4]
FUN 4: TICK [5]
FUN 4: TICK [6]
FUN 4: TICK [7]
FUN 4: TICK [8]
FUN 4: TICK [9]
FUN 3 IN BURST[72]
FUN 3: TICK [0]
FUN 3: TICK [1]
FUN 3: TICK [2]
FUN 3: TICK [3]
FUN 3: TICK [4]
FUN 3: TICK [5]
FUN 3: TICK [6]
FUN 3: TICK [7]
FUN 3: TICK [8]
FUN 3: TICK [9]
FUN 4 IN BURST[72]
FUN 4: TICK [0]
FUN 4: TICK [1]
FUN 4: TICK [2]
FUN 4: TICK [3]
FUN 4: TICK [4]
FUN 4: TICK [5]
FUN 4: TICK [6]
FUN 4: TICK [7]
FUN 4: TICK [8]
FUN 4: TICK [9]
FUN 3 IN BURST[73]
FUN 3: TICK [0]
FUN 3: TICK [1]
FUN 3: TICK [2]
FUN 3: TICK [3]
FUN 3: TICK [4]
FUN 3: TICK [5]
FUN 3: TICK [6]
FUN 3: TICK [7]
FUN 3: TICK [8]
FUN 3: TICK [9]
FUN 4 IN BURST[73]
FUN 4: TICK [0]
FUN 4: TICK [1]
FUN 4: TICK [2]
FUN 4: TICK [3]
FUN 4: TICK [4]
FUN 4: TICK [5]
FUN 4: TICK [6]
FUN 4: TICK [7]
FUN 4: TICK [8]
FUN 4: TICK [9]
FUN 3 IN BURST[74]
FUN 3: TICK [0]
FUN 3: TICK [1]
FUN 3: TICK [2]
FUN 3: TICK [3]
FUN 3: TICK [4]
FUN 3: TICK [5]
FUN 3: TICK [6]
FUN 3: TICK [7]
FUN 3: TICK [8]
FUN 3: TICK [9]
FUN 4 IN BURST[74]
FUN 4: TICK [0]
FUN 4: TICK [1]
FUN 4: TICK [2]
FUN 4: TICK [3]
FUN 4: TICK [4]
FUN 4: TICK [5]
FUN 4: TICK [6]
FUN 4: TICK [7]
FUN 4: TICK [8]
FUN 4: TICK [9]
FUN 3 IN BURST[75]
FUN 3: TICK [0]
FUN 3: TICK [1]
FUN 3: TICK [2]
FUN 3: TICK [3]
FUN 3: TICK [4]
FUN 3: TICK [5]
FUN 3: TICK [6]
FUN 3: TICK [7]
FUN 3: TICK [8]
FUN 3: TICK [9]
FUN 4 IN BURST[75]
FUN 4: TICK [0]
FUN 4: TICK [1]
FUN 4: TICK [2]
FUN 4: TICK [3]
FUN 4: TICK [4]
FUN 4: TICK [5]
FUN 4: TICK [6]
FUN 4: TICK [7]
FUN 4: TICK [8]
FUN 4: TICK [9]
FUN 3 IN BURST[76]
FUN 3: TICK [0]
FUN 3: TICK [1]
FUN 3: TICK [2]
FUN 3: TICK [3]
FUN 3: TICK [4]
FUN 3: TICK [5]
FUN 3: TICK [6]
FUN 3: TICK [7]
FUN 3: TICK [8]
FUN 3: TICK [9]
FUN 4 IN BURST[76]
FUN 4: TICK [0]
FUN 4: TICK [1]
FUN 4: TICK [2]
FUN 4: TICK [3]
FUN 4: TICK [4]
FUN 4: TICK [5]
FUN 4: TICK [6]
FUN 4: TICK [7]
FUN 4: TICK [8]
FUN 4: TICK [9]
FUN 3 IN BURST[77]
FUN 3: TICK [0]
FUN 3: TICK [1]
FUN 3: TICK [2]
FUN 3: TICK [3]
FUN 3: TICK [4]
FUN 3: TICK [5]
FUN 3: TICK [6]
FUN 3: TICK [7]
FUN 3: TICK [8]
FUN 3: TICK [9]
FUN 4 IN BURST[77]
FUN 4: TICK [0]
FUN 4: TICK [1]
FUN 4: TICK [2]
FUN 4: TICK [3]
FUN 4: TICK [4]
FUN 4: TICK [5]
FUN 4: TICK [6]
FUN 4: TICK [7]
FUN 4: TICK [8]
FUN 4: TICK [9]
FUN 3 IN BURST[78]
FUN 3: TICK [0]
FUN 3: TICK [1]
FUN 3: TICK [2]
FUN 3: TICK [3]
FUN 3: TICK [4]
FUN 3: TICK [5]
FUN 3: TICK [6]
FUN 3: TICK [7]
FUN 3: TICK [8]
FUN 3: TICK [9]
FUN 4 IN BURST[78]
FUN 4: TICK [0]
FUN 4: TICK [1]
FUN 4: TICK [2]
FUN 4: TICK [3]
FUN 4: TICK [4]
FUN 4: TICK [5]
FUN 4: TICK [6]
FUN 4: TICK [7]
FUN 4: TICK [8]
FUN 4: TICK [9]
FUN 3 IN BURST[79]
FUN 3: TICK [0]
FUN 3: TICK [1]
FUN 3: TICK [2]
FUN 3: TICK [3]
FUN 3: TICK [4]
FUN 3: TICK [5]
FUN 3: TICK [6]
FUN 3: TICK [7]
FUN 3: TICK [8]
FUN 3: TICK [9]
FUN 4 IN BURST[79]
FUN 4: TICK [0]
FUN 4: TICK [1]
FUN 4: TICK [2]
FUN 4: TICK [3]
FUN 4: TICK [4]
FUN 4: TICK [5]
FUN 4: TICK [6]
FUN 4: TICK [7]
FUN 4: TICK [8]
FUN 4: TICK [9]
FUN 3 IN BURST[80]
FUN 3: TICK [0]
FUN 3: TICK [1]
FUN 3: TICK [2]
FUN 3: TICK [3]
FUN 3: TICK [4]
FUN 3: TICK [5]
FUN 3: TICK [6]
FUN 3: TICK [7]
FUN 3: TICK [8]
FUN 3: TICK [9]
FUN 4 IN BURST[80]
FUN 4: TICK [0]
FUN 4: TICK [1]
FUN 4: TICK [2]
FUN 4: TICK [3]
FUN 4: TICK [4]
FUN 4: TICK [5]
FUN 4: TICK [6]
FUN 4: TICK [7]
FUN 4: TICK [8]
FUN 4: TICK [9]
FUN 3 IN BURST[81]
FUN 3: TICK [0]
FUN 3: TICK [1]
FUN 3: TICK [2]
FUN 3: TICK [3]
FUN 3: TICK [4]
FUN 3: TICK [5]
FUN 3: TICK [6]
FUN 3: TICK [7]
FUN 3: TICK [8]
FUN 3: TICK [9]
FUN 4 IN BURST[81]
FUN 4: TICK [0]
FUN 4: TICK [1]
FUN 4: TICK [2]
FUN 4: TICK [3]
FUN 4: TICK [4]
FUN 4: TICK [5]
FUN 4: TICK [6]
FUN 4: TICK [7]
FUN 4: TICK [8]
FUN 4: TICK [9]
FUN 3 IN BURST[82]
FUN 3: TICK [0]
FUN 3: TICK [1]
FUN 3: TICK [2]
FUN 3: TICK [3]
FUN 3: TICK [4]
FUN 3: TICK [5]
FUN 3: TICK [6]
FUN 3: TICK [7]
FUN 3: TICK [8]
FUN 3: TICK [9]
FUN 4 IN BURST[82]
FUN 4: TICK [0]
FUN 4: TICK [1]
FUN 4: TICK [2]
FUN 4: TICK [3]
FUN 4: TICK [4]
FUN 4: TICK [5]
FUN 4: TICK [6]
FUN 4: TICK [7]
FUN 4: TICK [8]
FUN 4: TICK [9]
FUN 3 IN BURST[83]
FUN 3: TICK [0]
FUN 3: TICK [1]
FUN 3: TICK [2]
FUN 3: TICK [3]
FUN 3: TICK [4]
FUN 3: TICK [5]
FUN 3: TICK [6]
FUN 3: TICK [7]
FUN 3: TICK [8]
FUN 3: TICK [9]
FUN 4 IN BURST[83]
FUN 4: TICK [0]
FUN 4: TICK [1]
FUN 4: TICK [2]
FUN 4: TICK [3]
FUN 4: TICK [4]
FUN 4: TICK [5]
FUN 4: TICK [6]
FUN 4: TICK [7]
FUN 4: TICK [8]
FUN 4: TICK [9]
FUN 3 IN BURST[84]
FUN 3: TICK [0]
FUN 3: TICK [1]
FUN 3: TICK [2]
FUN 3: TICK [3]
FUN 3: TICK [4]
FUN 3: TICK [5]
FUN 3: TICK [6]
FUN 3: TICK [7]
FUN 3: TICK [8]
FUN 3: TICK [9]
FUN 4 IN BURST[84]
FUN 4: TICK [0]
FUN 4: TICK [1]
FUN 4: TICK [2]
FUN 4: TICK [3]
FUN 4: TICK [4]
FUN 4: TICK [5]
FUN 4: TICK [6]
FUN 4: TICK [7]
FUN 4: TICK [8]
FUN 4: TICK [9]
FUN 3 IN BURST[85]
FUN 3: TICK [0]
FUN 3: TICK [1]
FUN 3: TICK [2]
FUN 3: TICK [3]
FUN 3: TICK [4]
FUN 3: TICK [5]
FUN 3: TICK [6]
FUN 3: TICK [7]
FUN 3: TICK [8]
FUN 3: TICK [9]
FUN 4 IN BURST[85]
FUN 4: TICK [0]
FUN 4: TICK [1]
FUN 4: TICK [2]
FUN 4: TICK [3]
FUN 4: TICK [4]
FUN 4: TICK [5]
FUN 4: TICK [6]
FUN 4: TICK [7]
FUN 4: TICK [8]
FUN 4: TICK [9]
FUN 3 IN BURST[86]
FUN 3: TICK [0]
FUN 3: TICK [1]
FUN 3: TICK [2]
FUN 3: TICK [3]
FUN 3: TICK [4]
FUN 3: TICK [5]
FUN 3: TICK [6]
FUN 3: TICK [7]
FUN 3: TICK [8]
FUN 3: TICK [9]
FUN 4 IN BURST[86]
FUN 4: TICK [0]
FUN 4: TICK [1]
FUN 4: TICK [2]
FUN 4: TICK [3]
FUN 4: TICK [4]
FUN 4: TICK [5]
FUN 4: TICK [6]
FUN 4: TICK [7]
FUN 4: TICK [8]
FUN 4: TICK [9]
FUN 3 IN BURST[87]
FUN 3: TICK [0]
FUN 3: TICK [1]
FUN 3: TICK [2]
FUN 3: TICK [3]
FUN 3: TICK [4]
FUN 3: TICK [5]
FUN 3: TICK [6]
FUN 3: TICK [7]
FUN 3: TICK [8]
FUN 3: TICK [9]
FUN 4 IN BURST[87]
FUN 4: TICK [0]
FUN 4: TICK [1]
FUN 4: TICK [2]
FUN 4: TICK [3]
FUN 4: TICK [4]
FUN 4: TICK [5]
FUN 4: TICK [6]
FUN 4: TICK [7]
FUN 4: TICK [8]
FUN 4: TICK [9]
FUN 3 IN BURST[88]
FUN 3: TICK [0]
FUN 3: TICK [1]
FUN 3: TICK [2]
FUN 3: TICK [3]
FUN 3: TICK [4]
FUN 3: TICK [5]
FUN 3: TICK [6]
FUN 3: TICK [7]
FUN 3: TICK [8]
FUN 3: TICK [9]
FUN 4 IN BURST[88]
FUN 4: TICK [0]
FUN 4: TICK [1]
FUN 4: TICK [2]
FUN 4: TICK [3]
FUN 4: TICK [4]
FUN 4: TICK [5]
FUN 4: TICK [6]
FUN 4: TICK [7]
FUN 4: TICK [8]
FUN 4: TICK [9]
FUN 3 IN BURST[89]
FUN 3: TICK [0]
FUN 3: TICK [1]
FUN 3: TICK [2]
FUN 3: TICK [3]
FUN 3: TICK [4]
FUN 3: TICK [5]
FUN 3: TICK [6]
FUN 3: TICK [7]
FUN 3: TICK [8]
FUN 3: TICK [9]
FUN 4 IN BURST[89]
FUN 4: TICK [0]
FUN 4: TICK [1]
FUN 4: TICK [2]
FUN 4: TICK [3]
FUN 4: TICK [4]
FUN 4: TICK [5]
FUN 4: TICK [6]
FUN 4: TICK [7]
FUN 4: TICK [8]
FUN 4: TICK [9]
FUN 3 IN BURST[90]
FUN 3: TICK [0]
FUN 3: TICK [1]
FUN 3: TICK [2]
FUN 3: TICK [3]
FUN 3: TICK [4]
FUN 3: TICK [5]
FUN 3: TICK [6]
FUN 3: TICK [7]
FUN 3: TICK [8]
FUN 3: TICK [9]
FUN 4 IN BURST[90]
FUN 4: TICK [0]
FUN 4: TICK [1]
FUN 4: TICK [2]
FUN 4: TICK [3]
FUN 4: TICK [4]
FUN 4: TICK [5]
FUN 4: TICK [6]
FUN 4: TICK [7]
FUN 4: TICK [8]
FUN 4: TICK [9]
FUN 3 IN BURST[91]
FUN 3: TICK [0]
FUN 3: TICK [1]
FUN 3: TICK [2]
FUN 3: TICK [3]
FUN 3: TICK [4]
FUN 3: TICK [5]
FUN 3: TICK [6]
FUN 3: TICK [7]
FUN 3: TICK [8]
FUN 3: TICK [9]
FUN 4 IN BURST[91]
FUN 4: TICK [0]
FUN 4: TICK [1]
FUN 4: TICK [2]
FUN 4: TICK [3]
FUN 4: TICK [4]
FUN 4: TICK [5]
FUN 4: TICK [6]
FUN 4: TICK [7]
FUN 4: TICK [8]
FUN 4: TICK [9]
FUN 3 IN BURST[92]
FUN 3: TICK [0]
FUN 3: TICK [1]
