Darwin
qemu-system-x86_64 -kernel kernel.bin -serial stdio \
-device piix3-ide,id=ide -drive id=disk,file=c.img,format=raw,if=none -device ide-hd,drive=disk,bus=ide.0
Installed exception handler at ISR <0>
Allocating Memory Pool... done
Installed interrupt handler at IRQ <0>
Constructed Scheduler.
Constructed object of non blocking disk.
Hello World!
CREATING THREAD 1...
esp = <2109220>
done
DONE
CREATING THREAD 2...esp = <2113340>
done
DONE
CREATING THREAD 3...esp = <2117460>
done
DONE
CREATING THREAD 4...esp = <2121580>
done
DONE
STARTING THREAD 1 ...
THREAD: 0
FUN 1 INVOKED!
FUN 1 IN ITERATION[0]
FUN 1: TICK [0]
FUN 1: TICK [1]
FUN 1: TICK [2]
FUN 1: TICK [3]
FUN 1: TICK [4]
FUN 1: TICK [5]
FUN 1: TICK [6]
FUN 1: TICK [7]
FUN 1: TICK [8]
FUN 1: TICK [9]
.<0>THREAD: 1
FUN 2 INVOKED!
FUN 2 IN ITERATION[0]
Reading Block 1 from disk...
Lock acquired
INTERRUPT NO: 14
NO DEFAULT INTERRUPT HANDLER REGISTERED
Lock released
.<88>Thread is ready. Adding back to ready queue now.
Fetching from Blocked queue
THREAD: 2
FUN 3 INVOKED!
FUN 3 IN BURST[0]
FUN 3: TICK [0]
FUN 3: TICK [1]
FUN 3: TICK [2]
FUN 3: TICK [3]
FUN 3: TICK [4]
FUN 3: TICK [5]
FUN 3: TICK [6]
FUN 3: TICK [7]
FUN 3: TICK [8]
FUN 3: TICK [9]
.<88>THREAD: 3
FUN 4 IN BURST[0]
FUN 4: TICK [0]
FUN 4: TICK [1]
FUN 4: TICK [2]
FUN 4: TICK [3]
FUN 4: TICK [4]
FUN 4: TICK [5]
FUN 4: TICK [6]
FUN 4: TICK [7]
FUN 4: TICK [8]
FUN 4: TICK [9]
.<88>FUN 1 IN ITERATION[1]
FUN 1: TICK [0]
FUN 1: TICK [1]
FUN 1: TICK [2]
FUN 1: TICK [3]
FUN 1: TICK [4]
FUN 1: TICK [5]
FUN 1: TICK [6]
FUN 1: TICK [7]
FUN 1: TICK [8]
FUN 1: TICK [9]
.<88>Lock acquired
Lock released

Content of block is:<21><21><21><21><21><21><21><21><21><21><21><21><21><21><21><21><21><21><21><21><21><21><21><21><21><21><21><21><21><21><21><21><21><21><21><21><21><21><21><21><21><21><21><21><21><21><21><21><21><21><21><21><21><21><21><21><21><21><21><21><21><21><21><21><21><21><21><21><21><21><21><21><21><21><21><21><21><21><21><21><21><21><21><21><21><21><21><21><21><21><21><21><21><21><21><21><21><21><21><21><21><21><21><21><21><21><21><21><21><21><21><21><21><21><21><21><21><21><21><21><21><21><21><21><21><21><21><21><21><21><21><21><21><21><21><21><21><21><21><21><21><21><21><21><21><21><21><21><21><21><21><21><21><21><21><21><21><21><21><21><21><21><21><21><21><21><21><21><21><21><21><21><21><21><21><21><21><21><21><21><21><21><21><21><21><21><21><21><21><21><21><21><21><21><21><21><21><21><21><21><21><21><21><21><21><21><21><21><21><21><21><21><21><21><21><21><21><21><21><21><21><21><21><21><21><21><21><21><21><21><21><21><21><21><21><21><21><21><21><21><21><21><21><21><21><21><21><21><21><21><21><21><21><21><21><21><21><21><21><21><21><21><21><21><21><21><21><21><21><21><21><21><21><21><21><21><21><21><21><21><21><21><21><21><21><21><21><21><21><21><21><21><21><21><21><21><21><21><21><21><21><21><21><21><21><21><21><21><21><21><21><21><21><21><21><21><21><21><21><21><21><21><21><21><21><21><21><21><21><21><21><21><21><21><21><21><21><21><21><21><21><21><21><21><21><21><21><21><21><21><21><21><21><21><21><21><21><21><21><21><21><21><21><21><21><21><21><21><21><21><21><21><21><21><21><21><21><21><21><21><21><21><21><21><21><21><21><21><21><21><21><21><21><21><21><21><21><21><21><21><21><21><21><21><21><21><21><21><21><21><21><21><21><21><21><21><21><21><21><21><21><21><21><21><21><21><21><21><21><21><21><21><21><21><21><21><21><21><21><21><21><21><21><21><21><21><21><21><21><21><21><21><21><21><21><21><21><21><21><21><21><21><21><21><21><21><21><21><21><21><21><21><21><21><21><21><21><21><21><21><21><21><21><21><21><21><21><21><21><21><21><21><21><21><21><21><21><21><21><21><21><21><21><21><21><21><21><21><21><21><21><21>
Writing buffer to Block 0 on disk...
Lock acquired
Lock released
.<88>Thread is ready. Adding back to ready queue now.
Fetching from Blocked queue
FUN 3 IN BURST[1]
FUN 3: TICK [0]
FUN 3: TICK [1]
FUN 3: TICK [2]
FUN 3: TICK [3]
FUN 3: TICK [4]
FUN 3: TICK [5]
FUN 3: TICK [6]
FUN 3: TICK [7]
FUN 3: TICK [8]
FUN 3: TICK [9]
.<88>FUN 4 IN BURST[1]
FUN 4: TICK [0]
FUN 4: TICK [1]
FUN 4: TICK [2]
FUN 4: TICK [3]
FUN 4: TICK [4]
FUN 4: TICK [5]
FUN 4: TICK [6]
FUN 4: TICK [7]
FUN 4: TICK [8]
FUN 4: TICK [9]
.<88>FUN 1 IN ITERATION[2]
FUN 1: TICK [0]
FUN 1: TICK [1]
FUN 1: TICK [2]
FUN 1: TICK [3]
FUN 1: TICK [4]
FUN 1: TICK [5]
FUN 1: TICK [6]
FUN 1: TICK [7]
FUN 1: TICK [8]
FUN 1: TICK [9]
.<88>Lock acquired
Lock released
INTERRUPT NO: 14
NO DEFAULT INTERRUPT HANDLER REGISTERED

Done writing
.<80>FUN 3 IN BURST[2]
FUN 3: TICK [0]
FUN 3: TICK [1]
FUN 3: TICK [2]
FUN 3: TICK [3]
FUN 3: TICK [4]
FUN 3: TICK [5]
FUN 3: TICK [6]
FUN 3: TICK [7]
FUN 3: TICK [8]
FUN 3: TICK [9]
.<80>FUN 4 IN BURST[2]
FUN 4: TICK [0]
FUN 4: TICK [1]
FUN 4: TICK [2]
FUN 4: TICK [3]
FUN 4: TICK [4]
FUN 4: TICK [5]
FUN 4: TICK [6]
FUN 4: TICK [7]
FUN 4: TICK [8]
FUN 4: TICK [9]
.<80>FUN 1 IN ITERATION[3]
FUN 1: TICK [0]
FUN 1: TICK [1]
FUN 1: TICK [2]
FUN 1: TICK [3]
FUN 1: TICK [4]
FUN 1: TICK [5]
FUN 1: TICK [6]
FUN 1: TICK [7]
FUN 1: TICK [8]
FUN 1: TICK [9]
.<80>FUN 2 IN ITERATION[1]
Reading Block 2 from disk...
Lock acquired
Lock rINTERRUPT NO: 14
NO DEFAULT INTERRUPT HANDLER REGISTERED
eleased
.<88>Thread is ready. Adding back to ready queue now.
Fetching from Blocked queue
FUN 3 IN BURST[3]
FUN 3: TICK [0]
FUN 3: TICK [1]
FUN 3: TICK [2]
FUN 3: TICK [3]
FUN 3: TICK [4]
FUN 3: TICK [5]
FUN 3: TICK [6]
FUN 3: TICK [7]
FUN 3: TICK [8]
FUN 3: TICK [9]
.<88>FUN 4 IN BURST[3]
FUN 4: TICK [0]
FUN 4: TICK [1]
FUN 4: TICK [2]
FUN 4: TICK [3]
FUN 4: TICK [4]
FUN 4: TICK [5]
FUN 4: TICK [6]
FUN 4: TICK [7]
FUN 4: TICK [8]
FUN 4: TICK [9]
.<88>FUN 1 IN ITERATION[4]
FUN 1: TICK [0]
FUN 1: TICK [1]
FUN 1: TICK [2]
FUN 1: TICK [3]
FUN 1: TICK [4]
FUN 1: TICK [5]
FUN 1: TICK [6]
FUN 1: TICK [7]
FUN 1: TICK [8]
FUN 1: TICK [9]
.<88>Lock acquired
Lock released

Content of block is:<22><22><22><22><22><22><22><22><22><22><22><22><22><22><22><22><22><22><22><22><22><22><22><22><22><22><22><22><22><22><22><22><22><22><22><22><22><22><22><22><22><22><22><22><22><22><22><22><22><22><22><22><22><22><22><22><22><22><22><22><22><22><22><22><22><22><22><22><22><22><22><22><22><22><22><22><22><22><22><22><22><22><22><22><22><22><22><22><22><22><22><22><22><22><22><22><22><22><22><22><22><22><22><22><22><22><22><22><22><22><22><22><22><22><22><22><22><22><22><22><22><22><22><22><22><22><22><22><22><22><22><22><22><22><22><22><22><22><22><22><22><22><22><22><22><22><22><22><22><22><22><22><22><22><22><22><22><22><22><22><22><22><22><22><22><22><22><22><22><22><22><22><22><22><22><22><22><22><22><22><22><22><22><22><22><22><22><22><22><22><22><22><22><22><22><22><22><22><22><22><22><22><22><22><22><22><22><22><22><22><22><22><22><22><22><22><22><22><22><22><22><22><22><22><22><22><22><22><22><22><22><22><22><22><22><22><22><22><22><22><22><22><22><22><22><22><22><22><22><22><22><22><22><22><22><22><22><22><22><22><22><22><22><22><22><22><22><22><22><22><22><22><22><22><22><22><22><22><22><22><22><22><22><22><22><22><22><22><22><22><22><22><22><22><22><22><22><22><22><22><22><22><22><22><22><22><22><22><22><22><22><22><22><22><22><22><22><22><22><22><22><22><22><22><22><22><22><22><22><22><22><22><22><22><22><22><22><22><22><22><22><22><22><22><22><22><22><22><22><22><22><22><22><22><22><22><22><22><22><22><22><22><22><22><22><22><22><22><22><22><22><22><22><22><22><22><22><22><22><22><22><22><22><22><22><22><22><22><22><22><22><22><22><22><22><22><22><22><22><22><22><22><22><22><22><22><22><22><22><22><22><22><22><22><22><22><22><22><22><22><22><22><22><22><22><22><22><22><22><22><22><22><22><22><22><22><22><22><22><22><22><22><22><22><22><22><22><22><22><22><22><22><22><22><22><22><22><22><22><22><22><22><22><22><22><22><22><22><22><22><22><22><22><22><22><22><22><22><22><22><22><22><22><22><22><22><22><22><22><22><22><22><22><22><22><22><22><22><22><22><22><22><22><22><22><22><22><22><22><22><22><22>
Writing buffer to Block 1 on disk...
Lock acquired
Lock released
.<88>Thread is ready. Adding back to ready queue now.
Fetching from Blocked queue
FUN 3 IN BURST[4]
FUN 3: TICK [0]
FUN 3: TICK [1]
FUN 3: TICK [2]
FUN 3: TICK [3]
FUN 3: TICK [4]
FUN 3: TICK [5]
FUN 3: TICK [6]
FUN 3: TICK [7]
FUN 3: TICK [8]
FUN 3: TICK [9]
.<88>FUN 4 IN BURST[4]
FUN 4: TICK [0]
FUN 4: TICK [1]
FUN 4: TICK [2]
FUN 4: TICK [3]
FUN 4: TICK [4]
FUN 4: TICK [5]
FUN 4: TICK [6]
FUN 4: TICK [7]
FUN 4: TICK [8]
FUN 4: TICK [9]
.<88>FUN 1 IN ITERATION[5]
FUN 1: TICK [0]
FUN 1: TICK [1]
FUN 1: TICK [2]
FUN 1: TICK [3]
FUN 1: TICK [4]
FUN 1: TICK [5]
FUN 1: TICK [6]
FUN 1: TICK [7]
FUN 1: TICK [8]
FUN 1: TICK [9]
.<88>Lock acquired
Lock rINTERRUPT NO: 14
NO DEFAULT INTERRUPT HANDLER REGISTERED
eleased

Done writing
.<80>FUN 3 IN BURST[5]
FUN 3: TICK [0]
FUN 3: TICK [1]
FUN 3: TICK [2]
FUN 3: TICK [3]
FUN 3: TICK [4]
FUN 3: TICK [5]
FUN 3: TICK [6]
FUN 3: TICK [7]
FUN 3: TICK [8]
FUN 3: TICK [9]
.<80>FUN 4 IN BURST[5]
FUN 4: TICK [0]
FUN 4: TICK [1]
FUN 4: TICK [2]
FUN 4: TICK [3]
FUN 4: TICK [4]
FUN 4: TICK [5]
FUN 4: TICK [6]
FUN 4: TICK [7]
FUN 4: TICK [8]
FUN 4: TICK [9]
.<80>FUN 1 IN ITERATION[6]
FUN 1: TICK [0]
FUN 1: TICK [1]
FUN 1: TICK [2]
FUN 1: TICK [3]
FUN 1: TICK [4]
FUN 1: TICK [5]
FUN 1: TICK [6]
FUN 1: TICK [7]
FUN 1: TICK [8]
FUN 1: TICK [9]
.<80>FUN 2 IN ITERATION[2]
Reading Block 3 from disk...
Lock acquired
Lock releasINTERRUPT NO: 14
NO DEFAULT INTERRUPT HANDLER REGISTERED
ed
.<88>Thread is ready. Adding back to ready queue now.
Fetching from Blocked queue
FUN 3 IN BURST[6]
FUN 3: TICK [0]
FUN 3: TICK [1]
FUN 3: TICK [2]
FUN 3: TICK [3]
FUN 3: TICK [4]
FUN 3: TICK [5]
FUN 3: TICK [6]
FUN 3: TICK [7]
FUN 3: TICK [8]
FUN 3: TICK [9]
.<88>FUN 4 IN BURST[6]
FUN 4: TICK [0]
FUN 4: TICK [1]
FUN 4: TICK [2]
FUN 4: TICK [3]
FUN 4: TICK [4]
FUN 4: TICK [5]
FUN 4: TICK [6]
FUN 4: TICK [7]
FUN 4: TICK [8]
FUN 4: TICK [9]
.<88>FUN 1 IN ITERATION[7]
FUN 1: TICK [0]
FUN 1: TICK [1]
FUN 1: TICK [2]
FUN 1: TICK [3]
FUN 1: TICK [4]
FUN 1: TICK [5]
FUN 1: TICK [6]
FUN 1: TICK [7]
FUN 1: TICK [8]
FUN 1: TICK [9]
.<88>Lock acquired
Lock released

Content of block is:<23><23><23><23><23><23><23><23><23><23><23><23><23><23><23><23><23><23><23><23><23><23><23><23><23><23><23><23><23><23><23><23><23><23><23><23><23><23><23><23><23><23><23><23><23><23><23><23><23><23><23><23><23><23><23><23><23><23><23><23><23><23><23><23><23><23><23><23><23><23><23><23><23><23><23><23><23><23><23><23><23><23><23><23><23><23><23><23><23><23><23><23><23><23><23><23><23><23><23><23><23><23><23><23><23><23><23><23><23><23><23><23><23><23><23><23><23><23><23><23><23><23><23><23><23><23><23><23><23><23><23><23><23><23><23><23><23><23><23><23><23><23><23><23><23><23><23><23><23><23><23><23><23><23><23><23><23><23><23><23><23><23><23><23><23><23><23><23><23><23><23><23><23><23><23><23><23><23><23><23><23><23><23><23><23><23><23><23><23><23><23><23><23><23><23><23><23><23><23><23><23><23><23><23><23><23><23><23><23><23><23><23><23><23><23><23><23><23><23><23><23><23><23><23><23><23><23><23><23><23><23><23><23><23><23><23><23><23><23><23><23><23><23><23><23><23><23><23><23><23><23><23><23><23><23><23><23><23><23><23><23><23><23><23><23><23><23><23><23><23><23><23><23><23><23><23><23><23><23><23><23><23><23><23><23><23><23><23><23><23><23><23><23><23><23><23><23><23><23><23><23><23><23><23><23><23><23><23><23><23><23><23><23><23><23><23><23><23><23><23><23><23><23><23><23><23><23><23><23><23><23><23><23><23><23><23><23><23><23><23><23><23><23><23><23><23><23><23><23><23><23><23><23><23><23><23><23><23><23><23><23><23><23><23><23><23><23><23><23><23><23><23><23><23><23><23><23><23><23><23><23><23><23><23><23><23><23><23><23><23><23><23><23><23><23><23><23><23><23><23><23><23><23><23><23><23><23><23><23><23><23><23><23><23><23><23><23><23><23><23><23><23><23><23><23><23><23><23><23><23><23><23><23><23><23><23><23><23><23><23><23><23><23><23><23><23><23><23><23><23><23><23><23><23><23><23><23><23><23><23><23><23><23><23><23><23><23><23><23><23><23><23><23><23><23><23><23><23><23><23><23><23><23><23><23><23><23><23><23><23><23><23><23><23><23><23><23><23><23><23><23><23><23><23><23><23><23><23><23><23><23><23>
Writing buffer to Block 2 on disk...
Lock acquired
Lock released
.<88>Thread is ready. Adding back to ready queue now.
Fetching from Blocked queue
FUN 3 IN BURST[7]
FUN 3: TICK [0]
FUN 3: TICK [1]
FUN 3: TICK [2]
FUN 3: TICK [3]
FUN 3: TICK [4]
FUN 3: TICK [5]
FUN 3: TICK [6]
FUN 3: TICK [7]
FUN 3: TICK [8]
FUN 3: TICK [9]
.<88>FUN 4 IN BURST[7]
FUN 4: TICK [0]
FUN 4: TICK [1]
FUN 4: TICK [2]
FUN 4: TICK [3]
FUN 4: TICK [4]
FUN 4: TICK [5]
FUN 4: TICK [6]
FUN 4: TICK [7]
FUN 4: TICK [8]
FUN 4: TICK [9]
.<88>FUN 1 IN ITERATION[8]
FUN 1: TICK [0]
FUN 1: TICK [1]
FUN 1: TICK [2]
FUN 1: TICK [3]
FUN 1: TICK [4]
FUN 1: TICK [5]
FUN 1: TICK [6]
FUN 1: TICK [7]
FUN 1: TICK [8]
FUN 1: TICK [9]
.<88>Lock acquired
Lock released
INTERRUPT NO: 14
NO DEFAULT INTERRUPT HANDLER REGISTERED

Done writing
.<80>FUN 3 IN BURST[8]
FUN 3: TICK [0]
FUN 3: TICK [1]
FUN 3: TICK [2]
FUN 3: TICK [3]
FUN 3: TICK [4]
FUN 3: TICK [5]
FUN 3: TICK [6]
FUN 3: TICK [7]
FUN 3: TICK [8]
FUN 3: TICK [9]
.<80>FUN 4 IN BURST[8]
FUN 4: TICK [0]
FUN 4: TICK [1]
FUN 4: TICK [2]
FUN 4: TICK [3]
FUN 4: TICK [4]
FUN 4: TICK [5]
FUN 4: TICK [6]
FUN 4: TICK [7]
FUN 4: TICK [8]
FUN 4: TICK [9]
.<80>FUN 1 IN ITERATION[9]
FUN 1: TICK [0]
FUN 1: TICK [1]
FUN 1: TICK [2]
FUN 1: TICK [3]
FUN 1: TICK [4]
FUN 1: TICK [5]
FUN 1: TICK [6]
FUN 1: TICK [7]
FUN 1: TICK [8]
FUN 1: TICK [9]
.<80>FUN 2 IN ITERATION[3]
Reading Block 4 from disk...
Lock acquired
Lock reINTERRUPT NO: 14
NO DEFAULT INTERRUPT HANDLER REGISTERED
leased
.<88>Thread is ready. Adding back to ready queue now.
Fetching from Blocked queue
FUN 3 IN BURST[9]
FUN 3: TICK [0]
FUN 3: TICK [1]
FUN 3: TICK [2]
FUN 3: TICK [3]
FUN 3: TICK [4]
FUN 3: TICK [5]
FUN 3: TICK [6]
FUN 3: TICK [7]
FUN 3: TICK [8]
FUN 3: TICK [9]
.<88>FUN 4 IN BURST[9]
FUN 4: TICK [0]
FUN 4: TICK [1]
FUN 4: TICK [2]
FUN 4: TICK [3]
FUN 4: TICK [4]
FUN 4: TICK [5]
FUN 4: TICK [6]
FUN 4: TICK [7]
FUN 4: TICK [8]
FUN 4: TICK [9]
.<88>FUN 1 IN ITERATION[10]
FUN 1: TICK [0]
FUN 1: TICK [1]
FUN 1: TICK [2]
FUN 1: TICK [3]
FUN 1: TICK [4]
FUN 1: TICK [5]
FUN 1: TICK [6]
FUN 1: TICK [7]
FUN 1: TICK [8]
FUN 1: TICK [9]
.<88>Lock acquired
Lock released

Content of block is:<14><14><14><14><14><14><14><14><14><14><14><14><14><14><14><14><14><14><14><14><14><14><14><14><14><14><14><14><14><14><14><14><14><14><14><14><14><14><14><14><14><14><14><14><14><14><14><14><14><14><14><14><14><14><14><14><14><14><14><14><14><14><14><14><14><14><14><14><14><14><14><14><14><14><14><14><14><14><14><14><14><14><14><14><14><14><14><14><14><14><14><14><14><14><14><14><14><14><14><14><14><14><14><14><14><14><14><14><14><14><14><14><14><14><14><14><14><14><14><14><14><14><14><14><14><14><14><14><14><14><14><14><14><14><14><14><14><14><14><14><14><14><14><14><14><14><14><14><14><14><14><14><14><14><14><14><14><14><14><14><14><14><14><14><14><14><14><14><14><14><14><14><14><14><14><14><14><14><14><14><14><14><14><14><14><14><14><14><14><14><14><14><14><14><14><14><14><14><14><14><14><14><14><14><14><14><14><14><14><14><14><14><14><14><14><14><14><14><14><14><14><14><14><14><14><14><14><14><14><14><14><14><14><14><14><14><14><14><14><14><14><14><14><14><14><14><14><14><14><14><14><14><14><14><14><14><14><14><14><14><14><14><14><14><14><14><14><14><14><14><14><14><14><14><14><14><14><14><14><14><14><14><14><14><14><14><14><14><14><14><14><14><14><14><14><14><14><14><14><14><14><14><14><14><14><14><14><14><14><14><14><14><14><14><14><14><14><14><14><14><14><14><14><14><14><14><14><14><14><14><14><14><14><14><14><14><14><14><14><14><14><14><14><14><14><14><14><14><14><14><14><14><14><14><14><14><14><14><14><14><14><14><14><14><14><14><14><14><14><14><14><14><14><14><14><14><14><14><14><14><14><14><14><14><14><14><14><14><14><14><14><14><14><14><14><14><14><14><14><14><14><14><14><14><14><14><14><14><14><14><14><14><14><14><14><14><14><14><14><14><14><14><14><14><14><14><14><14><14><14><14><14><14><14><14><14><14><14><14><14><14><14><14><14><14><14><14><14><14><14><14><14><14><14><14><14><14><14><14><14><14><14><14><14><14><14><14><14><14><14><14><14><14><14><14><14><14><14><14><14><14><14><14><14><14><14><14><14><14><14><14><14><14><14><14><14><14><14><14><14><14><14><14><14><14><14><14><14><14><14><14><14>
Writing buffer to Block 3 on disk...
Lock acquired
Lock released
.<88>Thread is ready. Adding back to ready queue now.
Fetching from Blocked queue
FUN 3 IN BURST[10]
FUN 3: TICK [0]
FUN 3: TICK [1]
FUN 3: TICK [2]
FUN 3: TICK [3]
FUN 3: TICK [4]
FUN 3: TICK [5]
FUN 3: TICK [6]
FUN 3: TICK [7]
FUN 3: TICK [8]
FUN 3: TICK [9]
.<88>FUN 4 IN BURST[10]
FUN 4: TICK [0]
FUN 4: TICK [1]
FUN 4: TICK [2]
FUN 4: TICK [3]
FUN 4: TICK [4]
FUN 4: TICK [5]
FUN 4: TICK [6]
FUN 4: TICK [7]
FUN 4: TICK [8]
FUN 4: TICK [9]
.<88>FUN 1 IN ITERATION[11]
FUN 1: TICK [0]
FUN 1: TICK [1]
FUN 1: TICK [2]
FUN 1: TICK [3]
FUN 1: TICK [4]
FUN 1: TICK [5]
FUN 1: TICK [6]
FUN 1: TICK [7]
FUN 1: TICK [8]
FUN 1: TICK [9]
.<88>Lock acquired
Lock rINTERRUPT NO: 14
NO DEFAULT INTERRUPT HANDLER REGISTERED
eleased

Done writing
.<80>FUN 3 IN BURST[11]
FUN 3: TICK [0]
FUN 3: TICK [1]
FUN 3: TICK [2]
FUN 3: TICK [3]
FUN 3: TICK [4]
FUN 3: TICK [5]
FUN 3: TICK [6]
FUN 3: TICK [7]
FUN 3: TICK [8]
FUN 3: TICK [9]
.<80>FUN 4 IN BURST[11]
FUN 4: TICK [0]
FUN 4: TICK [1]
FUN 4: TICK [2]
FUN 4: TICK [3]
FUN 4: TICK [4]
FUN 4: TICK [5]
FUN 4: TICK [6]
FUN 4: TICK [7]
FUN 4: TICK [8]
FUN 4: TICK [9]
.<80>FUN 1 IN ITERATION[12]
FUN 1: TICK [0]
FUN 1: TICK [1]
FUN 1: TICK [2]
FUN 1: TICK [3]
FUN 1: TICK [4]
FUN 1: TICK [5]
FUN 1: TICK [6]
FUN 1: TICK [7]
FUN 1: TICK [8]
FUN 1: TICK [9]
.<80>FUN 2 IN ITERATION[4]
Reading Block 5 from disk...
Lock acquired
Lock reINTERRUPT NO: 14
NO DEFAULT INTERRUPT HANDLER REGISTERED
leased
.<88>Thread is ready. Adding back to ready queue now.
Fetching from Blocked queue
FUN 3 IN BURST[12]
FUN 3: TICK [0]
FUN 3: TICK [1]
FUN 3: TICK [2]
FUN 3: TICK [3]
FUN 3: TICK [4]
FUN 3: TICK [5]
FUN 3: TICK [6]
FUN 3: TICK [7]
FUN 3: TICK [8]
FUN 3: TICK [9]
.<88>FUN 4 IN BURST[12]
FUN 4: TICK [0]
FUN 4: TICK [1]
FUN 4: TICK [2]
FUN 4: TICK [3]
FUN 4: TICK [4]
FUN 4: TICK [5]
FUN 4: TICK [6]
FUN 4: TICK [7]
FUN 4: TICK [8]
FUN 4: TICK [9]
.<88>FUN 1 IN ITERATION[13]
FUN 1: TICK [0]
FUN 1: TICK [1]
FUN 1: TICK [2]
FUN 1: TICK [3]
FUN 1: TICK [4]
FUN 1: TICK [5]
FUN 1: TICK [6]
FUN 1: TICK [7]
FUN 1: TICK [8]
FUN 1: TICK [9]
.<88>Lock acquired
Lock released

Content of block is:<15><15><15><15><15><15><15><15><15><15><15><15><15><15><15><15><15><15><15><15><15><15><15><15><15><15><15><15><15><15><15><15><15><15><15><15><15><15><15><15><15><15><15><15><15><15><15><15><15><15><15><15><15><15><15><15><15><15><15><15><15><15><15><15><15><15><15><15><15><15><15><15><15><15><15><15><15><15><15><15><15><15><15><15><15><15><15><15><15><15><15><15><15><15><15><15><15><15><15><15><15><15><15><15><15><15><15><15><15><15><15><15><15><15><15><15><15><15><15><15><15><15><15><15><15><15><15><15><15><15><15><15><15><15><15><15><15><15><15><15><15><15><15><15><15><15><15><15><15><15><15><15><15><15><15><15><15><15><15><15><15><15><15><15><15><15><15><15><15><15><15><15><15><15><15><15><15><15><15><15><15><15><15><15><15><15><15><15><15><15><15><15><15><15><15><15><15><15><15><15><15><15><15><15><15><15><15><15><15><15><15><15><15><15><15><15><15><15><15><15><15><15><15><15><15><15><15><15><15><15><15><15><15><15><15><15><15><15><15><15><15><15><15><15><15><15><15><15><15><15><15><15><15><15><15><15><15><15><15><15><15><15><15><15><15><15><15><15><15><15><15><15><15><15><15><15><15><15><15><15><15><15><15><15><15><15><15><15><15><15><15><15><15><15><15><15><15><15><15><15><15><15><15><15><15><15><15><15><15><15><15><15><15><15><15><15><15><15><15><15><15><15><15><15><15><15><15><15><15><15><15><15><15><15><15><15><15><15><15><15><15><15><15><15><15><15><15><15><15><15><15><15><15><15><15><15><15><15><15><15><15><15><15><15><15><15><15><15><15><15><15><15><15><15><15><15><15><15><15><15><15><15><15><15><15><15><15><15><15><15><15><15><15><15><15><15><15><15><15><15><15><15><15><15><15><15><15><15><15><15><15><15><15><15><15><15><15><15><15><15><15><15><15><15><15><15><15><15><15><15><15><15><15><15><15><15><15><15><15><15><15><15><15><15><15><15><15><15><15><15><15><15><15><15><15><15><15><15><15><15><15><15><15><15><15><15><15><15><15><15><15><15><15><15><15><15><15><15><15><15><15><15><15><15><15><15><15><15><15><15><15><15><15><15><15><15><15><15><15><15><15><15><15><15><15><15><15><15><15><15><15><15>
Writing buffer to Block 4 on disk...
One second has passed
Lock acquired
Lock released
.<88>Thread is ready. Adding back to ready queue now.
Fetching from Blocked queue
FUN 3 IN BURST[13]
FUN 3: TICK [0]
FUN 3: TICK [1]
FUN 3: TICK [2]
FUN 3: TICK [3]
FUN 3: TICK [4]
FUN 3: TICK [5]
FUN 3: TICK [6]
FUN 3: TICK [7]
FUN 3: TICK [8]
FUN 3: TICK [9]
.<88>FUN 4 IN BURST[13]
FUN 4: TICK [0]
FUN 4: TICK [1]
FUN 4: TICK [2]
FUN 4: TICK [3]
FUN 4: TICK [4]
FUN 4: TICK [5]
FUN 4: TICK [6]
FUN 4: TICK [7]
FUN 4: TICK [8]
FUN 4: TICK [9]
.<88>FUN 1 IN ITERATION[14]
FUN 1: TICK [0]
FUN 1: TICK [1]
FUN 1: TICK [2]
FUN 1: TICK [3]
FUN 1: TICK [4]
FUN 1: TICK [5]
FUN 1: TICK [6]
FUN 1: TICK [7]
FUN 1: TICK [8]
FUN 1: TICK [9]
.<88>Lock acquired
Lock releasINTERRUPT NO: 14
NO DEFAULT INTERRUPT HANDLER REGISTERED
ed

Done writing
.<80>FUN 3 IN BURST[14]
FUN 3: TICK [0]
FUN 3: TICK [1]
FUN 3: TICK [2]
FUN 3: TICK [3]
FUN 3: TICK [4]
FUN 3: TICK [5]
FUN 3: TICK [6]
FUN 3: TICK [7]
FUN 3: TICK [8]
FUN 3: TICK [9]
.<80>FUN 4 IN BURST[14]
FUN 4: TICK [0]
FUN 4: TICK [1]
FUN 4: TICK [2]
FUN 4: TICK [3]
FUN 4: TICK [4]
FUN 4: TICK [5]
FUN 4: TICK [6]
FUN 4: TICK [7]
FUN 4: TICK [8]
FUN 4: TICK [9]
.<80>FUN 1 IN ITERATION[15]
FUN 1: TICK [0]
FUN 1: TICK [1]
FUN 1: TICK [2]
FUN 1: TICK [3]
FUN 1: TICK [4]
FUN 1: TICK [5]
FUN 1: TICK [6]
FUN 1: TICK [7]
FUN 1: TICK [8]
FUN 1: TICK [9]
.<80>FUN 2 IN ITERATION[5]
Reading Block 6 from disk...
Lock acquired
Lock releaINTERRUPT NO: 14
NO DEFAULT INTERRUPT HANDLER REGISTERED
sed
.<88>Thread is ready. Adding back to ready queue now.
Fetching from Blocked queue
FUN 3 IN BURST[15]
FUN 3: TICK [0]
FUN 3: TICK [1]
FUN 3: TICK [2]
FUN 3: TICK [3]
FUN 3: TICK [4]
FUN 3: TICK [5]
FUN 3: TICK [6]
FUN 3: TICK [7]
FUN 3: TICK [8]
FUN 3: TICK [9]
.<88>FUN 4 IN BURST[15]
FUN 4: TICK [0]
FUN 4: TICK [1]
FUN 4: TICK [2]
FUN 4: TICK [3]
FUN 4: TICK [4]
FUN 4: TICK [5]
FUN 4: TICK [6]
FUN 4: TICK [7]
FUN 4: TICK [8]
FUN 4: TICK [9]
.<88>FUN 1 IN ITERATION[16]
FUN 1: TICK [0]
FUN 1: TICK [1]
FUN 1: TICK [2]
FUN 1: TICK [3]
FUN 1: TICK [4]
FUN 1: TICK [5]
FUN 1: TICK [6]
FUN 1: TICK [7]
FUN 1: TICK [8]
FUN 1: TICK [9]
.<88>Lock acquired
Lock released

Content of block is:<16><16><16><16><16><16><16><16><16><16><16><16><16><16><16><16><16><16><16><16><16><16><16><16><16><16><16><16><16><16><16><16><16><16><16><16><16><16><16><16><16><16><16><16><16><16><16><16><16><16><16><16><16><16><16><16><16><16><16><16><16><16><16><16><16><16><16><16><16><16><16><16><16><16><16><16><16><16><16><16><16><16><16><16><16><16><16><16><16><16><16><16><16><16><16><16><16><16><16><16><16><16><16><16><16><16><16><16><16><16><16><16><16><16><16><16><16><16><16><16><16><16><16><16><16><16><16><16><16><16><16><16><16><16><16><16><16><16><16><16><16><16><16><16><16><16><16><16><16><16><16><16><16><16><16><16><16><16><16><16><16><16><16><16><16><16><16><16><16><16><16><16><16><16><16><16><16><16><16><16><16><16><16><16><16><16><16><16><16><16><16><16><16><16><16><16><16><16><16><16><16><16><16><16><16><16><16><16><16><16><16><16><16><16><16><16><16><16><16><16><16><16><16><16><16><16><16><16><16><16><16><16><16><16><16><16><16><16><16><16><16><16><16><16><16><16><16><16><16><16><16><16><16><16><16><16><16><16><16><16><16><16><16><16><16><16><16><16><16><16><16><16><16><16><16><16><16><16><16><16><16><16><16><16><16><16><16><16><16><16><16><16><16><16><16><16><16><16><16><16><16><16><16><16><16><16><16><16><16><16><16><16><16><16><16><16><16><16><16><16><16><16><16><16><16><16><16><16><16><16><16><16><16><16><16><16><16><16><16><16><16><16><16><16><16><16><16><16><16><16><16><16><16><16><16><16><16><16><16><16><16><16><16><16><16><16><16><16><16><16><16><16><16><16><16><16><16><16><16><16><16><16><16><16><16><16><16><16><16><16><16><16><16><16><16><16><16><16><16><16><16><16><16><16><16><16><16><16><16><16><16><16><16><16><16><16><16><16><16><16><16><16><16><16><16><16><16><16><16><16><16><16><16><16><16><16><16><16><16><16><16><16><16><16><16><16><16><16><16><16><16><16><16><16><16><16><16><16><16><16><16><16><16><16><16><16><16><16><16><16><16><16><16><16><16><16><16><16><16><16><16><16><16><16><16><16><16><16><16><16><16><16><16><16><16><16><16><16><16><16><16><16><16><16><16><16><16><16><16><16><16><16>
Writing buffer to Block 5 on disk...
Lock acquired
Lock released
.<88>Thread is ready. Adding back to ready queue now.
Fetching from Blocked queue
FUN 3 IN BURST[16]
FUN 3: TICK [0]
FUN 3: TICK [1]
FUN 3: TICK [2]
FUN 3: TICK [3]
FUN 3: TICK [4]
FUN 3: TICK [5]
FUN 3: TICK [6]
FUN 3: TICK [7]
FUN 3: TICK [8]
FUN 3: TICK [9]
.<88>FUN 4 IN BURST[16]
FUN 4: TICK [0]
FUN 4: TICK [1]
FUN 4: TICK [2]
FUN 4: TICK [3]
FUN 4: TICK [4]
FUN 4: TICK [5]
FUN 4: TICK [6]
FUN 4: TICK [7]
FUN 4: TICK [8]
FUN 4: TICK [9]
.<88>FUN 1 IN ITERATION[17]
FUN 1: TICK [0]
FUN 1: TICK [1]
FUN 1: TICK [2]
FUN 1: TICK [3]
FUN 1: TICK [4]
FUN 1: TICK [5]
FUN 1: TICK [6]
FUN 1: TICK [7]
FUN 1: TICK [8]
FUN 1: TICK [9]
.<88>Lock acquired
Lock released
INTERRUPT NO: 14
NO DEFAULT INTERRUPT HANDLER REGISTERED

Done writing
.<80>FUN 3 IN BURST[17]
FUN 3: TICK [0]
FUN 3: TICK [1]
FUN 3: TICK [2]
FUN 3: TICK [3]
FUN 3: TICK [4]
FUN 3: TICK [5]
FUN 3: TICK [6]
FUN 3: TICK [7]
FUN 3: TICK [8]
FUN 3: TICK [9]
.<80>FUN 4 IN BURST[17]
FUN 4: TICK [0]
FUN 4: TICK [1]
FUN 4: TICK [2]
FUN 4: TICK [3]
FUN 4: TICK [4]
FUN 4: TICK [5]
FUN 4: TICK [6]
FUN 4: TICK [7]
FUN 4: TICK [8]
FUN 4: TICK [9]
.<80>FUN 1 IN ITERATION[18]
FUN 1: TICK [0]
FUN 1: TICK [1]
FUN 1: TICK [2]
FUN 1: TICK [3]
FUN 1: TICK [4]
FUN 1: TICK [5]
FUN 1: TICK [6]
FUN 1: TICK [7]
FUN 1: TICK [8]
FUN 1: TICK [9]
.<80>FUN 2 IN ITERATION[6]
Reading Block 7 from disk...
Lock acquired
Lock released
INTERRUPT NO: 14
NO DEFAULT INTERRUPT HANDLER REGISTERED
.<88>Thread is ready. Adding back to ready queue now.
Fetching from Blocked queue
FUN 3 IN BURST[18]
FUN 3: TICK [0]
FUN 3: TICK [1]
FUN 3: TICK [2]
FUN 3: TICK [3]
FUN 3: TICK [4]
FUN 3: TICK [5]
FUN 3: TICK [6]
FUN 3: TICK [7]
FUN 3: TICK [8]
FUN 3: TICK [9]
.<88>FUN 4 IN BURST[18]
FUN 4: TICK [0]
FUN 4: TICK [1]
FUN 4: TICK [2]
FUN 4: TICK [3]
FUN 4: TICK [4]
FUN 4: TICK [5]
FUN 4: TICK [6]
FUN 4: TICK [7]
FUN 4: TICK [8]
FUN 4: TICK [9]
.<88>FUN 1 IN ITERATION[19]
FUN 1: TICK [0]
FUN 1: TICK [1]
FUN 1: TICK [2]
FUN 1: TICK [3]
FUN 1: TICK [4]
FUN 1: TICK [5]
FUN 1: TICK [6]
FUN 1: TICK [7]
FUN 1: TICK [8]
FUN 1: TICK [9]
.<88>Lock acquired
Lock released

Content of block is:<17><17><17><17><17><17><17><17><17><17><17><17><17><17><17><17><17><17><17><17><17><17><17><17><17><17><17><17><17><17><17><17><17><17><17><17><17><17><17><17><17><17><17><17><17><17><17><17><17><17><17><17><17><17><17><17><17><17><17><17><17><17><17><17><17><17><17><17><17><17><17><17><17><17><17><17><17><17><17><17><17><17><17><17><17><17><17><17><17><17><17><17><17><17><17><17><17><17><17><17><17><17><17><17><17><17><17><17><17><17><17><17><17><17><17><17><17><17><17><17><17><17><17><17><17><17><17><17><17><17><17><17><17><17><17><17><17><17><17><17><17><17><17><17><17><17><17><17><17><17><17><17><17><17><17><17><17><17><17><17><17><17><17><17><17><17><17><17><17><17><17><17><17><17><17><17><17><17><17><17><17><17><17><17><17><17><17><17><17><17><17><17><17><17><17><17><17><17><17><17><17><17><17><17><17><17><17><17><17><17><17><17><17><17><17><17><17><17><17><17><17><17><17><17><17><17><17><17><17><17><17><17><17><17><17><17><17><17><17><17><17><17><17><17><17><17><17><17><17><17><17><17><17><17><17><17><17><17><17><17><17><17><17><17><17><17><17><17><17><17><17><17><17><17><17><17><17><17><17><17><17><17><17><17><17><17><17><17><17><17><17><17><17><17><17><17><17><17><17><17><17><17><17><17><17><17><17><17><17><17><17><17><17><17><17><17><17><17><17><17><17><17><17><17><17><17><17><17><17><17><17><17><17><17><17><17><17><17><17><17><17><17><17><17><17><17><17><17><17><17><17><17><17><17><17><17><17><17><17><17><17><17><17><17><17><17><17><17><17><17><17><17><17><17><17><17><17><17><17><17><17><17><17><17><17><17><17><17><17><17><17><17><17><17><17><17><17><17><17><17><17><17><17><17><17><17><17><17><17><17><17><17><17><17><17><17><17><17><17><17><17><17><17><17><17><17><17><17><17><17><17><17><17><17><17><17><17><17><17><17><17><17><17><17><17><17><17><17><17><17><17><17><17><17><17><17><17><17><17><17><17><17><17><17><17><17><17><17><17><17><17><17><17><17><17><17><17><17><17><17><17><17><17><17><17><17><17><17><17><17><17><17><17><17><17><17><17><17><17><17><17><17><17><17><17><17><17><17><17><17><17><17>
Writing buffer to Block 6 on disk...
Lock acquired
Lock released
.<88>Thread is ready. Adding back to ready queue now.
Fetching from Blocked queue
FUN 3 IN BURST[19]
FUN 3: TICK [0]
FUN 3: TICK [1]
FUN 3: TICK [2]
FUN 3: TICK [3]
FUN 3: TICK [4]
FUN 3: TICK [5]
FUN 3: TICK [6]
FUN 3: TICK [7]
FUN 3: TICK [8]
FUN 3: TICK [9]
.<88>FUN 4 IN BURST[19]
FUN 4: TICK [0]
FUN 4: TICK [1]
FUN 4: TICK [2]
FUN 4: TICK [3]
FUN 4: TICK [4]
FUN 4: TICK [5]
FUN 4: TICK [6]
FUN 4: TICK [7]
FUN 4: TICK [8]
FUN 4: TICK [9]
.<88>FUN 1 IN ITERATION[20]
FUN 1: TICK [0]
FUN 1: TICK [1]
FUN 1: TICK [2]
FUN 1: TICK [3]
FUN 1: TICK [4]
FUN 1: TICK [5]
FUN 1: TICK [6]
FUN 1: TICK [7]
FUN 1: TICK [8]
FUN 1: TICK [9]
.<88>Lock acquired
Lock released
INTERRUPT NO: 14
NO DEFAULT INTERRUPT HANDLER REGISTERED

Done writing
.<80>FUN 3 IN BURST[20]
FUN 3: TICK [0]
FUN 3: TICK [1]
FUN 3: TICK [2]
FUN 3: TICK [3]
FUN 3: TICK [4]
FUN 3: TICK [5]
FUN 3: TICK [6]
FUN 3: TICK [7]
FUN 3: TICK [8]
FUN 3: TICK [9]
.<80>FUN 4 IN BURST[20]
FUN 4: TICK [0]
FUN 4: TICK [1]
FUN 4: TICK [2]
FUN 4: TICK [3]
FUN 4: TICK [4]
FUN 4: TICK [5]
FUN 4: TICK [6]
FUN 4: TICK [7]
FUN 4: TICK [8]
FUN 4: TICK [9]
.<80>FUN 1 IN ITERATION[21]
FUN 1: TICK [0]
FUN 1: TICK [1]
FUN 1: TICK [2]
FUN 1: TICK [3]
FUN 1: TICK [4]
FUN 1: TICK [5]
FUN 1: TICK [6]
FUN 1: TICK [7]
FUN 1: TICK [8]
FUN 1: TICK [9]
.<80>FUN 2 IN ITERATION[7]
Reading Block 8 from disk...
Lock acquired
Lock released
INTERRUPT NO: 14
NO DEFAULT INTERRUPT HANDLER REGISTERED
.<88>Thread is ready. Adding back to ready queue now.
Fetching from Blocked queue
FUN 3 IN BURST[21]
FUN 3: TICK [0]
FUN 3: TICK [1]
FUN 3: TICK [2]
FUN 3: TICK [3]
FUN 3: TICK [4]
FUN 3: TICK [5]
FUN 3: TICK [6]
FUN 3: TICK [7]
FUN 3: TICK [8]
FUN 3: TICK [9]
.<88>FUN 4 IN BURST[21]
FUN 4: TICK [0]
FUN 4: TICK [1]
FUN 4: TICK [2]
FUN 4: TICK [3]
FUN 4: TICK [4]
FUN 4: TICK [5]
FUN 4: TICK [6]
FUN 4: TICK [7]
FUN 4: TICK [8]
FUN 4: TICK [9]
.<88>FUN 1 IN ITERATION[22]
FUN 1: TICK [0]
FUN 1: TICK [1]
FUN 1: TICK [2]
FUN 1: TICK [3]
FUN 1: TICK [4]
FUN 1: TICK [5]
FUN 1: TICK [6]
FUN 1: TICK [7]
FUN 1: TICK [8]
FUN 1: TICK [9]
.<88>Lock acquired
Lock released

Content of block is:<18><18><18><18><18><18><18><18><18><18><18><18><18><18><18><18><18><18><18><18><18><18><18><18><18><18><18><18><18><18><18><18><18><18><18><18><18><18><18><18><18><18><18><18><18><18><18><18><18><18><18><18><18><18><18><18><18><18><18><18><18><18><18><18><18><18><18><18><18><18><18><18><18><18><18><18><18><18><18><18><18><18><18><18><18><18><18><18><18><18><18><18><18><18><18><18><18><18><18><18><18><18><18><18><18><18><18><18><18><18><18><18><18><18><18><18><18><18><18><18><18><18><18><18><18><18><18><18><18><18><18><18><18><18><18><18><18><18><18><18><18><18><18><18><18><18><18><18><18><18><18><18><18><18><18><18><18><18><18><18><18><18><18><18><18><18><18><18><18><18><18><18><18><18><18><18><18><18><18><18><18><18><18><18><18><18><18><18><18><18><18><18><18><18><18><18><18><18><18><18><18><18><18><18><18><18><18><18><18><18><18><18><18><18><18><18><18><18><18><18><18><18><18><18><18><18><18><18><18><18><18><18><18><18><18><18><18><18><18><18><18><18><18><18><18><18><18><18><18><18><18><18><18><18><18><18><18><18><18><18><18><18><18><18><18><18><18><18><18><18><18><18><18><18><18><18><18><18><18><18><18><18><18><18><18><18><18><18><18><18><18><18><18><18><18><18><18><18><18><18><18><18><18><18><18><18><18><18><18><18><18><18><18><18><18><18><18><18><18><18><18><18><18><18><18><18><18><18><18><18><18><18><18><18><18><18><18><18><18><18><18><18><18><18><18><18><18><18><18><18><18><18><18><18><18><18><18><18><18><18><18><18><18><18><18><18><18><18><18><18><18><18><18><18><18><18><18><18><18><18><18><18><18><18><18><18><18><18><18><18><18><18><18><18><18><18><18><18><18><18><18><18><18><18><18><18><18><18><18><18><18><18><18><18><18><18><18><18><18><18><18><18><18><18><18><18><18><18><18><18><18><18><18><18><18><18><18><18><18><18><18><18><18><18><18><18><18><18><18><18><18><18><18><18><18><18><18><18><18><18><18><18><18><18><18><18><18><18><18><18><18><18><18><18><18><18><18><18><18><18><18><18><18><18><18><18><18><18><18><18><18><18><18><18><18><18><18><18><18><18><18><18><18><18><18><18><18><18><18><18><18><18>
Writing buffer to Block 7 on disk...
Lock acquired
Lock released
.<88>Thread is ready. Adding back to ready queue now.
Fetching from Blocked queue
FUN 3 IN BURST[22]
FUN 3: TICK [0]
FUN 3: TICK [1]
FUN 3: TICK [2]
FUN 3: TICK [3]
FUN 3: TICK [4]
FUN 3: TICK [5]
FUN 3: TICK [6]
FUN 3: TICK [7]
FUN 3: TICK [8]
FUN 3: TICK [9]
.<88>FUN 4 IN BURST[22]
FUN 4: TICK [0]
FUN 4: TICK [1]
FUN 4: TICK [2]
FUN 4: TICK [3]
FUN 4: TICK [4]
FUN 4: TICK [5]
FUN 4: TICK [6]
FUN 4: TICK [7]
FUN 4: TICK [8]
FUN 4: TICK [9]
.<88>FUN 1 IN ITERATION[23]
FUN 1: TICK [0]
FUN 1: TICK [1]
FUN 1: TICK [2]
FUN 1: TICK [3]
FUN 1: TICK [4]
FUN 1: TICK [5]
FUN 1: TICK [6]
FUN 1: TICK [7]
FUN 1: TICK [8]
FUN 1: TICK [9]
.<88>Lock acquired
Lock releINTERRUPT NO: 14
NO DEFAULT INTERRUPT HANDLER REGISTERED
ased

Done writing
.<80>FUN 3 IN BURST[23]
FUN 3: TICK [0]
FUN 3: TICK [1]
FUN 3: TICK [2]
FUN 3: TICK [3]
FUN 3: TICK [4]
FUN 3: TICK [5]
FUN 3: TICK [6]
FUN 3: TICK [7]
FUN 3: TICK [8]
FUN 3: TICK [9]
.<80>FUN 4 IN BURST[23]
FUN 4: TICK [0]
FUN 4: TICK [1]
FUN 4: TICK [2]
FUN 4: TICK [3]
FUN 4: TICK [4]
FUN 4: TICK [5]
FUN 4: TICK [6]
FUN 4: TICK [7]
FUN 4: TICK [8]
FUN 4: TICK [9]
.<80>FUN 1 IN ITERATION[24]
FUN 1: TICK [0]
FUN 1: TICK [1]
FUN 1: TICK [2]
FUN 1: TICK [3]
FUN 1: TICK [4]
FUN 1: TICK [5]
FUN 1: TICK [6]
FUN 1: TICK [7]
FUN 1: TICK [8]
FUN 1: TICK [9]
.<80>FUN 2 IN ITERATION[8]
Reading Block 9 from disk...
Lock acquired
Lock rINTERRUPT NO: 14
NO DEFAULT INTERRUPT HANDLER REGISTERED
eleased
.<88>Thread is ready. Adding back to ready queue now.
Fetching from Blocked queue
FUN 3 IN BURST[24]
FUN 3: TICK [0]
FUN 3: TICK [1]
FUN 3: TICK [2]
FUN 3: TICK [3]
FUN 3: TICK [4]
FUN 3: TICK [5]
FUN 3: TICK [6]
FUN 3: TICK [7]
FUN 3: TICK [8]
FUN 3: TICK [9]
.<88>FUN 4 IN BURST[24]
FUN 4: TICK [0]
FUN 4: TICK [1]
FUN 4: TICK [2]
FUN 4: TICK [3]
FUN 4: TICK [4]
FUN 4: TICK [5]
FUN 4: TICK [6]
FUN 4: TICK [7]
FUN 4: TICK [8]
FUN 4: TICK [9]
.<88>FUN 1 IN ITERATION[25]
FUN 1: TICK [0]
FUN 1: TICK [1]
FUN 1: TICK [2]
FUN 1: TICK [3]
FUN 1: TICK [4]
FUN 1: TICK [5]
FUN 1: TICK [6]
FUN 1: TICK [7]
FUN 1: TICK [8]
FUN 1: TICK [9]
.<88>Lock acquired
Lock released

Content of block is:<19><19><19><19><19><19><19><19><19><19><19><19><19><19><19><19><19><19><19><19><19><19><19><19><19><19><19><19><19><19><19><19><19><19><19><19><19><19><19><19><19><19><19><19><19><19><19><19><19><19><19><19><19><19><19><19><19><19><19><19><19><19><19><19><19><19><19><19><19><19><19><19><19><19><19><19><19><19><19><19><19><19><19><19><19><19><19><19><19><19><19><19><19><19><19><19><19><19><19><19><19><19><19><19><19><19><19><19><19><19><19><19><19><19><19><19><19><19><19><19><19><19><19><19><19><19><19><19><19><19><19><19><19><19><19><19><19><19><19><19><19><19><19><19><19><19><19><19><19><19><19><19><19><19><19><19><19><19><19><19><19><19><19><19><19><19><19><19><19><19><19><19><19><19><19><19><19><19><19><19><19><19><19><19><19><19><19><19><19><19><19><19><19><19><19><19><19><19><19><19><19><19><19><19><19><19><19><19><19><19><19><19><19><19><19><19><19><19><19><19><19><19><19><19><19><19><19><19><19><19><19><19><19><19><19><19><19><19><19><19><19><19><19><19><19><19><19><19><19><19><19><19><19><19><19><19><19><19><19><19><19><19><19><19><19><19><19><19><19><19><19><19><19><19><19><19><19><19><19><19><19><19><19><19><19><19><19><19><19><19><19><19><19><19><19><19><19><19><19><19><19><19><19><19><19><19><19><19><19><19><19><19><19><19><19><19><19><19><19><19><19><19><19><19><19><19><19><19><19><19><19><19><19><19><19><19><19><19><19><19><19><19><19><19><19><19><19><19><19><19><19><19><19><19><19><19><19><19><19><19><19><19><19><19><19><19><19><19><19><19><19><19><19><19><19><19><19><19><19><19><19><19><19><19><19><19><19><19><19><19><19><19><19><19><19><19><19><19><19><19><19><19><19><19><19><19><19><19><19><19><19><19><19><19><19><19><19><19><19><19><19><19><19><19><19><19><19><19><19><19><19><19><19><19><19><19><19><19><19><19><19><19><19><19><19><19><19><19><19><19><19><19><19><19><19><19><19><19><19><19><19><19><19><19><19><19><19><19><19><19><19><19><19><19><19><19><19><19><19><19><19><19><19><19><19><19><19><19><19><19><19><19><19><19><19><19><19><19><19><19><19><19><19><19><19><19><19><19><19><19><19><19>
Writing buffer to Block 8 on disk...
Lock acquired
Lock released
.<88>Thread is ready. Adding back to ready queue now.
Fetching from Blocked queue
FUN 3 IN BURST[25]
FUN 3: TICK [0]
FUN 3: TICK [1]
FUN 3: TICK [2]
FUN 3: TICK [3]
FUN 3: TICK [4]
FUN 3: TICK [5]
FUN 3: TICK [6]
FUN 3: TICK [7]
FUN 3: TICK [8]
FUN 3: TICK [9]
.<88>FUN 4 IN BURST[25]
FUN 4: TICK [0]
FUN 4: TICK [1]
FUN 4: TICK [2]
FUN 4: TICK [3]
FUN 4: TICK [4]
FUN 4: TICK [5]
FUN 4: TICK [6]
FUN 4: TICK [7]
FUN 4: TICK [8]
FUN 4: TICK [9]
.<88>FUN 1 IN ITERATION[26]
FUN 1: TICK [0]
FUN 1: TICK [1]
FUN 1: TICK [2]
FUN 1: TICK [3]
FUN 1: TICK [4]
FUN 1: TICK [5]
FUN 1: TICK [6]
FUN 1: TICK [7]
FUN 1: TICK [8]
FUN 1: TICK [9]
.<88>Lock acquired
Lock released
INTERRUPT NO: 14
NO DEFAULT INTERRUPT HANDLER REGISTERED

Done writing
.<80>FUN 3 IN BURST[26]
FUN 3: TICK [0]
FUN 3: TICK [1]
FUN 3: TICK [2]
FUN 3: TICK [3]
FUN 3: TICK [4]
FUN 3: TICK [5]
FUN 3: TICK [6]
FUN 3: TICK [7]
FUN 3: TICK [8]
FUN 3: TICK [9]
.<80>FUN 4 IN BURST[26]
FUN 4: TICK [0]
FUN 4: TICK [1]
FUN 4: TICK [2]
FUN 4: TICK [3]
FUN 4: TICK [4]
FUN 4: TICK [5]
FUN 4: TICK [6]
FUN 4: TICK [7]
FUN 4: TICK [8]
FUN 4: TICK [9]
.<80>FUN 1 IN ITERATION[27]
FUN 1: TICK [0]
FUN 1: TICK [1]
FUN 1: TICK [2]
FUN 1: TICK [3]
FUN 1: TICK [4]
FUN 1: TICK [5]
FUN 1: TICK [6]
FUN 1: TICK [7]
FUN 1: TICK [8]
FUN 1: TICK [9]
.<80>FUN 2 IN ITERATION[9]
Reading Block 0 from disk...
Lock acquired
Lock released
INTERRUPT NO: 14
NO DEFAULT INTERRUPT HANDLER REGISTERED
.<88>Thread is ready. Adding back to ready queue now.
Fetching from Blocked queue
FUN 3 IN BURST[27]
FUN 3: TICK [0]
FUN 3: TICK [1]
FUN 3: TICK [2]
FUN 3: TICK [3]
FUN 3: TICK [4]
FUN 3: TICK [5]
FUN 3: TICK [6]
FUN 3: TICK [7]
FUN 3: TICK [8]
FUN 3: TICK [9]
.<88>FUN 4 IN BURST[27]
FUN 4: TICK [0]
FUN 4: TICK [1]
FUN 4: TICK [2]
FUN 4: TICK [3]
FUN 4: TICK [4]
FUN 4: TICK [5]
FUN 4: TICK [6]
FUN 4: TICK [7]
FUN 4: TICK [8]
FUN 4: TICK [9]
.<88>FUN 1 IN ITERATION[28]
FUN 1: TICK [0]
FUN 1: TICK [1]
FUN 1: TICK [2]
FUN 1: TICK [3]
FUN 1: TICK [4]
FUN 1: TICK [5]
FUN 1: TICK [6]
FUN 1: TICK [7]
FUN 1: TICK [8]
FUN 1: TICK [9]
.<88>Lock acquired
Lock released

Content of block is:<0><0><0><0><0><0><0><0><0><0><0><0><0><0><0><0><0><0><0><0><0><0><0><0><0><0><0><0><0><0><0><0><0><0><0><0><0><0><0><0><0><0><0><0><0><0><0><0><0><0><0><0><0><0><0><0><0><0><0><0><0><0><0><0><0><0><0><0><0><0><0><0><0><0><0><0><0><0><0><0><0><0><0><0><0><0><0><0><0><0><0><0><0><0><0><0><0><0><0><0><0><0><0><0><0><0><0><0><0><0><0><0><0><0><0><0><0><0><0><0><0><0><0><0><0><0><0><0><0><0><0><0><0><0><0><0><0><0><0><0><0><0><0><0><0><0><0><0><0><0><0><0><0><0><0><0><0><0><0><0><0><0><0><0><0><0><0><0><0><0><0><0><0><0><0><0><0><0><0><0>One second has passed
<0><0><0><0><0><0><0><0><0><0><0><0><0><0><0><0><0><0><0><0><0><0><0><0><0><0><0><0><0><0><0><0><0><0><0><0><0><0><0><0><0><0><0><0><0><0><0><0><0><0><0><0><0><0><0><0><0><0><0><0><0><0><0><0><0><0><0><0><0><0><0><0><0><0><0><0><0><0><0><0><0><0><0><0><0><0><0><0><0><0><0><0><0><0><0><0><0><0><0><0><0><0><0><0><0><0><0><0><0><0><0><0><0><0><0><0><0><0><0><0><0><0><0><0><0><0><0><0><0><0><0><0><0><0><0><0><0><0><0><0><0><0><0><0><0><0><0><0><0><0><0><0><0><0><0><0><0><0><0><0><0><0><0><0><0><0><0><0><0><0><0><0><0><0><0><0><0><0><0><0><0><0><0><0><0><0><0><0><0><0><0><0><0><0><0><0><0><0><0><0><0><0><0><0><0><0><0><0><0><0><0><0><0><0><0><0><0><0><0><0><0><0><0><0><0><0><0><0><0><0><0><0><0><0><0><0><0><0><0><0><0><0><0><0><0><0><0><0><0><0><0><0><0><0><0><0><0><0><0><0><0><0><0><0><0><0><0><0><0><0><0><0><0><0><0><0><0><0><0><0><0><0><0><0><0><0><0><0><0><0><0><0><0><0><0><0><0><0><0><0><0><0><0><0><0><0><0><0><0><0><0><0><0><0><0><0><0><0><0><0><0><0><0><0><0><0><0><0><0><0><0><0>
Writing buffer to Block 9 on disk...
Lock acquired
Lock released
.<88>Thread is ready. Adding back to ready queue now.
Fetching from Blocked queue
FUN 3 IN BURST[28]
FUN 3: TICK [0]
FUN 3: TICK [1]
FUN 3: TICK [2]
FUN 3: TICK [3]
FUN 3: TICK [4]
FUN 3: TICK [5]
FUN 3: TICK [6]
FUN 3: TICK [7]
FUN 3: TICK [8]
FUN 3: TICK [9]
.<88>FUN 4 IN BURST[28]
FUN 4: TICK [0]
FUN 4: TICK [1]
FUN 4: TICK [2]
FUN 4: TICK [3]
FUN 4: TICK [4]
FUN 4: TICK [5]
FUN 4: TICK [6]
FUN 4: TICK [7]
FUN 4: TICK [8]
FUN 4: TICK [9]
.<88>FUN 1 IN ITERATION[29]
FUN 1: TICK [0]
FUN 1: TICK [1]
FUN 1: TICK [2]
FUN 1: TICK [3]
FUN 1: TICK [4]
FUN 1: TICK [5]
FUN 1: TICK [6]
FUN 1: TICK [7]
FUN 1: TICK [8]
FUN 1: TICK [9]
.<88>Lock acquired
Lock relINTERRUPT NO: 14
NO DEFAULT INTERRUPT HANDLER REGISTERED
eased

Done writing
.<80>FUN 3 IN BURST[29]
FUN 3: TICK [0]
FUN 3: TICK [1]
FUN 3: TICK [2]
FUN 3: TICK [3]
FUN 3: TICK [4]
FUN 3: TICK [5]
FUN 3: TICK [6]
FUN 3: TICK [7]
FUN 3: TICK [8]
FUN 3: TICK [9]
.<80>FUN 4 IN BURST[29]
FUN 4: TICK [0]
FUN 4: TICK [1]
FUN 4: TICK [2]
FUN 4: TICK [3]
FUN 4: TICK [4]
FUN 4: TICK [5]
FUN 4: TICK [6]
FUN 4: TICK [7]
FUN 4: TICK [8]
FUN 4: TICK [9]
.<80>FUN 1 IN ITERATION[30]
FUN 1: TICK [0]
FUN 1: TICK [1]
FUN 1: TICK [2]
FUN 1: TICK [3]
FUN 1: TICK [4]
FUN 1: TICK [5]
FUN 1: TICK [6]
FUN 1: TICK [7]
FUN 1: TICK [8]
FUN 1: TICK [9]
.<80>FUN 2 IN ITERATION[10]
Reading Block 1 from disk...
Lock acquired
LocINTERRUPT NO: 14
NO DEFAULT INTERRUPT HANDLER REGISTERED
k released
.<88>Thread is ready. Adding back to ready queue now.
Fetching from Blocked queue
FUN 3 IN BURST[30]
FUN 3: TICK [0]
FUN 3: TICK [1]
FUN 3: TICK [2]
FUN 3: TICK [3]
FUN 3: TICK [4]
FUN 3: TICK [5]
FUN 3: TICK [6]
FUN 3: TICK [7]
FUN 3: TICK [8]
FUN 3: TICK [9]
.<88>FUN 4 IN BURST[30]
FUN 4: TICK [0]
FUN 4: TICK [1]
FUN 4: TICK [2]
FUN 4: TICK [3]
FUN 4: TICK [4]
FUN 4: TICK [5]
FUN 4: TICK [6]
FUN 4: TICK [7]
FUN 4: TICK [8]
FUN 4: TICK [9]
.<88>FUN 1 IN ITERATION[31]
FUN 1: TICK [0]
FUN 1: TICK [1]
FUN 1: TICK [2]
FUN 1: TICK [3]
FUN 1: TICK [4]
FUN 1: TICK [5]
FUN 1: TICK [6]
FUN 1: TICK [7]
FUN 1: TICK [8]
FUN 1: TICK [9]
.<88>Lock acquired
Lock released

Content of block is:<1><1><1><1><1><1><1><1><1><1><1><1><1><1><1><1><1><1><1><1><1><1><1><1><1><1><1><1><1><1><1><1><1><1><1><1><1><1><1><1><1><1><1><1><1><1><1><1><1><1><1><1><1><1><1><1><1><1><1><1><1><1><1><1><1><1><1><1><1><1><1><1><1><1><1><1><1><1><1><1><1><1><1><1><1><1><1><1><1><1><1><1><1><1><1><1><1><1><1><1><1><1><1><1><1><1><1><1><1><1><1><1><1><1><1><1><1><1><1><1><1><1><1><1><1><1><1><1><1><1><1><1><1><1><1><1><1><1><1><1><1><1><1><1><1><1><1><1><1><1><1><1><1><1><1><1><1><1><1><1><1><1><1><1><1><1><1><1><1><1><1><1><1><1><1><1><1><1><1><1><1><1><1><1><1><1><1><1><1><1><1><1><1><1><1><1><1><1><1><1><1><1><1><1><1><1><1><1><1><1><1><1><1><1><1><1><1><1><1><1><1><1><1><1><1><1><1><1><1><1><1><1><1><1><1><1><1><1><1><1><1><1><1><1><1><1><1><1><1><1><1><1><1><1><1><1><1><1><1><1><1><1><1><1><1><1><1><1><1><1><1><1><1><1><1><1><1><1><1><1><1><1><1><1><1><1><1><1><1><1><1><1><1><1><1><1><1><1><1><1><1><1><1><1><1><1><1><1><1><1><1><1><1><1><1><1><1><1><1><1><1><1><1><1><1><1><1><1><1><1><1><1><1><1><1><1><1><1><1><1><1><1><1><1><1><1><1><1><1><1><1><1><1><1><1><1><1><1><1><1><1><1><1><1><1><1><1><1><1><1><1><1><1><1><1><1><1><1><1><1><1><1><1><1><1><1><1><1><1><1><1><1><1><1><1><1><1><1><1><1><1><1><1><1><1><1><1><1><1><1><1><1><1><1><1><1><1><1><1><1><1><1><1><1><1><1><1><1><1><1><1><1><1><1><1><1><1><1><1><1><1><1><1><1><1><1><1><1><1><1><1><1><1><1><1><1><1><1><1><1><1><1><1><1><1><1><1><1><1><1><1><1><1><1><1><1><1><1><1><1><1><1><1><1><1><1><1><1><1><1><1><1><1><1><1><1><1><1><1><1><1><1><1><1><1><1><1><1><1><1><1><1>
Writing buffer to Block 0 on disk...
Lock acquired
Lock released
.<88>Thread is ready. Adding back to ready queue now.
Fetching from Blocked queue
FUN 3 IN BURST[31]
FUN 3: TICK [0]
FUN 3: TICK [1]
FUN 3: TICK [2]
FUN 3: TICK [3]
FUN 3: TICK [4]
FUN 3: TICK [5]
FUN 3: TICK [6]
FUN 3: TICK [7]
FUN 3: TICK [8]
FUN 3: TICK [9]
.<88>FUN 4 IN BURST[31]
FUN 4: TICK [0]
FUN 4: TICK [1]
FUN 4: TICK [2]
FUN 4: TICK [3]
FUN 4: TICK [4]
FUN 4: TICK [5]
FUN 4: TICK [6]
FUN 4: TICK [7]
FUN 4: TICK [8]
FUN 4: TICK [9]
.<88>FUN 1 IN ITERATION[32]
FUN 1: TICK [0]
FUN 1: TICK [1]
FUN 1: TICK [2]
FUN 1: TICK [3]
FUN 1: TICK [4]
FUN 1: TICK [5]
FUN 1: TICK [6]
FUN 1: TICK [7]
FUN 1: TICK [8]
FUN 1: TICK [9]
.<88>Lock acquired
LockINTERRUPT NO: 14
NO DEFAULT INTERRUPT HANDLER REGISTERED
 released

Done writing
.<80>FUN 3 IN BURST[32]
FUN 3: TICK [0]
FUN 3: TICK [1]
FUN 3: TICK [2]
FUN 3: TICK [3]
FUN 3: TICK [4]
FUN 3: TICK [5]
FUN 3: TICK [6]
FUN 3: TICK [7]
FUN 3: TICK [8]
FUN 3: TICK [9]
.<80>FUN 4 IN BURST[32]
FUN 4: TICK [0]
FUN 4: TICK [1]
FUN 4: TICK [2]
FUN 4: TICK [3]
FUN 4: TICK [4]
FUN 4: TICK [5]
FUN 4: TICK [6]
FUN 4: TICK [7]
FUN 4: TICK [8]
FUN 4: TICK [9]
.<80>FUN 1 IN ITERATION[33]
FUN 1: TICK [0]
FUN 1: TICK [1]
FUN 1: TICK [2]
FUN 1: TICK [3]
FUN 1: TICK [4]
FUN 1: TICK [5]
FUN 1: TICK [6]
FUN 1: TICK [7]
FUN 1: TICK [8]
FUN 1: TICK [9]
.<80>FUN 2 IN ITERATION[11]
Reading Block 2 from disk...
Lock acquired
Lock released
INTERRUPT NO: 14
NO DEFAULT INTERRUPT HANDLER REGISTERED
.<88>Thread is ready. Adding back to ready queue now.
Fetching from Blocked queue
FUN 3 IN BURST[33]
FUN 3: TICK [0]
FUN 3: TICK [1]
FUN 3: TICK [2]
FUN 3: TICK [3]
FUN 3: TICK [4]
FUN 3: TICK [5]
FUN 3: TICK [6]
FUN 3: TICK [7]
FUN 3: TICK [8]
FUN 3: TICK [9]
.<88>FUN 4 IN BURST[33]
FUN 4: TICK [0]
FUN 4: TICK [1]
FUN 4: TICK [2]
FUN 4: TICK [3]
FUN 4: TICK [4]
FUN 4: TICK [5]
FUN 4: TICK [6]
FUN 4: TICK [7]
FUN 4: TICK [8]
FUN 4: TICK [9]
.<88>FUN 1 IN ITERATION[34]
FUN 1: TICK [0]
FUN 1: TICK [1]
FUN 1: TICK [2]
FUN 1: TICK [3]
FUN 1: TICK [4]
FUN 1: TICK [5]
FUN 1: TICK [6]
FUN 1: TICK [7]
FUN 1: TICK [8]
FUN 1: TICK [9]
.<88>Lock acquired
Lock released

Content of block is:<2><2><2><2><2><2><2><2><2><2><2><2><2><2><2><2><2><2><2><2><2><2><2><2><2><2><2><2><2><2><2><2><2><2><2><2><2><2><2><2><2><2><2><2><2><2><2><2><2><2><2><2><2><2><2><2><2><2><2><2><2><2><2><2><2><2><2><2><2><2><2><2><2><2><2><2><2><2><2><2><2><2><2><2><2><2><2><2><2><2><2><2><2><2><2><2><2><2><2><2><2><2><2><2><2><2><2><2><2><2><2><2><2><2><2><2><2><2><2><2><2><2><2><2><2><2><2><2><2><2><2><2><2><2><2><2><2><2><2><2><2><2><2><2><2><2><2><2><2><2><2><2><2><2><2><2><2><2><2><2><2><2><2><2><2><2><2><2><2><2><2><2><2><2><2><2><2><2><2><2><2><2><2><2><2><2><2><2><2><2><2><2><2><2><2><2><2><2><2><2><2><2><2><2><2><2><2><2><2><2><2><2><2><2><2><2><2><2><2><2><2><2><2><2><2><2><2><2><2><2><2><2><2><2><2><2><2><2><2><2><2><2><2><2><2><2><2><2><2><2><2><2><2><2><2><2><2><2><2><2><2><2><2><2><2><2><2><2><2><2><2><2><2><2><2><2><2><2><2><2><2><2><2><2><2><2><2><2><2><2><2><2><2><2><2><2><2><2><2><2><2><2><2><2><2><2><2><2><2><2><2><2><2><2><2><2><2><2><2><2><2><2><2><2><2><2><2><2><2><2><2><2><2><2><2><2><2><2><2><2><2><2><2><2><2><2><2><2><2><2><2><2><2><2><2><2><2><2><2><2><2><2><2><2><2><2><2><2><2><2><2><2><2><2><2><2><2><2><2><2><2><2><2><2><2><2><2><2><2><2><2><2><2><2><2><2><2><2><2><2><2><2><2><2><2><2><2><2><2><2><2><2><2><2><2><2><2><2><2><2><2><2><2><2><2><2><2><2><2><2><2><2><2><2><2><2><2><2><2><2><2><2><2><2><2><2><2><2><2><2><2><2><2><2><2><2><2><2><2><2><2><2><2><2><2><2><2><2><2><2><2><2><2><2><2><2><2><2><2><2><2><2><2><2><2><2><2><2><2><2><2><2><2><2><2><2><2><2><2><2><2><2><2><2><2><2><2><2><2><2><2><2>
Writing buffer to Block 1 on disk...
Lock acquired
Lock released
.<88>Thread is ready. Adding back to ready queue now.
Fetching from Blocked queue
FUN 3 IN BURST[34]
FUN 3: TICK [0]
FUN 3: TICK [1]
FUN 3: TICK [2]
FUN 3: TICK [3]
FUN 3: TICK [4]
FUN 3: TICK [5]
FUN 3: TICK [6]
FUN 3: TICK [7]
FUN 3: TICK [8]
FUN 3: TICK [9]
.<88>FUN 4 IN BURST[34]
FUN 4: TICK [0]
FUN 4: TICK [1]
FUN 4: TICK [2]
FUN 4: TICK [3]
FUN 4: TICK [4]
FUN 4: TICK [5]
FUN 4: TICK [6]
FUN 4: TICK [7]
FUN 4: TICK [8]
FUN 4: TICK [9]
.<88>FUN 1 IN ITERATION[35]
FUN 1: TICK [0]
FUN 1: TICK [1]
FUN 1: TICK [2]
FUN 1: TICK [3]
FUN 1: TICK [4]
FUN 1: TICK [5]
FUN 1: TICK [6]
FUN 1: TICK [7]
FUN 1: TICK [8]
FUN 1: TICK [9]
.<88>Lock acquired
Lock relINTERRUPT NO: 14
NO DEFAULT INTERRUPT HANDLER REGISTERED
eased

Done writing
.<80>FUN 3 IN BURST[35]
FUN 3: TICK [0]
FUN 3: TICK [1]
FUN 3: TICK [2]
FUN 3: TICK [3]
FUN 3: TICK [4]
FUN 3: TICK [5]
FUN 3: TICK [6]
FUN 3: TICK [7]
FUN 3: TICK [8]
FUN 3: TICK [9]
.<80>FUN 4 IN BURST[35]
FUN 4: TICK [0]
FUN 4: TICK [1]
FUN 4: TICK [2]
FUN 4: TICK [3]
FUN 4: TICK [4]
FUN 4: TICK [5]
FUN 4: TICK [6]
FUN 4: TICK [7]
FUN 4: TICK [8]
FUN 4: TICK [9]
.<80>FUN 1 IN ITERATION[36]
FUN 1: TICK [0]
FUN 1: TICK [1]
FUN 1: TICK [2]
FUN 1: TICK [3]
FUN 1: TICK [4]
FUN 1: TICK [5]
FUN 1: TICK [6]
FUN 1: TICK [7]
FUN 1: TICK [8]
FUN 1: TICK [9]
.<80>FUN 2 IN ITERATION[12]
Reading Block 3 from disk...
Lock acquired
Lock released
INTERRUPT NO: 14
NO DEFAULT INTERRUPT HANDLER REGISTERED
.<88>Thread is ready. Adding back to ready queue now.
Fetching from Blocked queue
FUN 3 IN BURST[36]
FUN 3: TICK [0]
FUN 3: TICK [1]
FUN 3: TICK [2]
FUN 3: TICK [3]
FUN 3: TICK [4]
FUN 3: TICK [5]
FUN 3: TICK [6]
FUN 3: TICK [7]
FUN 3: TICK [8]
FUN 3: TICK [9]
.<88>FUN 4 IN BURST[36]
FUN 4: TICK [0]
FUN 4: TICK [1]
FUN 4: TICK [2]
FUN 4: TICK [3]
FUN 4: TICK [4]
FUN 4: TICK [5]
FUN 4: TICK [6]
FUN 4: TICK [7]
FUN 4: TICK [8]
FUN 4: TICK [9]
.<88>FUN 1 IN ITERATION[37]
FUN 1: TICK [0]
FUN 1: TICK [1]
FUN 1: TICK [2]
FUN 1: TICK [3]
FUN 1: TICK [4]
FUN 1: TICK [5]
FUN 1: TICK [6]
FUN 1: TICK [7]
FUN 1: TICK [8]
FUN 1: TICK [9]
.<88>Lock acquired
Lock released

Content of block is:<3><3><3><3><3><3><3><3><3><3><3><3><3><3><3><3><3><3><3><3><3><3><3><3><3><3><3><3><3><3><3><3><3><3><3><3><3><3><3><3><3><3><3><3><3><3><3><3><3><3><3><3><3><3><3><3><3><3><3><3><3><3><3><3><3><3><3><3><3><3><3><3><3><3><3><3><3><3><3><3><3><3><3><3><3><3><3><3><3><3><3><3><3><3><3><3><3><3><3><3><3><3><3><3><3><3><3><3><3><3><3><3><3><3><3><3><3><3><3><3><3><3><3><3><3><3><3><3><3><3><3><3><3><3><3><3><3><3><3><3><3><3><3><3><3><3><3><3><3><3><3><3><3><3><3><3><3><3><3><3><3><3><3><3><3><3><3><3><3><3><3><3><3><3><3><3><3><3><3><3><3><3><3><3><3><3><3><3><3><3><3><3><3><3><3><3><3><3><3><3><3><3><3><3><3><3><3><3><3><3><3><3><3><3><3><3><3><3><3><3><3><3><3><3><3><3><3><3><3><3><3><3><3><3><3><3><3><3><3><3><3><3><3><3><3><3><3><3><3><3><3><3><3><3><3><3><3><3><3><3><3><3><3><3><3><3><3><3><3><3><3><3><3><3><3><3><3><3><3><3><3><3><3><3><3><3><3><3><3><3><3><3><3><3><3><3><3><3><3><3><3><3><3><3><3><3><3><3><3><3><3><3><3><3><3><3><3><3><3><3><3><3><3><3><3><3><3><3><3><3><3><3><3><3><3><3><3><3><3><3><3><3><3><3><3><3><3><3><3><3><3><3><3><3><3><3><3><3><3><3><3><3><3><3><3><3><3><3><3><3><3><3><3><3><3><3><3><3><3><3><3><3><3><3><3><3><3><3><3><3><3><3><3><3><3><3><3><3><3><3><3><3><3><3><3><3><3><3><3><3><3><3><3><3><3><3><3><3><3><3><3><3><3><3><3><3><3><3><3><3><3><3><3><3><3><3><3><3><3><3><3><3><3><3><3><3><3><3><3><3><3><3><3><3><3><3><3><3><3><3><3><3><3><3><3><3><3><3><3><3><3><3><3><3><3><3><3><3><3><3><3><3><3><3><3><3><3><3><3><3><3><3><3><3><3><3><3><3><3><3><3><3><3><3><3><3><3><3><3><3><3><3>
Writing buffer to Block 2 on disk...
Lock acquired
Lock released
.<88>Thread is ready. Adding back to ready queue now.
Fetching from Blocked queue
FUN 3 IN BURST[37]
FUN 3: TICK [0]
FUN 3: TICK [1]
FUN 3: TICK [2]
FUN 3: TICK [3]
FUN 3: TICK [4]
FUN 3: TICK [5]
FUN 3: TICK [6]
FUN 3: TICK [7]
FUN 3: TICK [8]
FUN 3: TICK [9]
.<88>FUN 4 IN BURST[37]
FUN 4: TICK [0]
FUN 4: TICK [1]
FUN 4: TICK [2]
FUN 4: TICK [3]
FUN 4: TICK [4]
FUN 4: TICK [5]
FUN 4: TICK [6]
FUN 4: TICK [7]
FUN 4: TICK [8]
FUN 4: TICK [9]
.<88>FUN 1 IN ITERATION[38]
FUN 1: TICK [0]
FUN 1: TICK [1]
FUN 1: TICK [2]
FUN 1: TICK [3]
FUN 1: TICK [4]
FUN 1: TICK [5]
FUN 1: TICK [6]
FUN 1: TICK [7]
FUN 1: TICK [8]
FUN 1: TICK [9]
.<88>Lock acquired
Lock released
INTERRUPT NO: 14
NO DEFAULT INTERRUPT HANDLER REGISTERED

Done writing
.<80>FUN 3 IN BURST[38]
FUN 3: TICK [0]
FUN 3: TICK [1]
FUN 3: TICK [2]
FUN 3: TICK [3]
FUN 3: TICK [4]
FUN 3: TICK [5]
FUN 3: TICK [6]
FUN 3: TICK [7]
FUN 3: TICK [8]
FUN 3: TICK [9]
.<80>FUN 4 IN BURST[38]
FUN 4: TICK [0]
FUN 4: TICK [1]
FUN 4: TICK [2]
FUN 4: TICK [3]
FUN 4: TICK [4]
FUN 4: TICK [5]
FUN 4: TICK [6]
FUN 4: TICK [7]
FUN 4: TICK [8]
FUN 4: TICK [9]
.<80>FUN 1 IN ITERATION[39]
FUN 1: TICK [0]
FUN 1: TICK [1]
FUN 1: TICK [2]
FUN 1: TICK [3]
FUN 1: TICK [4]
FUN 1: TICK [5]
FUN 1: TICK [6]
FUN 1: TICK [7]
FUN 1: TICK [8]
FUN 1: TICK [9]
.<80>FUN 2 IN ITERATION[13]
Reading Block 4 from disk...
Lock acquired
Lock relINTERRUPT NO: 14
NO DEFAULT INTERRUPT HANDLER REGISTERED
eased
.<88>Thread is ready. Adding back to ready queue now.
Fetching from Blocked queue
FUN 3 IN BURST[39]
FUN 3: TICK [0]
FUN 3: TICK [1]
FUN 3: TICK [2]
FUN 3: TICK [3]
FUN 3: TICK [4]
FUN 3: TICK [5]
FUN 3: TICK [6]
FUN 3: TICK [7]
FUN 3: TICK [8]
FUN 3: TICK [9]
.<88>FUN 4 IN BURST[39]
FUN 4: TICK [0]
FUN 4: TICK [1]
FUN 4: TICK [2]
FUN 4: TICK [3]
FUN 4: TICK [4]
FUN 4: TICK [5]
FUN 4: TICK [6]
FUN 4: TICK [7]
FUN 4: TICK [8]
FUN 4: TICK [9]
.<88>FUN 1 IN ITERATION[40]
FUN 1: TICK [0]
FUN 1: TICK [1]
FUN 1: TICK [2]
FUN 1: TICK [3]
FUN 1: TICK [4]
FUN 1: TICK [5]
FUN 1: TICK [6]
FUN 1: TICK [7]
FUN 1: TICK [8]
FUN 1: TICK [9]
.<88>Lock acquired
Lock released

Content of block is:<4><4><4><4><4><4><4><4><4><4><4><4><4><4><4><4><4><4><4><4><4><4><4><4><4><4><4><4><4><4><4><4><4><4><4><4><4><4><4><4><4><4><4><4><4><4><4><4><4><4><4><4><4><4><4><4><4><4><4><4><4><4><4><4><4><4><4><4><4><4><4><4><4><4><4><4><4><4><4><4><4><4><4><4><4><4><4><4><4><4><4><4><4><4><4><4><4><4><4><4><4><4><4><4><4><4><4><4><4><4><4><4><4><4><4><4><4><4><4><4><4><4><4><4><4><4><4><4><4><4><4><4><4><4><4><4><4><4><4><4><4><4><4><4><4><4><4><4><4><4><4><4><4><4><4><4><4><4><4><4><4><4><4><4><4><4><4><4><4><4><4><4><4><4><4><4><4><4><4><4><4><4><4><4><4><4><4><4><4><4><4><4><4><4><4><4><4><4><4><4><4><4><4><4><4><4><4><4><4><4><4><4><4><4><4><4><4><4><4><4><4><4><4><4><4><4><4><4><4><4><4><4><4><4><4><4><4><4><4><4><4><4><4><4><4><4><4><4><4><4><4><4><4><4><4><4><4><4><4><4><4><4><4><4><4><4><4><4><4><4><4><4><4><4><4><4><4><4><4><4><4><4><4><4><4><4><4><4><4><4><4><4><4><4><4><4><4><4><4><4><4><4><4><4><4><4><4><4><4><4><4><4><4><4><4><4><4><4><4><4><4><4><4><4><4><4><4><4><4><4><4><4><4><4><4><4><4><4><4><4><4><4><4><4><4><4><4><4><4><4><4><4><4><4><4><4><4><4><4><4><4><4><4><4><4><4><4><4><4><4><4><4><4><4><4><4><4><4><4><4><4><4><4><4><4><4><4><4><4><4><4><4><4><4><4><4><4><4><4><4><4><4><4><4><4><4><4><4><4><4><4><4><4><4><4><4><4><4><4><4><4><4><4><4><4><4><4><4><4><4><4><4><4><4><4><4><4><4><4><4><4><4><4><4><4><4><4><4><4><4><4><4><4><4><4><4><4><4><4><4><4><4><4><4><4><4><4><4><4><4><4><4><4><4><4><4><4><4><4><4><4><4><4><4><4><4><4><4><4><4><4><4><4><4><4><4><4><4><4><4><4><4><4><4><4><4><4><4><4><4><4><4>
Writing buffer to Block 3 on disk...
Lock acquired
Lock released
.<88>Thread is ready. Adding back to ready queue now.
Fetching from Blocked queue
FUN 3 IN BURST[40]
FUN 3: TICK [0]
FUN 3: TICK [1]
FUN 3: TICK [2]
FUN 3: TICK [3]
FUN 3: TICK [4]
FUN 3: TICK [5]
FUN 3: TICK [6]
FUN 3: TICK [7]
FUN 3: TICK [8]
FUN 3: TICK [9]
.<88>FUN 4 IN BURST[40]
FUN 4: TICK [0]
FUN 4: TICK [1]
FUN 4: TICK [2]
FUN 4: TICK [3]
FUN 4: TICK [4]
FUN 4: TICK [5]
FUN 4: TICK [6]
FUN 4: TICK [7]
FUN 4: TICK [8]
FUN 4: TICK [9]
.<88>FUN 1 IN ITERATION[41]
FUN 1: TICK [0]
FUN 1: TICK [1]
FUN 1: TICK [2]
FUN 1: TICK [3]
FUN 1: TICK [4]
FUN 1: TICK [5]
FUN 1: TICK [6]
FUN 1: TICK [7]
FUN 1: TICK [8]
FUN 1: TICK [9]
.<88>Lock acquired
Lock releaseINTERRUPT NO: 14
NO DEFAULT INTERRUPT HANDLER REGISTERED
d

Done writing
.<80>FUN 3 IN BURST[41]
FUN 3: TICK [0]
FUN 3: TICK [1]
FUN 3: TICK [2]
FUN 3: TICK [3]
FUN 3: TICK [4]
FUN 3: TICK [5]
FUN 3: TICK [6]
FUN 3: TICK [7]
FUN 3: TICK [8]
FUN 3: TICK [9]
.<80>FUN 4 IN BURST[41]
FUN 4: TICK [0]
FUN 4: TICK [1]
FUN 4: TICK [2]
FUN 4: TICK [3]
FUN 4: TICK [4]
FUN 4: TICK [5]
FUN 4: TICK [6]
FUN 4: TICK [7]
FUN 4: TICK [8]
FUN 4: TICK [9]
.<80>FUN 1 IN ITERATION[42]
FUN 1: TICK [0]
FUN 1: TICK [1]
FUN 1: TICK [2]
FUN 1: TICK [3]
FUN 1: TICK [4]
FUN 1: TICK [5]
FUN 1: TICK [6]
FUN 1: TICK [7]
FUN 1: TICK [8]
FUN 1: TICK [9]
.<80>FUN 2 IN ITERATION[14]
Reading Block 5 from disk...
Lock acquired
LocINTERRUPT NO: 14
NO DEFAULT INTERRUPT HANDLER REGISTERED
k released
.<88>Thread is ready. Adding back to ready queue now.
Fetching from Blocked queue
FUN 3 IN BURST[42]
FUN 3: TICK [0]
FUN 3: TICK [1]
FUN 3: TICK [2]
FUN 3: TICK [3]
FUN 3: TICK [4]
FUN 3: TICK [5]
FUN 3: TICK [6]
FUN 3: TICK [7]
FUN 3: TICK [8]
FUN 3: TICK [9]
.<88>FUN 4 IN BURST[42]
FUN 4: TICK [0]
FUN 4: TICK [1]
FUN 4: TICK [2]
FUN 4: TICK [3]
FUN 4: TICK [4]
FUN 4: TICK [5]
FUN 4: TICK [6]
FUN 4: TICK [7]
FUN 4: TICK [8]
FUN 4: TICK [9]
.<88>FUN 1 IN ITERATION[43]
FUN 1: TICK [0]
FUN 1: TICK [1]
FUN 1: TICK [2]
FUN 1: TICK [3]
FUN 1: TICK [4]
One second has passed
FUN 1: TICK [5]
FUN 1: TICK [6]
FUN 1: TICK [7]
FUN 1: TICK [8]
FUN 1: TICK [9]
.<88>Lock acquired
Lock released

Content of block is:<5><5><5><5><5><5><5><5><5><5><5><5><5><5><5><5><5><5><5><5><5><5><5><5><5><5><5><5><5><5><5><5><5><5><5><5><5><5><5><5><5><5><5><5><5><5><5><5><5><5><5><5><5><5><5><5><5><5><5><5><5><5><5><5><5><5><5><5><5><5><5><5><5><5><5><5><5><5><5><5><5><5><5><5><5><5><5><5><5><5><5><5><5><5><5><5><5><5><5><5><5><5><5><5><5><5><5><5><5><5><5><5><5><5><5><5><5><5><5><5><5><5><5><5><5><5><5><5><5><5><5><5><5><5><5><5><5><5><5><5><5><5><5><5><5><5><5><5><5><5><5><5><5><5><5><5><5><5><5><5><5><5><5><5><5><5><5><5><5><5><5><5><5><5><5><5><5><5><5><5><5><5><5><5><5><5><5><5><5><5><5><5><5><5><5><5><5><5><5><5><5><5><5><5><5><5><5><5><5><5><5><5><5><5><5><5><5><5><5><5><5><5><5><5><5><5><5><5><5><5><5><5><5><5><5><5><5><5><5><5><5><5><5><5><5><5><5><5><5><5><5><5><5><5><5><5><5><5><5><5><5><5><5><5><5><5><5><5><5><5><5><5><5><5><5><5><5><5><5><5><5><5><5><5><5><5><5><5><5><5><5><5><5><5><5><5><5><5><5><5><5><5><5><5><5><5><5><5><5><5><5><5><5><5><5><5><5><5><5><5><5><5><5><5><5><5><5><5><5><5><5><5><5><5><5><5><5><5><5><5><5><5><5><5><5><5><5><5><5><5><5><5><5><5><5><5><5><5><5><5><5><5><5><5><5><5><5><5><5><5><5><5><5><5><5><5><5><5><5><5><5><5><5><5><5><5><5><5><5><5><5><5><5><5><5><5><5><5><5><5><5><5><5><5><5><5><5><5><5><5><5><5><5><5><5><5><5><5><5><5><5><5><5><5><5><5><5><5><5><5><5><5><5><5><5><5><5><5><5><5><5><5><5><5><5><5><5><5><5><5><5><5><5><5><5><5><5><5><5><5><5><5><5><5><5><5><5><5><5><5><5><5><5><5><5><5><5><5><5><5><5><5><5><5><5><5><5><5><5><5><5><5><5><5><5><5><5><5><5><5><5><5><5><5><5><5><5><5><5><5><5><5>
Writing buffer to Block 4 on disk...
Lock acquired
Lock released
.<88>Thread is ready. Adding back to ready queue now.
Fetching from Blocked queue
FUN 3 IN BURST[43]
FUN 3: TICK [0]
FUN 3: TICK [1]
FUN 3: TICK [2]
FUN 3: TICK [3]
FUN 3: TICK [4]
FUN 3: TICK [5]
FUN 3: TICK [6]
FUN 3: TICK [7]
FUN 3: TICK [8]
FUN 3: TICK [9]
.<88>FUN 4 IN BURST[43]
FUN 4: TICK [0]
FUN 4: TICK [1]
FUN 4: TICK [2]
FUN 4: TICK [3]
FUN 4: TICK [4]
FUN 4: TICK [5]
FUN 4: TICK [6]
FUN 4: TICK [7]
FUN 4: TICK [8]
FUN 4: TICK [9]
.<88>FUN 1 IN ITERATION[44]
FUN 1: TICK [0]
FUN 1: TICK [1]
FUN 1: TICK [2]
FUN 1: TICK [3]
FUN 1: TICK [4]
FUN 1: TICK [5]
FUN 1: TICK [6]
FUN 1: TICK [7]
FUN 1: TICK [8]
FUN 1: TICK [9]
.<88>Lock acquired
Lock rINTERRUPT NO: 14
NO DEFAULT INTERRUPT HANDLER REGISTERED
eleased

Done writing
.<80>FUN 3 IN BURST[44]
FUN 3: TICK [0]
FUN 3: TICK [1]
FUN 3: TICK [2]
FUN 3: TICK [3]
FUN 3: TICK [4]
FUN 3: TICK [5]
FUN 3: TICK [6]
FUN 3: TICK [7]
FUN 3: TICK [8]
FUN 3: TICK [9]
.<80>FUN 4 IN BURST[44]
FUN 4: TICK [0]
FUN 4: TICK [1]
FUN 4: TICK [2]
FUN 4: TICK [3]
FUN 4: TICK [4]
FUN 4: TICK [5]
FUN 4: TICK [6]
FUN 4: TICK [7]
FUN 4: TICK [8]
FUN 4: TICK [9]
.<80>FUN 1 IN ITERATION[45]
FUN 1: TICK [0]
FUN 1: TICK [1]
FUN 1: TICK [2]
FUN 1: TICK [3]
FUN 1: TICK [4]
FUN 1: TICK [5]
FUN 1: TICK [6]
FUN 1: TICK [7]
FUN 1: TICK [8]
FUN 1: TICK [9]
.<80>FUN 2 IN ITERATION[15]
Reading Block 6 from disk...
Lock acquired
Lock INTERRUPT NO: 14
NO DEFAULT INTERRUPT HANDLER REGISTERED
released
.<88>Thread is ready. Adding back to ready queue now.
Fetching from Blocked queue
FUN 3 IN BURST[45]
FUN 3: TICK [0]
FUN 3: TICK [1]
FUN 3: TICK [2]
FUN 3: TICK [3]
FUN 3: TICK [4]
FUN 3: TICK [5]
FUN 3: TICK [6]
FUN 3: TICK [7]
FUN 3: TICK [8]
FUN 3: TICK [9]
.<88>FUN 4 IN BURST[45]
FUN 4: TICK [0]
FUN 4: TICK [1]
FUN 4: TICK [2]
FUN 4: TICK [3]
FUN 4: TICK [4]
FUN 4: TICK [5]
FUN 4: TICK [6]
FUN 4: TICK [7]
FUN 4: TICK [8]
FUN 4: TICK [9]
.<88>FUN 1 IN ITERATION[46]
FUN 1: TICK [0]
FUN 1: TICK [1]
FUN 1: TICK [2]
FUN 1: TICK [3]
FUN 1: TICK [4]
FUN 1: TICK [5]
FUN 1: TICK [6]
FUN 1: TICK [7]
FUN 1: TICK [8]
FUN 1: TICK [9]
.<88>Lock acquired
Lock released

Content of block is:<6><6><6><6><6><6><6><6><6><6><6><6><6><6><6><6><6><6><6><6><6><6><6><6><6><6><6><6><6><6><6><6><6><6><6><6><6><6><6><6><6><6><6><6><6><6><6><6><6><6><6><6><6><6><6><6><6><6><6><6><6><6><6><6><6><6><6><6><6><6><6><6><6><6><6><6><6><6><6><6><6><6><6><6><6><6><6><6><6><6><6><6><6><6><6><6><6><6><6><6><6><6><6><6><6><6><6><6><6><6><6><6><6><6><6><6><6><6><6><6><6><6><6><6><6><6><6><6><6><6><6><6><6><6><6><6><6><6><6><6><6><6><6><6><6><6><6><6><6><6><6><6><6><6><6><6><6><6><6><6><6><6><6><6><6><6><6><6><6><6><6><6><6><6><6><6><6><6><6><6><6><6><6><6><6><6><6><6><6><6><6><6><6><6><6><6><6><6><6><6><6><6><6><6><6><6><6><6><6><6><6><6><6><6><6><6><6><6><6><6><6><6><6><6><6><6><6><6><6><6><6><6><6><6><6><6><6><6><6><6><6><6><6><6><6><6><6><6><6><6><6><6><6><6><6><6><6><6><6><6><6><6><6><6><6><6><6><6><6><6><6><6><6><6><6><6><6><6><6><6><6><6><6><6><6><6><6><6><6><6><6><6><6><6><6><6><6><6><6><6><6><6><6><6><6><6><6><6><6><6><6><6><6><6><6><6><6><6><6><6><6><6><6><6><6><6><6><6><6><6><6><6><6><6><6><6><6><6><6><6><6><6><6><6><6><6><6><6><6><6><6><6><6><6><6><6><6><6><6><6><6><6><6><6><6><6><6><6><6><6><6><6><6><6><6><6><6><6><6><6><6><6><6><6><6><6><6><6><6><6><6><6><6><6><6><6><6><6><6><6><6><6><6><6><6><6><6><6><6><6><6><6><6><6><6><6><6><6><6><6><6><6><6><6><6><6><6><6><6><6><6><6><6><6><6><6><6><6><6><6><6><6><6><6><6><6><6><6><6><6><6><6><6><6><6><6><6><6><6><6><6><6><6><6><6><6><6><6><6><6><6><6><6><6><6><6><6><6><6><6><6><6><6><6><6><6><6><6><6><6><6><6><6><6><6><6><6><6><6><6><6><6><6><6><6><6><6><6><6><6><6><6>
Writing buffer to Block 5 on disk...
Lock acquired
Lock released
.<88>Thread is ready. Adding back to ready queue now.
Fetching from Blocked queue
FUN 3 IN BURST[46]
FUN 3: TICK [0]
FUN 3: TICK [1]
FUN 3: TICK [2]
FUN 3: TICK [3]
FUN 3: TICK [4]
FUN 3: TICK [5]
FUN 3: TICK [6]
FUN 3: TICK [7]
FUN 3: TICK [8]
FUN 3: TICK [9]
.<88>FUN 4 IN BURST[46]
FUN 4: TICK [0]
FUN 4: TICK [1]
FUN 4: TICK [2]
FUN 4: TICK [3]
FUN 4: TICK [4]
FUN 4: TICK [5]
FUN 4: TICK [6]
FUN 4: TICK [7]
FUN 4: TICK [8]
FUN 4: TICK [9]
.<88>FUN 1 IN ITERATION[47]
FUN 1: TICK [0]
FUN 1: TICK [1]
FUN 1: TICK [2]
FUN 1: TICK [3]
FUN 1: TICK [4]
FUN 1: TICK [5]
FUN 1: TICK [6]
FUN 1: TICK [7]
FUN 1: TICK [8]
FUN 1: TICK [9]
.<88>Lock acquired
Lock released
INTERRUPT NO: 14
NO DEFAULT INTERRUPT HANDLER REGISTERED

Done writing
.<80>FUN 3 IN BURST[47]
FUN 3: TICK [0]
FUN 3: TICK [1]
FUN 3: TICK [2]
FUN 3: TICK [3]
FUN 3: TICK [4]
FUN 3: TICK [5]
FUN 3: TICK [6]
FUN 3: TICK [7]
FUN 3: TICK [8]
FUN 3: TICK [9]
.<80>FUN 4 IN BURST[47]
FUN 4: TICK [0]
FUN 4: TICK [1]
FUN 4: TICK [2]
FUN 4: TICK [3]
FUN 4: TICK [4]
FUN 4: TICK [5]
FUN 4: TICK [6]
FUN 4: TICK [7]
FUN 4: TICK [8]
FUN 4: TICK [9]
.<80>FUN 1 IN ITERATION[48]
FUN 1: TICK [0]
FUN 1: TICK [1]
FUN 1: TICK [2]
FUN 1: TICK [3]
FUN 1: TICK [4]
FUN 1: TICK [5]
FUN 1: TICK [6]
FUN 1: TICK [7]
FUN 1: TICK [8]
FUN 1: TICK [9]
.<80>FUN 2 IN ITERATION[16]
Reading Block 7 from disk...
Lock acquired
Lock INTERRUPT NO: 14
NO DEFAULT INTERRUPT HANDLER REGISTERED
released
.<88>Thread is ready. Adding back to ready queue now.
Fetching from Blocked queue
FUN 3 IN BURST[48]
FUN 3: TICK [0]
FUN 3: TICK [1]
FUN 3: TICK [2]
FUN 3: TICK [3]
FUN 3: TICK [4]
FUN 3: TICK [5]
FUN 3: TICK [6]
FUN 3: TICK [7]
FUN 3: TICK [8]
FUN 3: TICK [9]
.<88>FUN 4 IN BURST[48]
FUN 4: TICK [0]
FUN 4: TICK [1]
FUN 4: TICK [2]
FUN 4: TICK [3]
FUN 4: TICK [4]
FUN 4: TICK [5]
FUN 4: TICK [6]
FUN 4: TICK [7]
FUN 4: TICK [8]
FUN 4: TICK [9]
.<88>FUN 1 IN ITERATION[49]
FUN 1: TICK [0]
FUN 1: TICK [1]
FUN 1: TICK [2]
FUN 1: TICK [3]
FUN 1: TICK [4]
FUN 1: TICK [5]
FUN 1: TICK [6]
FUN 1: TICK [7]
FUN 1: TICK [8]
FUN 1: TICK [9]
.<88>Lock acquired
Lock released

Content of block is:<7><7><7><7><7><7><7><7><7><7><7><7><7><7><7><7><7><7><7><7><7><7><7><7><7><7><7><7><7><7><7><7><7><7><7><7><7><7><7><7><7><7><7><7><7><7><7><7><7><7><7><7><7><7><7><7><7><7><7><7><7><7><7><7><7><7><7><7><7><7><7><7><7><7><7><7><7><7><7><7><7><7><7><7><7><7><7><7><7><7><7><7><7><7><7><7><7><7><7><7><7><7><7><7><7><7><7><7><7><7><7><7><7><7><7><7><7><7><7><7><7><7><7><7><7><7><7><7><7><7><7><7><7><7><7><7><7><7><7><7><7><7><7><7><7><7><7><7><7><7><7><7><7><7><7><7><7><7><7><7><7><7><7><7><7><7><7><7><7><7><7><7><7><7><7><7><7><7><7><7><7><7><7><7><7><7><7><7><7><7><7><7><7><7><7><7><7><7><7><7><7><7><7><7><7><7><7><7><7><7><7><7><7><7><7><7><7><7><7><7><7><7><7><7><7><7><7><7><7><7><7><7><7><7><7><7><7><7><7><7><7><7><7><7><7><7><7><7><7><7><7><7><7><7><7><7><7><7><7><7><7><7><7><7><7><7><7><7><7><7><7><7><7><7><7><7><7><7><7><7><7><7><7><7><7><7><7><7><7><7><7><7><7><7><7><7><7><7><7><7><7><7><7><7><7><7><7><7><7><7><7><7><7><7><7><7><7><7><7><7><7><7><7><7><7><7><7><7><7><7><7><7><7><7><7><7><7><7><7><7><7><7><7><7><7><7><7><7><7><7><7><7><7><7><7><7><7><7><7><7><7><7><7><7><7><7><7><7><7><7><7><7><7><7><7><7><7><7><7><7><7><7><7><7><7><7><7><7><7><7><7><7><7><7><7><7><7><7><7><7><7><7><7><7><7><7><7><7><7><7><7><7><7><7><7><7><7><7><7><7><7><7><7><7><7><7><7><7><7><7><7><7><7><7><7><7><7><7><7><7><7><7><7><7><7><7><7><7><7><7><7><7><7><7><7><7><7><7><7><7><7><7><7><7><7><7><7><7><7><7><7><7><7><7><7><7><7><7><7><7><7><7><7><7><7><7><7><7><7><7><7><7><7><7><7><7><7><7><7><7><7><7><7><7><7><7><7><7><7><7><7><7>
Writing buffer to Block 6 on disk...
Lock acquired
Lock released
.<88>Thread is ready. Adding back to ready queue now.
Fetching from Blocked queue
FUN 3 IN BURST[49]
FUN 3: TICK [0]
FUN 3: TICK [1]
FUN 3: TICK [2]
FUN 3: TICK [3]
FUN 3: TICK [4]
FUN 3: TICK [5]
FUN 3: TICK [6]
FUN 3: TICK [7]
FUN 3: TICK [8]
FUN 3: TICK [9]
.<88>FUN 4 IN BURST[49]
FUN 4: TICK [0]
FUN 4: TICK [1]
FUN 4: TICK [2]
FUN 4: TICK [3]
FUN 4: TICK [4]
FUN 4: TICK [5]
FUN 4: TICK [6]
FUN 4: TICK [7]
FUN 4: TICK [8]
FUN 4: TICK [9]
.<88>FUN 1 IN ITERATION[50]
FUN 1: TICK [0]
FUN 1: TICK [1]
FUN 1: TICK [2]
FUN 1: TICK [3]
FUN 1: TICK [4]
FUN 1: TICK [5]
FUN 1: TICK [6]
FUN 1: TICK [7]
FUN 1: TICK [8]
FUN 1: TICK [9]
.<88>Lock acquired
Lock releasINTERRUPT NO: 14
NO DEFAULT INTERRUPT HANDLER REGISTERED
ed

Done writing
.<80>FUN 3 IN BURST[50]
FUN 3: TICK [0]
FUN 3: TICK [1]
FUN 3: TICK [2]
FUN 3: TICK [3]
FUN 3: TICK [4]
FUN 3: TICK [5]
FUN 3: TICK [6]
FUN 3: TICK [7]
FUN 3: TICK [8]
FUN 3: TICK [9]
.<80>FUN 4 IN BURST[50]
FUN 4: TICK [0]
FUN 4: TICK [1]
FUN 4: TICK [2]
FUN 4: TICK [3]
FUN 4: TICK [4]
FUN 4: TICK [5]
FUN 4: TICK [6]
FUN 4: TICK [7]
FUN 4: TICK [8]
FUN 4: TICK [9]
.<80>FUN 1 IN ITERATION[51]
FUN 1: TICK [0]
FUN 1: TICK [1]
FUN 1: TICK [2]
FUN 1: TICK [3]
FUN 1: TICK [4]
FUN 1: TICK [5]
FUN 1: TICK [6]
FUN 1: TICK [7]
FUN 1: TICK [8]
FUN 1: TICK [9]
.<80>FUN 2 IN ITERATION[17]
Reading Block 8 from disk...
Lock acquired
Lock released
INTERRUPT NO: 14
NO DEFAULT INTERRUPT HANDLER REGISTERED
.<88>Thread is ready. Adding back to ready queue now.
Fetching from Blocked queue
FUN 3 IN BURST[51]
FUN 3: TICK [0]
FUN 3: TICK [1]
FUN 3: TICK [2]
FUN 3: TICK [3]
FUN 3: TICK [4]
FUN 3: TICK [5]
FUN 3: TICK [6]
FUN 3: TICK [7]
FUN 3: TICK [8]
FUN 3: TICK [9]
.<88>FUN 4 IN BURST[51]
FUN 4: TICK [0]
FUN 4: TICK [1]
FUN 4: TICK [2]
FUN 4: TICK [3]
FUN 4: TICK [4]
FUN 4: TICK [5]
FUN 4: TICK [6]
FUN 4: TICK [7]
FUN 4: TICK [8]
FUN 4: TICK [9]
.<88>FUN 1 IN ITERATION[52]
FUN 1: TICK [0]
FUN 1: TICK [1]
FUN 1: TICK [2]
FUN 1: TICK [3]
FUN 1: TICK [4]
FUN 1: TICK [5]
FUN 1: TICK [6]
FUN 1: TICK [7]
FUN 1: TICK [8]
FUN 1: TICK [9]
.<88>Lock acquired
Lock released

Content of block is:<8><8><8><8><8><8><8><8><8><8><8><8><8><8><8><8><8><8><8><8><8><8><8><8><8><8><8><8><8><8><8><8><8><8><8><8><8><8><8><8><8><8><8><8><8><8><8><8><8><8><8><8><8><8><8><8><8><8><8><8><8><8><8><8><8><8><8><8><8><8><8><8><8><8><8><8><8><8><8><8><8><8><8><8><8><8><8><8><8><8><8><8><8><8><8><8><8><8><8><8><8><8><8><8><8><8><8><8><8><8><8><8><8><8><8><8><8><8><8><8><8><8><8><8><8><8><8><8><8><8><8><8><8><8><8><8><8><8><8><8><8><8><8><8><8><8><8><8><8><8><8><8><8><8><8><8><8><8><8><8><8><8><8><8><8><8><8><8><8><8><8><8><8><8><8><8><8><8><8><8><8><8><8><8><8><8><8><8><8><8><8><8><8><8><8><8><8><8><8><8><8><8><8><8><8><8><8><8><8><8><8><8><8><8><8><8><8><8><8><8><8><8><8><8><8><8><8><8><8><8><8><8><8><8><8><8><8><8><8><8><8><8><8><8><8><8><8><8><8><8><8><8><8><8><8><8><8><8><8><8><8><8><8><8><8><8><8><8><8><8><8><8><8><8><8><8><8><8><8><8><8><8><8><8><8><8><8><8><8><8><8><8><8><8><8><8><8><8><8><8><8><8><8><8><8><8><8><8><8><8><8><8><8><8><8><8><8><8><8><8><8><8><8><8><8><8><8><8><8><8><8><8><8><8><8><8><8><8><8><8><8><8><8><8><8><8><8><8><8><8><8><8><8><8><8><8><8><8><8><8><8><8><8><8><8><8><8><8><8><8><8><8><8><8><8><8><8><8><8><8><8><8><8><8><8><8><8><8><8><8><8><8><8><8><8><8><8><8><8><8><8><8><8><8><8><8><8><8><8><8><8><8><8><8><8><8><8><8><8><8><8><8><8><8><8><8><8><8><8><8><8><8><8><8><8><8><8><8><8><8><8><8><8><8><8><8><8><8><8><8><8><8><8><8><8><8><8><8><8><8><8><8><8><8><8><8><8><8><8><8><8><8><8><8><8><8><8><8><8><8><8><8><8><8><8><8><8><8><8><8><8><8><8><8><8><8><8><8><8><8><8><8><8><8><8><8><8><8><8><8><8><8>
Writing buffer to Block 7 on disk...
Lock acquired
Lock released
.<88>Thread is ready. Adding back to ready queue now.
Fetching from Blocked queue
FUN 3 IN BURST[52]
FUN 3: TICK [0]
FUN 3: TICK [1]
FUN 3: TICK [2]
FUN 3: TICK [3]
FUN 3: TICK [4]
FUN 3: TICK [5]
FUN 3: TICK [6]
FUN 3: TICK [7]
FUN 3: TICK [8]
FUN 3: TICK [9]
.<88>FUN 4 IN BURST[52]
FUN 4: TICK [0]
FUN 4: TICK [1]
FUN 4: TICK [2]
FUN 4: TICK [3]
FUN 4: TICK [4]
FUN 4: TICK [5]
FUN 4: TICK [6]
FUN 4: TICK [7]
FUN 4: TICK [8]
FUN 4: TICK [9]
.<88>FUN 1 IN ITERATION[53]
FUN 1: TICK [0]
FUN 1: TICK [1]
FUN 1: TICK [2]
FUN 1: TICK [3]
FUN 1: TICK [4]
FUN 1: TICK [5]
FUN 1: TICK [6]
FUN 1: TICK [7]
FUN 1: TICK [8]
FUN 1: TICK [9]
.<88>Lock acquired
Lock released
INTERRUPT NO: 14
NO DEFAULT INTERRUPT HANDLER REGISTERED

Done writing
.<80>FUN 3 IN BURST[53]
FUN 3: TICK [0]
FUN 3: TICK [1]
FUN 3: TICK [2]
FUN 3: TICK [3]
FUN 3: TICK [4]
FUN 3: TICK [5]
FUN 3: TICK [6]
FUN 3: TICK [7]
FUN 3: TICK [8]
FUN 3: TICK [9]
.<80>FUN 4 IN BURST[53]
FUN 4: TICK [0]
FUN 4: TICK [1]
FUN 4: TICK [2]
FUN 4: TICK [3]
FUN 4: TICK [4]
FUN 4: TICK [5]
FUN 4: TICK [6]
FUN 4: TICK [7]
FUN 4: TICK [8]
FUN 4: TICK [9]
.<80>FUN 1 IN ITERATION[54]
FUN 1: TICK [0]
FUN 1: TICK [1]
FUN 1: TICK [2]
FUN 1: TICK [3]
FUN 1: TICK [4]
FUN 1: TICK [5]
FUN 1: TICK [6]
FUN 1: TICK [7]
FUN 1: TICK [8]
FUN 1: TICK [9]
.<80>FUN 2 IN ITERATION[18]
Reading Block 9 from disk...
Lock acquired
Lock releINTERRUPT NO: 14
NO DEFAULT INTERRUPT HANDLER REGISTERED
ased
.<88>Thread is ready. Adding back to ready queue now.
Fetching from Blocked queue
FUN 3 IN BURST[54]
FUN 3: TICK [0]
FUN 3: TICK [1]
FUN 3: TICK [2]
FUN 3: TICK [3]
FUN 3: TICK [4]
FUN 3: TICK [5]
FUN 3: TICK [6]
FUN 3: TICK [7]
FUN 3: TICK [8]
FUN 3: TICK [9]
.<88>FUN 4 IN BURST[54]
FUN 4: TICK [0]
FUN 4: TICK [1]
FUN 4: TICK [2]
FUN 4: TICK [3]
FUN 4: TICK [4]
FUN 4: TICK [5]
FUN 4: TICK [6]
FUN 4: TICK [7]
FUN 4: TICK [8]
FUN 4: TICK [9]
.<88>FUN 1 IN ITERATION[55]
FUN 1: TICK [0]
FUN 1: TICK [1]
FUN 1: TICK [2]
FUN 1: TICK [3]
FUN 1: TICK [4]
FUN 1: TICK [5]
FUN 1: TICK [6]
FUN 1: TICK [7]
FUN 1: TICK [8]
FUN 1: TICK [9]
.<88>Lock acquired
Lock released

Content of block is:<9><9><9><9><9><9><9><9><9><9><9><9><9><9><9><9><9><9><9><9><9><9><9><9><9><9><9><9><9><9><9><9><9><9><9><9><9><9><9><9><9><9><9><9><9><9><9><9><9><9><9><9><9><9><9><9><9><9><9><9><9><9><9><9><9><9><9><9><9><9><9><9><9><9><9><9><9><9><9><9><9><9><9><9><9><9><9><9><9><9><9><9><9><9><9><9><9><9><9><9><9><9><9><9><9><9><9><9><9><9><9><9><9><9><9><9><9><9><9><9><9><9><9><9><9><9><9><9><9><9><9><9><9><9><9><9><9><9><9><9><9><9><9><9><9><9><9><9><9><9><9><9><9><9><9><9><9><9><9><9><9><9><9><9><9><9><9><9><9><9><9><9><9><9><9><9><9><9><9><9><9><9><9><9><9><9><9><9><9><9><9><9><9><9><9><9><9><9><9><9><9><9><9><9><9><9><9><9><9><9><9><9><9><9><9><9><9><9><9><9><9><9><9><9><9><9><9><9><9><9><9><9><9><9><9><9><9><9><9><9><9><9><9><9><9><9><9><9><9><9><9><9><9><9><9><9><9><9><9><9><9><9><9><9><9><9><9><9><9><9><9><9><9><9><9><9><9><9><9><9><9><9><9><9><9><9><9><9><9><9><9><9><9><9><9><9><9><9><9><9><9><9><9><9><9><9><9><9><9><9><9><9><9><9><9><9><9><9><9><9><9><9><9><9><9><9><9><9><9><9><9><9><9><9><9><9><9><9><9><9><9><9><9><9><9><9><9><9><9><9><9><9><9><9><9><9><9><9><9><9><9><9><9><9><9><9><9><9><9><9><9><9><9><9><9><9><9><9><9><9><9><9><9><9><9><9><9><9><9><9><9><9><9><9><9><9><9><9><9><9><9><9><9><9><9><9><9><9><9><9><9><9><9><9><9><9><9><9><9><9><9><9><9><9><9><9><9><9><9><9><9><9><9><9><9><9><9><9><9><9><9><9><9><9><9><9><9><9><9><9><9><9><9><9><9><9><9><9><9><9><9><9><9><9><9><9><9><9><9><9><9><9><9><9><9><9><9><9><9><9><9><9><9><9><9><9><9><9><9><9><9><9><9><9><9><9><9><9><9><9><9><9><9><9><9><9><9><9><9><9><9><9>
Writing buffer to Block 8 on disk...
Lock acquired
Lock released
.<88>Thread is ready. Adding back to ready queue now.
Fetching from Blocked queue
FUN 3 IN BURST[55]
FUN 3: TICK [0]
FUN 3: TICK [1]
FUN 3: TICK [2]
FUN 3: TICK [3]
FUN 3: TICK [4]
FUN 3: TICK [5]
FUN 3: TICK [6]
FUN 3: TICK [7]
FUN 3: TICK [8]
FUN 3: TICK [9]
.<88>FUN 4 IN BURST[55]
FUN 4: TICK [0]
FUN 4: TICK [1]
FUN 4: TICK [2]
FUN 4: TICK [3]
FUN 4: TICK [4]
FUN 4: TICK [5]
FUN 4: TICK [6]
FUN 4: TICK [7]
FUN 4: TICK [8]
FUN 4: TICK [9]
.<88>FUN 1 IN ITERATION[56]
FUN 1: TICK [0]
FUN 1: TICK [1]
FUN 1: TICK [2]
FUN 1: TICK [3]
FUN 1: TICK [4]
FUN 1: TICK [5]
FUN 1: TICK [6]
FUN 1: TICK [7]
FUN 1: TICK [8]
FUN 1: TICK [9]
.<88>Lock acquired
Lock released
INTERRUPT NO: 14
NO DEFAULT INTERRUPT HANDLER REGISTERED

Done writing
.<80>FUN 3 IN BURST[56]
FUN 3: TICK [0]
FUN 3: TICK [1]
FUN 3: TICK [2]
FUN 3: TICK [3]
FUN 3: TICK [4]
FUN 3: TICK [5]
FUN 3: TICK [6]
FUN 3: TICK [7]
FUN 3: TICK [8]
FUN 3: TICK [9]
.<80>FUN 4 IN BURST[56]
FUN 4: TICK [0]
FUN 4: TICK [1]
FUN 4: TICK [2]
FUN 4: TICK [3]
FUN 4: TICK [4]
FUN 4: TICK [5]
FUN 4: TICK [6]
FUN 4: TICK [7]
FUN 4: TICK [8]
FUN 4: TICK [9]
.<80>FUN 1 IN ITERATION[57]
FUN 1: TICK [0]
FUN 1: TICK [1]
FUN 1: TICK [2]
FUN 1: TICK [3]
FUN 1: TICK [4]
FUN 1: TICK [5]
FUN 1: TICK [6]
FUN 1: TICK [7]
FUN 1: TICK [8]
FUN 1: TICK [9]
.<80>FUN 2 IN ITERATION[19]
Reading Block 0 from disk...
Lock acquired
Lock released
INTERRUPT NO: 14
NO DEFAULT INTERRUPT HANDLER REGISTERED
.<88>Thread is ready. Adding back to ready queue now.
Fetching from Blocked queue
FUN 3 IN BURST[57]
FUN 3: TICK [0]
FUN 3: TICK [1]
FUN 3: TICK [2]
FUN 3: TICK [3]
FUN 3: TICK [4]
FUN 3: TICK [5]
FUN 3: TICK [6]
FUN 3: TICK [7]
FUN 3: TICK [8]
FUN 3: TICK [9]
.<88>FUN 4 IN BURST[57]
FUN 4: TICK [0]
FUN 4: TICK [1]
FUN 4: TICK [2]
One second has passed
FUN 4: TICK [3]
FUN 4: TICK [4]
FUN 4: TICK [5]
FUN 4: TICK [6]
FUN 4: TICK [7]
FUN 4: TICK [8]
FUN 4: TICK [9]
.<88>FUN 1 IN ITERATION[58]
FUN 1: TICK [0]
FUN 1: TICK [1]
FUN 1: TICK [2]
FUN 1: TICK [3]
FUN 1: TICK [4]
FUN 1: TICK [5]
FUN 1: TICK [6]
FUN 1: TICK [7]
FUN 1: TICK [8]
FUN 1: TICK [9]
.<88>Lock acquired
Lock released

Content of block is:<10><10><10><10><10><10><10><10><10><10><10><10><10><10><10><10><10><10><10><10><10><10><10><10><10><10><10><10><10><10><10><10><10><10><10><10><10><10><10><10><10><10><10><10><10><10><10><10><10><10><10><10><10><10><10><10><10><10><10><10><10><10><10><10><10><10><10><10><10><10><10><10><10><10><10><10><10><10><10><10><10><10><10><10><10><10><10><10><10><10><10><10><10><10><10><10><10><10><10><10><10><10><10><10><10><10><10><10><10><10><10><10><10><10><10><10><10><10><10><10><10><10><10><10><10><10><10><10><10><10><10><10><10><10><10><10><10><10><10><10><10><10><10><10><10><10><10><10><10><10><10><10><10><10><10><10><10><10><10><10><10><10><10><10><10><10><10><10><10><10><10><10><10><10><10><10><10><10><10><10><10><10><10><10><10><10><10><10><10><10><10><10><10><10><10><10><10><10><10><10><10><10><10><10><10><10><10><10><10><10><10><10><10><10><10><10><10><10><10><10><10><10><10><10><10><10><10><10><10><10><10><10><10><10><10><10><10><10><10><10><10><10><10><10><10><10><10><10><10><10><10><10><10><10><10><10><10><10><10><10><10><10><10><10><10><10><10><10><10><10><10><10><10><10><10><10><10><10><10><10><10><10><10><10><10><10><10><10><10><10><10><10><10><10><10><10><10><10><10><10><10><10><10><10><10><10><10><10><10><10><10><10><10><10><10><10><10><10><10><10><10><10><10><10><10><10><10><10><10><10><10><10><10><10><10><10><10><10><10><10><10><10><10><10><10><10><10><10><10><10><10><10><10><10><10><10><10><10><10><10><10><10><10><10><10><10><10><10><10><10><10><10><10><10><10><10><10><10><10><10><10><10><10><10><10><10><10><10><10><10><10><10><10><10><10><10><10><10><10><10><10><10><10><10><10><10><10><10><10><10><10><10><10><10><10><10><10><10><10><10><10><10><10><10><10><10><10><10><10><10><10><10><10><10><10><10><10><10><10><10><10><10><10><10><10><10><10><10><10><10><10><10><10><10><10><10><10><10><10><10><10><10><10><10><10><10><10><10><10><10><10><10><10><10><10><10><10><10><10><10><10><10><10><10><10><10><10><10><10><10><10><10><10><10><10><10><10><10><10><10><10><10><10><10><10><10><10><10><10><10><10><10>
Writing buffer to Block 9 on disk...
Lock acquired
Lock released
.<88>Thread is ready. Adding back to ready queue now.
Fetching from Blocked queue
FUN 3 IN BURST[58]
FUN 3: TICK [0]
FUN 3: TICK [1]
FUN 3: TICK [2]
FUN 3: TICK [3]
FUN 3: TICK [4]
FUN 3: TICK [5]
FUN 3: TICK [6]
FUN 3: TICK [7]
FUN 3: TICK [8]
FUN 3: TICK [9]
.<88>FUN 4 IN BURST[58]
FUN 4: TICK [0]
FUN 4: TICK [1]
FUN 4: TICK [2]
FUN 4: TICK [3]
FUN 4: TICK [4]
FUN 4: TICK [5]
FUN 4: TICK [6]
FUN 4: TICK [7]
FUN 4: TICK [8]
FUN 4: TICK [9]
.<88>FUN 1 IN ITERATION[59]
FUN 1: TICK [0]
FUN 1: TICK [1]
FUN 1: TICK [2]
FUN 1: TICK [3]
FUN 1: TICK [4]
FUN 1: TICK [5]
FUN 1: TICK [6]
FUN 1: TICK [7]
FUN 1: TICK [8]
FUN 1: TICK [9]
.<88>Lock acquired
Lock releINTERRUPT NO: 14
NO DEFAULT INTERRUPT HANDLER REGISTERED
ased

Done writing
.<80>FUN 3 IN BURST[59]
FUN 3: TICK [0]
FUN 3: TICK [1]
FUN 3: TICK [2]
FUN 3: TICK [3]
FUN 3: TICK [4]
FUN 3: TICK [5]
FUN 3: TICK [6]
FUN 3: TICK [7]
FUN 3: TICK [8]
FUN 3: TICK [9]
.<80>FUN 4 IN BURST[59]
FUN 4: TICK [0]
FUN 4: TICK [1]
FUN 4: TICK [2]
FUN 4: TICK [3]
FUN 4: TICK [4]
FUN 4: TICK [5]
FUN 4: TICK [6]
FUN 4: TICK [7]
FUN 4: TICK [8]
FUN 4: TICK [9]
.<80>FUN 1 IN ITERATION[60]
FUN 1: TICK [0]
FUN 1: TICK [1]
FUN 1: TICK [2]
FUN 1: TICK [3]
FUN 1: TICK [4]
FUN 1: TICK [5]
FUN 1: TICK [6]
FUN 1: TICK [7]
FUN 1: TICK [8]
FUN 1: TICK [9]
.<80>FUN 2 IN ITERATION[20]
Reading Block 1 from disk...
Lock acquired
Lock released
INTERRUPT NO: 14
NO DEFAULT INTERRUPT HANDLER REGISTERED
.<88>Thread is ready. Adding back to ready queue now.
Fetching from Blocked queue
FUN 3 IN BURST[60]
FUN 3: TICK [0]
FUN 3: TICK [1]
FUN 3: TICK [2]
FUN 3: TICK [3]
FUN 3: TICK [4]
FUN 3: TICK [5]
FUN 3: TICK [6]
FUN 3: TICK [7]
FUN 3: TICK [8]
FUN 3: TICK [9]
.<88>FUN 4 IN BURST[60]
FUN 4: TICK [0]
FUN 4: TICK [1]
FUN 4: TICK [2]
FUN 4: TICK [3]
FUN 4: TICK [4]
FUN 4: TICK [5]
FUN 4: TICK [6]
FUN 4: TICK [7]
FUN 4: TICK [8]
FUN 4: TICK [9]
.<88>FUN 1 IN ITERATION[61]
FUN 1: TICK [0]
FUN 1: TICK [1]
FUN 1: TICK [2]
FUN 1: TICK [3]
FUN 1: TICK [4]
FUN 1: TICK [5]
FUN 1: TICK [6]
FUN 1: TICK [7]
FUN 1: TICK [8]
FUN 1: TICK [9]
.<88>Lock acquired
Lock released

Content of block is:<11><11><11><11><11><11><11><11><11><11><11><11><11><11><11><11><11><11><11><11><11><11><11><11><11><11><11><11><11><11><11><11><11><11><11><11><11><11><11><11><11><11><11><11><11><11><11><11><11><11><11><11><11><11><11><11><11><11><11><11><11><11><11><11><11><11><11><11><11><11><11><11><11><11><11><11><11><11><11><11><11><11><11><11><11><11><11><11><11><11><11><11><11><11><11><11><11><11><11><11><11><11><11><11><11><11><11><11><11><11><11><11><11><11><11><11><11><11><11><11><11><11><11><11><11><11><11><11><11><11><11><11><11><11><11><11><11><11><11><11><11><11><11><11><11><11><11><11><11><11><11><11><11><11><11><11><11><11><11><11><11><11><11><11><11><11><11><11><11><11><11><11><11><11><11><11><11><11><11><11><11><11><11><11><11><11><11><11><11><11><11><11><11><11><11><11><11><11><11><11><11><11><11><11><11><11><11><11><11><11><11><11><11><11><11><11><11><11><11><11><11><11><11><11><11><11><11><11><11><11><11><11><11><11><11><11><11><11><11><11><11><11><11><11><11><11><11><11><11><11><11><11><11><11><11><11><11><11><11><11><11><11><11><11><11><11><11><11><11><11><11><11><11><11><11><11><11><11><11><11><11><11><11><11><11><11><11><11><11><11><11><11><11><11><11><11><11><11><11><11><11><11><11><11><11><11><11><11><11><11><11><11><11><11><11><11><11><11><11><11><11><11><11><11><11><11><11><11><11><11><11><11><11><11><11><11><11><11><11><11><11><11><11><11><11><11><11><11><11><11><11><11><11><11><11><11><11><11><11><11><11><11><11><11><11><11><11><11><11><11><11><11><11><11><11><11><11><11><11><11><11><11><11><11><11><11><11><11><11><11><11><11><11><11><11><11><11><11><11><11><11><11><11><11><11><11><11><11><11><11><11><11><11><11><11><11><11><11><11><11><11><11><11><11><11><11><11><11><11><11><11><11><11><11><11><11><11><11><11><11><11><11><11><11><11><11><11><11><11><11><11><11><11><11><11><11><11><11><11><11><11><11><11><11><11><11><11><11><11><11><11><11><11><11><11><11><11><11><11><11><11><11><11><11><11><11><11><11><11><11><11><11><11><11><11><11><11><11><11><11><11><11><11><11><11><11><11><11><11><11><11><11>
Writing buffer to Block 0 on disk...
Lock acquired
Lock released
.<88>Thread is ready. Adding back to ready queue now.
Fetching from Blocked queue
FUN 3 IN BURST[61]
FUN 3: TICK [0]
FUN 3: TICK [1]
FUN 3: TICK [2]
FUN 3: TICK [3]
FUN 3: TICK [4]
FUN 3: TICK [5]
FUN 3: TICK [6]
FUN 3: TICK [7]
FUN 3: TICK [8]
FUN 3: TICK [9]
.<88>FUN 4 IN BURST[61]
FUN 4: TICK [0]
FUN 4: TICK [1]
FUN 4: TICK [2]
FUN 4: TICK [3]
FUN 4: TICK [4]
FUN 4: TICK [5]
FUN 4: TICK [6]
FUN 4: TICK [7]
FUN 4: TICK [8]
FUN 4: TICK [9]
.<88>FUN 1 IN ITERATION[62]
FUN 1: TICK [0]
FUN 1: TICK [1]
FUN 1: TICK [2]
FUN 1: TICK [3]
FUN 1: TICK [4]
FUN 1: TICK [5]
FUN 1: TICK [6]
FUN 1: TICK [7]
FUN 1: TICK [8]
FUN 1: TICK [9]
.<88>Lock acquired
Lock relINTERRUPT NO: 14
NO DEFAULT INTERRUPT HANDLER REGISTERED
eased

Done writing
.<80>FUN 3 IN BURST[62]
FUN 3: TICK [0]
FUN 3: TICK [1]
FUN 3: TICK [2]
FUN 3: TICK [3]
FUN 3: TICK [4]
FUN 3: TICK [5]
FUN 3: TICK [6]
FUN 3: TICK [7]
FUN 3: TICK [8]
FUN 3: TICK [9]
.<80>FUN 4 IN BURST[62]
FUN 4: TICK [0]
FUN 4: TICK [1]
FUN 4: TICK [2]
FUN 4: TICK [3]
FUN 4: TICK [4]
FUN 4: TICK [5]
FUN 4: TICK [6]
FUN 4: TICK [7]
FUN 4: TICK [8]
FUN 4: TICK [9]
.<80>FUN 1 IN ITERATION[63]
FUN 1: TICK [0]
FUN 1: TICK [1]
FUN 1: TICK [2]
FUN 1: TICK [3]
FUN 1: TICK [4]
FUN 1: TICK [5]
FUN 1: TICK [6]
FUN 1: TICK [7]
FUN 1: TICK [8]
FUN 1: TICK [9]
.<80>FUN 2 IN ITERATION[21]
Reading Block 2 from disk...
Lock acquired
LockINTERRUPT NO: 14
NO DEFAULT INTERRUPT HANDLER REGISTERED
 released
.<88>Thread is ready. Adding back to ready queue now.
Fetching from Blocked queue
FUN 3 IN BURST[63]
FUN 3: TICK [0]
FUN 3: TICK [1]
FUN 3: TICK [2]
FUN 3: TICK [3]
FUN 3: TICK [4]
FUN 3: TICK [5]
FUN 3: TICK [6]
FUN 3: TICK [7]
FUN 3: TICK [8]
FUN 3: TICK [9]
.<88>FUN 4 IN BURST[63]
FUN 4: TICK [0]
FUN 4: TICK [1]
FUN 4: TICK [2]
FUN 4: TICK [3]
FUN 4: TICK [4]
FUN 4: TICK [5]
FUN 4: TICK [6]
FUN 4: TICK [7]
FUN 4: TICK [8]
FUN 4: TICK [9]
.<88>FUN 1 IN ITERATION[64]
FUN 1: TICK [0]
FUN 1: TICK [1]
FUN 1: TICK [2]
FUN 1: TICK [3]
FUN 1: TICK [4]
FUN 1: TICK [5]
FUN 1: TICK [6]
FUN 1: TICK [7]
FUN 1: TICK [8]
FUN 1: TICK [9]
.<88>Lock acquired
Lock released

Content of block is:<12><12><12><12><12><12><12><12><12><12><12><12><12><12><12><12><12><12><12><12><12><12><12><12><12><12><12><12><12><12><12><12><12><12><12><12><12><12><12><12><12><12><12><12><12><12><12><12><12><12><12><12><12><12><12><12><12><12><12><12><12><12><12><12><12><12><12><12><12><12><12><12><12><12><12><12><12><12><12><12><12><12><12><12><12><12><12><12><12><12><12><12><12><12><12><12><12><12><12><12><12><12><12><12><12><12><12><12><12><12><12><12><12><12><12><12><12><12><12><12><12><12><12><12><12><12><12><12><12><12><12><12><12><12><12><12><12><12><12><12><12><12><12><12><12><12><12><12><12><12><12><12><12><12><12><12><12><12><12><12><12><12><12><12><12><12><12><12><12><12><12><12><12><12><12><12><12><12><12><12><12><12><12><12><12><12><12><12><12><12><12><12><12><12><12><12><12><12><12><12><12><12><12><12><12><12><12><12><12><12><12><12><12><12><12><12><12><12><12><12><12><12><12><12><12><12><12><12><12><12><12><12><12><12><12><12><12><12><12><12><12><12><12><12><12><12><12><12><12><12><12><12><12><12><12><12><12><12><12><12><12><12><12><12><12><12><12><12><12><12><12><12><12><12><12><12><12><12><12><12><12><12><12><12><12><12><12><12><12><12><12><12><12><12><12><12><12><12><12><12><12><12><12><12><12><12><12><12><12><12><12><12><12><12><12><12><12><12><12><12><12><12><12><12><12><12><12><12><12><12><12><12><12><12><12><12><12><12><12><12><12><12><12><12><12><12><12><12><12><12><12><12><12><12><12><12><12><12><12><12><12><12><12><12><12><12><12><12><12><12><12><12><12><12><12><12><12><12><12><12><12><12><12><12><12><12><12><12><12><12><12><12><12><12><12><12><12><12><12><12><12><12><12><12><12><12><12><12><12><12><12><12><12><12><12><12><12><12><12><12><12><12><12><12><12><12><12><12><12><12><12><12><12><12><12><12><12><12><12><12><12><12><12><12><12><12><12><12><12><12><12><12><12><12><12><12><12><12><12><12><12><12><12><12><12><12><12><12><12><12><12><12><12><12><12><12><12><12><12><12><12><12><12><12><12><12><12><12><12><12><12><12><12><12><12><12><12><12><12><12><12><12><12><12><12><12><12><12><12><12><12><12>
Writing buffer to Block 1 on disk...
Lock acquired
Lock released
.<88>Thread is ready. Adding back to ready queue now.
Fetching from Blocked queue
FUN 3 IN BURST[64]
FUN 3: TICK [0]
FUN 3: TICK [1]
FUN 3: TICK [2]
FUN 3: TICK [3]
FUN 3: TICK [4]
FUN 3: TICK [5]
FUN 3: TICK [6]
FUN 3: TICK [7]
FUN 3: TICK [8]
FUN 3: TICK [9]
.<88>FUN 4 IN BURST[64]
FUN 4: TICK [0]
FUN 4: TICK [1]
FUN 4: TICK [2]
FUN 4: TICK [3]
FUN 4: TICK [4]
FUN 4: TICK [5]
FUN 4: TICK [6]
FUN 4: TICK [7]
FUN 4: TICK [8]
FUN 4: TICK [9]
.<88>FUN 1 IN ITERATION[65]
FUN 1: TICK [0]
FUN 1: TICK [1]
FUN 1: TICK [2]
FUN 1: TICK [3]
FUN 1: TICK [4]
FUN 1: TICK [5]
FUN 1: TICK [6]
FUN 1: TICK [7]
FUN 1: TICK [8]
FUN 1: TICK [9]
.<88>Lock acquired
Lock rINTERRUPT NO: 14
NO DEFAULT INTERRUPT HANDLER REGISTERED
eleased

Done writing
.<80>FUN 3 IN BURST[65]
FUN 3: TICK [0]
FUN 3: TICK [1]
FUN 3: TICK [2]
FUN 3: TICK [3]
FUN 3: TICK [4]
FUN 3: TICK [5]
FUN 3: TICK [6]
FUN 3: TICK [7]
FUN 3: TICK [8]
FUN 3: TICK [9]
.<80>FUN 4 IN BURST[65]
FUN 4: TICK [0]
FUN 4: TICK [1]
FUN 4: TICK [2]
FUN 4: TICK [3]
FUN 4: TICK [4]
FUN 4: TICK [5]
FUN 4: TICK [6]
FUN 4: TICK [7]
FUN 4: TICK [8]
FUN 4: TICK [9]
.<80>FUN 1 IN ITERATION[66]
FUN 1: TICK [0]
FUN 1: TICK [1]
FUN 1: TICK [2]
FUN 1: TICK [3]
FUN 1: TICK [4]
FUN 1: TICK [5]
FUN 1: TICK [6]
FUN 1: TICK [7]
FUN 1: TICK [8]
FUN 1: TICK [9]
.<80>FUN 2 IN ITERATION[22]
Reading Block 3 from disk...
Lock acquired
Lock released
INTERRUPT NO: 14
NO DEFAULT INTERRUPT HANDLER REGISTERED
.<88>Thread is ready. Adding back to ready queue now.
Fetching from Blocked queue
FUN 3 IN BURST[66]
FUN 3: TICK [0]
FUN 3: TICK [1]
FUN 3: TICK [2]
FUN 3: TICK [3]
FUN 3: TICK [4]
FUN 3: TICK [5]
FUN 3: TICK [6]
FUN 3: TICK [7]
FUN 3: TICK [8]
FUN 3: TICK [9]
.<88>FUN 4 IN BURST[66]
FUN 4: TICK [0]
FUN 4: TICK [1]
FUN 4: TICK [2]
FUN 4: TICK [3]
FUN 4: TICK [4]
FUN 4: TICK [5]
FUN 4: TICK [6]
FUN 4: TICK [7]
FUN 4: TICK [8]
FUN 4: TICK [9]
.<88>FUN 1 IN ITERATION[67]
FUN 1: TICK [0]
FUN 1: TICK [1]
FUN 1: TICK [2]
FUN 1: TICK [3]
FUN 1: TICK [4]
FUN 1: TICK [5]
FUN 1: TICK [6]
FUN 1: TICK [7]
FUN 1: TICK [8]
FUN 1: TICK [9]
.<88>Lock acquired
Lock released

Content of block is:<13><13><13><13><13><13><13><13><13><13><13><13><13><13><13><13><13><13><13><13><13><13><13><13><13><13><13><13><13><13><13><13><13><13><13><13><13><13><13><13><13><13><13><13><13><13><13><13><13><13><13><13><13><13><13><13><13><13><13><13><13><13><13><13><13><13><13><13><13><13><13><13><13><13><13><13><13><13><13><13><13><13><13><13><13><13><13><13><13><13><13><13><13><13><13><13><13><13><13><13><13><13><13><13><13><13><13><13><13><13><13><13><13><13><13><13><13><13><13><13><13><13><13><13><13><13><13><13><13><13><13><13><13><13><13><13><13><13><13><13><13><13><13><13><13><13><13><13><13><13><13><13><13><13><13><13><13><13><13><13><13><13><13><13><13><13><13><13><13><13><13><13><13><13><13><13><13><13><13><13><13><13><13><13><13><13><13><13><13><13><13><13><13><13><13><13><13><13><13><13><13><13><13><13><13><13><13><13><13><13><13><13><13><13><13><13><13><13><13><13><13><13><13><13><13><13><13><13><13><13><13><13><13><13><13><13><13><13><13><13><13><13><13><13><13><13><13><13><13><13><13><13><13><13><13><13><13><13><13><13><13><13><13><13><13><13><13><13><13><13><13><13><13><13><13><13><13><13><13><13><13><13><13><13><13><13><13><13><13><13><13><13><13><13><13><13><13><13><13><13><13><13><13><13><13><13><13><13><13><13><13><13><13><13><13><13><13><13><13><13><13><13><13><13><13><13><13><13><13><13><13><13><13><13><13><13><13><13><13><13><13><13><13><13><13><13><13><13><13><13><13><13><13><13><13><13><13><13><13><13><13><13><13><13><13><13><13><13><13><13><13><13><13><13><13><13><13><13><13><13><13><13><13><13><13><13><13><13><13><13><13><13><13><13><13><13><13><13><13><13><13><13><13><13><13><13><13><13><13><13><13><13><13><13><13><13><13><13><13><13><13><13><13><13><13><13><13><13><13><13><13><13><13><13><13><13><13><13><13><13><13><13><13><13><13><13><13><13><13><13><13><13><13><13><13><13><13><13><13><13><13><13><13><13><13><13><13><13><13><13><13><13><13><13><13><13><13><13><13><13><13><13><13><13><13><13><13><13><13><13><13><13><13><13><13><13><13><13><13><13><13><13><13><13><13><13><13><13><13><13><13><13>
Writing buffer to Block 2 on disk...
Lock acquired
Lock released
.<88>Thread is ready. Adding back to ready queue now.
Fetching from Blocked queue
FUN 3 IN BURST[67]
FUN 3: TICK [0]
FUN 3: TICK [1]
FUN 3: TICK [2]
FUN 3: TICK [3]
FUN 3: TICK [4]
FUN 3: TICK [5]
FUN 3: TICK [6]
FUN 3: TICK [7]
FUN 3: TICK [8]
FUN 3: TICK [9]
.<88>FUN 4 IN BURST[67]
FUN 4: TICK [0]
FUN 4: TICK [1]
FUN 4: TICK [2]
FUN 4: TICK [3]
FUN 4: TICK [4]
FUN 4: TICK [5]
FUN 4: TICK [6]
FUN 4: TICK [7]
FUN 4: TICK [8]
FUN 4: TICK [9]
.<88>FUN 1 IN ITERATION[68]
FUN 1: TICK [0]
FUN 1: TICK [1]
FUN 1: TICK [2]
FUN 1: TICK [3]
FUN 1: TICK [4]
FUN 1: TICK [5]
FUN 1: TICK [6]
FUN 1: TICK [7]
FUN 1: TICK [8]
FUN 1: TICK [9]
.<88>Lock acquired
Lock released
INTERRUPT NO: 14
NO DEFAULT INTERRUPT HANDLER REGISTERED

Done writing
.<80>FUN 3 IN BURST[68]
FUN 3: TICK [0]
FUN 3: TICK [1]
FUN 3: TICK [2]
FUN 3: TICK [3]
FUN 3: TICK [4]
FUN 3: TICK [5]
FUN 3: TICK [6]
FUN 3: TICK [7]
FUN 3: TICK [8]
FUN 3: TICK [9]
.<80>FUN 4 IN BURST[68]
FUN 4: TICK [0]
FUN 4: TICK [1]
FUN 4: TICK [2]
FUN 4: TICK [3]
FUN 4: TICK [4]
FUN 4: TICK [5]
FUN 4: TICK [6]
FUN 4: TICK [7]
FUN 4: TICK [8]
FUN 4: TICK [9]
.<80>FUN 1 IN ITERATION[69]
FUN 1: TICK [0]
FUN 1: TICK [1]
FUN 1: TICK [2]
FUN 1: TICK [3]
FUN 1: TICK [4]
FUN 1: TICK [5]
FUN 1: TICK [6]
FUN 1: TICK [7]
FUN 1: TICK [8]
FUN 1: TICK [9]
.<80>FUN 2 IN ITERATION[23]
Reading Block 4 from disk...
Lock acquired
LockINTERRUPT NO: 14
NO DEFAULT INTERRUPT HANDLER REGISTERED
 released
.<88>Thread is ready. Adding back to ready queue now.
Fetching from Blocked queue
FUN 3 IN BURST[69]
FUN 3: TICK [0]
FUN 3: TICK [1]
FUN 3: TICK [2]
FUN 3: TICK [3]
FUN 3: TICK [4]
FUN 3: TICK [5]
FUN 3: TICK [6]
FUN 3: TICK [7]
FUN 3: TICK [8]
FUN 3: TICK [9]
.<88>FUN 4 IN BURST[69]
FUN 4: TICK [0]
FUN 4: TICK [1]
FUN 4: TICK [2]
FUN 4: TICK [3]
FUN 4: TICK [4]
FUN 4: TICK [5]
FUN 4: TICK [6]
FUN 4: TICK [7]
FUN 4: TICK [8]
FUN 4: TICK [9]
.<88>FUN 1 IN ITERATION[70]
FUN 1: TICK [0]
FUN 1: TICK [1]
FUN 1: TICK [2]
FUN 1: TICK [3]
FUN 1: TICK [4]
FUN 1: TICK [5]
FUN 1: TICK [6]
FUN 1: TICK [7]
FUN 1: TICK [8]
FUN 1: TICK [9]
.<88>Lock acquired
Lock released

Content of block is:<14><14><14><14><14><14><14><14><14><14><14><14><14><14><14><14><14><14><14><14><14><14><14><14><14><14><14><14><14><14><14><14><14><14><14><14><14><14><14><14><14><14><14><14><14><14><14><14><14><14><14><14><14><14><14><14><14><14><14><14><14><14><14><14><14><14><14><14><14><14><14><14><14><14><14><14><14><14><14><14><14><14><14><14><14><14><14><14><14><14><14><14><14><14><14><14><14><14><14><14><14><14><14><14><14><14><14><14><14><14><14><14><14><14><14><14><14><14><14><14><14><14><14><14><14><14><14><14><14><14><14><14><14><14><14><14><14><14><14><14><14><14><14><14><14><14><14><14><14><14><14><14><14><14><14><14><14><14><14><14><14><14><14><14><14><14><14><14><14><14><14><14><14><14><14><14><14><14><14><14><14><14><14><14><14><14><14><14><14><14><14><14><14><14><14><14><14><14><14><14><14><14><14><14><14><14><14><14><14><14><14><14><14><14><14><14><14><14><14><14><14><14><14><14><14><14><14><14><14><14><14><14><14><14><14><14><14><14><14><14><14><14><14><14><14><14><14><14><14><14><14><14><14><14><14><14><14><14><14><14><14><14><14><14><14><14><14><14><14><14><14><14><14><14><14><14><14><14><14><14><14><14><14><14><14><14><14><14><14><14><14><14><14><14><14><14><14><14><14><14><14><14><14><14><14><14><14><14><14><14><14><14><14><14><14><14><14><14><14><14><14><14><14><14><14><14><14><14><14><14><14><14><14><14><14><14><14><14><14><14><14><14><14><14><14><14><14><14><14><14><14><14><14><14><14><14><14><14><14><14><14><14><14><14><14><14><14><14><14><14><14><14><14><14><14><14><14><14><14><14><14><14><14><14><14><14><14><14><14><14><14><14><14><14><14><14><14><14><14><14><14><14><14><14><14><14><14><14><14><14><14><14><14><14><14><14><14><14><14><14><14><14><14><14><14><14><14><14><14><14><14><14><14><14><14><14><14><14><14><14><14><14><14><14><14><14><14><14><14><14><14><14><14><14><14><14><14><14><14><14><14><14><14><14><14><14><14><14><14><14><14><14><14><14><14><14><14><14><14><14><14><14><14><14><14><14><14><14><14><14><14><14><14><14><14><14><14><14><14><14><14><14><14><14><14><14><14><14><14><14><14><14>
Writing buffer to Block 3 on disk...
Lock acquired
Lock released
.<88>Thread is ready. Adding back to ready queue now.
Fetching from Blocked queue
FUN 3 IN BURST[70]
FUN 3: TICK [0]
FUN 3: TICK [1]
FUN 3: TICK [2]
FUN 3: TICK [3]
FUN 3: TICK [4]
FUN 3: TICK [5]
FUN 3: TICK [6]
FUN 3: TICK [7]
FUN 3: TICK [8]
FUN 3: TICK [9]
.<88>FUN 4 IN BURST[70]
FUN 4: TICK [0]
FUN 4: TICK [1]
FUN 4: TICK [2]
FUN 4: TICK [3]
FUN 4: TICK [4]
FUN 4: TICK [5]
FUN 4: TICK [6]
FUN 4: TICK [7]
FUN 4: TICK [8]
FUN 4: TICK [9]
.<88>FUN 1 IN ITERATION[71]
FUN 1: TICK [0]
FUN 1: TICK [1]
