Darwin
qemu-system-x86_64 -kernel kernel.bin -serial stdio 
Installed exception handler at ISR <0>
Allocating Memory Pool... done
Constructed Scheduler.
INTERRUPT NO: 0
NO DEFAULT INTERRUPT HANDLER REGISTERED
Hello World!
CREATING THREAD 1...
esp = <2098116>
done
DONE
CREATING THREAD 2...esp = <2099164>
done
DONE
CREATING THREAD 3...esp = <2100212>
done
DONE
CREATING THREAD 4...esp = <2101260>
done
DONE
STARTING THREAD 1 ...
Constructing EOQTimer
Installed interrupt handler at IRQ <0>
Thread: 0
FUN 1 INVOKED!
FUN 1 IN BURST[0]
FUN 1: TICK [0]
FUN 1: TICK [1]
FUN 1: TICK [2]
FUN 1: TICK [3]
FUN 1: TICK [4]
FUN 1: TICK [5]
FUN 1: TICK [6]
FUN 1: TICK [7]
FUN 1: TICK [8]
FUN 1: TICK [9]
FUN 1 IN BURST[1]
FUN 1: TICK [0]
FUN 1: TICK [1]
FUN 1: TICK [2]
FUN 1: TICK [3]
FUN 1: TICK [4]
FUN 1: TICK [5]
FUN 1: TICK [6]
FUN 1: TICK [7]
FUN 1: TICK [8]
FUN 1: TICK [9]
FUN 1 IN BURST[2]
FUN 1: TICK [0]
FUN 1: TICK [1]
FUN 1: TICK [2]
Time quantum has passed.
Pre-empting current thread.
Thread: 1
FUN 2 INVOKED!
FUN 2 IN BURST[0]
FUN 2: TICK [0]
FUN 2: TICK [1]
FUN 2: TICK [2]
FUN 2: TICK [3]
FUN 2: TICK [4]
FUN 2: TICK [5]
FUN 2: TICK [6]
FUN 2: TICK [7]
FUN 2: TICK [8]
FUN 2: TICK [9]
FUN 2 IN BURST[1]
FUN 2: TICK [0]
FUN 2: TICK [1]
FUN 2: TICK [2]
FUN 2: TICK [3]
FUN 2: TICK [4]
FUN 2: TICK [5]
FUN 2: TICK [6]
FUN 2: TICK [7]
FUN 2: TICK [8]
FUN 2: TICK [9]
FUN 2 IN BURST[2]
FUN 2: TICK [0]
Time quantum has passed.
Pre-empting current thread.
Thread: 2
FUN 3 INVOKED!
FUN 3 IN BURST[0]
FUN 3: TICK [0]
FUN 3: TICK [1]
FUN 3: TICK [2]
FUN 3: TICK [3]
FUN 3: TICK [4]
FUN 3: TICK [5]
FUN 3: TICK [6]
FUN 3: TICK [7]
FUN 3: TICK [8]
FUN 3: TICK [9]
FUN 3 IN BURST[1]
FUN 3: TICK [0]
FUN 3: TICK [1]
FUN 3: TICK [2]
FUN 3: TICK [3]
FUN 3: TICK [4]
FUN 3: TICK [5]
FUN 3: TICK [6]
FUN 3: TICK [7]
FUN 3: TICK [8]
FUN 3: TICK [9]
FUN 3 IN BURST[2]
FUN 3: TICK [0]
FUN 3: TICK [1]
Time quantum has passed.
Pre-empting current thread.
Thread: 3
FUN 4 INVOKED!
FUN 4 IN BURST[0]
FUN 4: TICK [0]
FUN 4: TICK [1]
FUN 4: TICK [2]
FUN 4: TICK [3]
FUN 4: TICK [4]
FUN 4: TICK [5]
FUN 4: TICK [6]
FUN 4: TICK [7]
FUN 4: TICK [8]
FUN 4: TICK [9]
FUN 4 IN BURST[1]
FUN 4: TICK [0]
FUN 4: TICK [1]
FUN 4: TICK [2]
FUN 4: TICK [3]
FUN 4: TICK [4]
FUN 4: TICK [5]
FUN 4: TICK [6]
FUN 4: TICK [7]
FUN 4: TICK [8]
FUN 4: TICK [9]
FUN 4 IN BURST[2]
Time quantum has passed.
Pre-empting current thread.
FUN 1: TICK [3]
FUN 1: TICK [4]
FUN 1: TICK [5]
FUN 1: TICK [6]
FUN 1: TICK [7]
FUN 1: TICK [8]
FUN 1: TICK [9]
FUN 1 IN BURST[3]
FUN 1: TICK [0]
FUN 1: TICK [1]
FUN 1: TICK [2]
FUN 1: TICK [3]
FUN 1: TICK [4]
FUN 1: TICK [5]
FUN 1: TICK [6]
FUN 1: TICK [7]
FUN 1: TICK [8]
FUN 1: TICK [9]
FUN 1 IN BURST[4]
FUN 1: TICK [0]
FUN 1: TICK [1]
FUN 1: TICK [2]
Time quantum has passed.
Pre-empting current thread.
FUN 2: TICK [1]
FUN 2: TICK [2]
FUN 2: TICK [3]
FUN 2: TICK [4]
FUN 2: TICK [5]
FUN 2: TICK [6]
FUN 2: TICK [7]
FUN 2: TICK [8]
FUN 2: TICK [9]
FUN 2 IN BURST[3]
FUN 2: TICK [0]
FUN 2: TICK [1]
FUN 2: TICK [2]
FUN 2: TICK [3]
FUN 2: TICK [4]
FUN 2: TICK [5]
FUN 2: TICK [6]
FUN 2: TICK [7]
FUN 2: TICK [8]
FUN 2: TICK [9]
FUN 2 IN BURST[4]
FUN 2: TICK [0]
FUN 2: TICK [1]
Time quantum has passed.
Pre-empting current thread.
FUN 3: TICK [2]
FUN 3: TICK [3]
FUN 3: TICK [4]
FUN 3: TICK [5]
FUN 3: TICK [6]
FUN 3: TICK [7]
FUN 3: TICK [8]
FUN 3: TICK [9]
FUN 3 IN BURST[3]
FUN 3: TICK [0]
FUN 3: TICK [1]
FUN 3: TICK [2]
FUN 3: TICK [3]
FUN 3: TICK [4]
FUN 3: TICK [5]
FUN 3: TICK [6]
FUN 3: TICK [7]
FUN 3: TICK [8]
FUN 3: TICK [9]
FUN 3 IN BURST[4]
FUN 3: TICK [0]
FUN 3: TICK [1]
FUN 3: TICK [2]
FUN 3: TICK [3]
FUN 3: TICK [4]
FUN 3: TICK [5]
FUN 3: TICK [6]
FUN 3: TICK [7]
FUN 3: TICK [8]
Time quantum has passed.
Pre-empting current thread.
FUN 4: TICK [0]
FUN 4: TICK [1]
FUN 4: TICK [2]
FUN 4: TICK [3]
FUN 4: TICK [4]
FUN 4: TICK [5]
FUN 4: TICK [6]
FUN 4: TICK [7]
FUN 4: TICK [8]
FUN 4: TICK [9]
FUN 4 IN BURST[3]
FUN 4: TICK [0]
FUN 4: TICK [1]
FUN 4: TICK [2]
FUN 4: TICK [3]
FUN 4: TICK [4]
FUN 4: TICK [5]
FUN 4: TICK [6]
FUN 4: TICK [7]
FUN 4: TICK [8]
FUN 4: TICK [9]
FUN 4 IN BURST[4]
FUN 4: TICK [0]
FUN 4: TICK [1]
FUN 4: TICK [2]
Time quantum has passed.
Pre-empting current thread.
FUN 1: TICK [3]
FUN 1: TICK [4]
FUN 1: TICK [5]
FUN 1: TICK [6]
FUN 1: TICK [7]
FUN 1: TICK [8]
FUN 1: TICK [9]
FUN 1 IN BURST[5]
FUN 1: TICK [0]
FUN 1: TICK [1]
FUN 1: TICK [2]
FUN 1: TICK [3]
FUN 1: TICK [4]
FUN 1: TICK [5]
FUN 1: TICK [6]
FUN 1: TICK [7]
FUN 1: TICK [8]
FUN 1: TICK [9]
FUN 1 IN BURST[6]
FUN 1: TICK [0]
FUN 1: TICK [1]
FUN 1: TICK [2]
FUN 1: TICK [3]
FUN 1: TICK [4]
FUN 1: TICK [5]
FUN 1: TICK [6]
FUN 1: TICK [7]
Time quantum has passed.
Pre-empting current thread.
FUN 2: TICK [2]
FUN 2: TICK [3]
FUN 2: TICK [4]
FUN 2: TICK [5]
FUN 2: TICK [6]
FUN 2: TICK [7]
FUN 2: TICK [8]
FUN 2: TICK [9]
FUN 2 IN BURST[5]
FUN 2: TICK [0]
FUN 2: TICK [1]
FUN 2: TICK [2]
FUN 2: TICK [3]
FUN 2: TICK [4]
FUN 2: TICK [5]
FUN 2: TICK [6]
FUN 2: TICK [7]
FUN 2: TICK [8]
FUN 2: TICK [9]
FUN 2 IN BURST[6]
FUN 2: TICK [0]
FUN 2: TICK [1]
FUN 2: TICK [2]
FUN 2: TICK [3]
FUN 2: TICK [4]
FUN 2: TICK [5]
Time quantum has passed.
Pre-empting current thread.
FUN 3: TICK [9]
FUN 3 IN BURST[5]
FUN 3: TICK [0]
FUN 3: TICK [1]
FUN 3: TICK [2]
FUN 3: TICK [3]
FUN 3: TICK [4]
FUN 3: TICK [5]
FUN 3: TICK [6]
FUN 3: TICK [7]
FUN 3: TICK [8]
FUN 3: TICK [9]
FUN 3 IN BURST[6]
FUN 3: TICK [0]
FUN 3: TICK [1]
FUN 3: TICK [2]
FUN 3: TICK [3]
FUN 3: TICK [4]
FUN 3: TICK [5]
FUN 3: TICK [6]
FUN 3: TICK [7]
FUN 3: TICK [8]
FUN 3: TICK [9]
FUN 3 IN BURST[7]
FUN 3: TICK [0]
FUN 3: TICK [1]
FUN 3: TICK [2]
Time quantum has passed.
Pre-empting current thread.
FUN 4: TICK [3]
FUN 4: TICK [4]
FUN 4: TICK [5]
FUN 4: TICK [6]
FUN 4: TICK [7]
FUN 4: TICK [8]
FUN 4: TICK [9]
FUN 4 IN BURST[5]
FUN 4: TICK [0]
FUN 4: TICK [1]
FUN 4: TICK [2]
FUN 4: TICK [3]
FUN 4: TICK [4]
FUN 4: TICK [5]
FUN 4: TICK [6]
FUN 4: TICK [7]
FUN 4: TICK [8]
FUN 4: TICK [9]
FUN 4 IN BURST[6]
FUN 4: TICK [0]
FUN 4: TICK [1]
FUN 4: TICK [2]
FUN 4: TICK [3]
FUN 4: TICK [4]
FUN 4: TICK [5]
FUN 4: TICK [6]
Time quantum has passed.
Pre-empting current thread.
FUN 1: TICK [8]
FUN 1: TICK [9]
FUN 1 IN BURST[7]
FUN 1: TICK [0]
FUN 1: TICK [1]
FUN 1: TICK [2]
FUN 1: TICK [3]
FUN 1: TICK [4]
FUN 1: TICK [5]
FUN 1: TICK [6]
FUN 1: TICK [7]
FUN 1: TICK [8]
FUN 1: TICK [9]
FUN 1 IN BURST[8]
FUN 1: TICK [0]
FUN 1: TICK [1]
FUN 1: TICK [2]
FUN 1: TICK [3]
FUN 1: TICK [4]
FUN 1: TICK [5]
FUN 1: TICK [6]
FUN 1: TICK [7]
FUN 1: TICK [8]
FUN 1: TICK [9]
FUN 1 IN BURST[9]
FUN 1: TICK [0]
FUN 1: TICK [1]
Time quantum has passed.
Pre-empting current thread.
FUN 2: TICK [6]
FUN 2: TICK [7]
FUN 2: TICK [8]
FUN 2: TICK [9]
FUN 2 IN BURST[7]
FUN 2: TICK [0]
FUN 2: TICK [1]
FUN 2: TICK [2]
FUN 2: TICK [3]
FUN 2: TICK [4]
FUN 2: TICK [5]
FUN 2: TICK [6]
FUN 2: TICK [7]
FUN 2: TICK [8]
FUN 2: TICK [9]
FUN 2 IN BURST[8]
FUN 2: TICK [0]
FUN 2: TICK [1]
FUN 2: TICK [2]
FUN 2: TICK [3]
FUN 2: TICK [4]
FUN 2: TICK [5]
FUN 2: TICK [6]
FUN 2: TICK [7]
FUN 2: TICK [8]
FUN 2: TICK [9]
FUN 2 IN BURST[9]
FUN 2: TICK [0]
FUN 2: TICK [1]
FUN 2: TICK [2]
Time quantum has passed.
Pre-empting current thread.
FUN 3: TICK [3]
FUN 3: TICK [4]
FUN 3: TICK [5]
FUN 3: TICK [6]
FUN 3: TICK [7]
FUN 3: TICK [8]
FUN 3: TICK [9]
FUN 3 IN BURST[8]
FUN 3: TICK [0]
FUN 3: TICK [1]
FUN 3: TICK [2]
FUN 3: TICK [3]
FUN 3: TICK [4]
FUN 3: TICK [5]
FUN 3: TICK [6]
FUN 3: TICK [7]
FUN 3: TICK [8]
FUN 3: TICK [9]
FUN 3 IN BURST[9]
FUN 3: TICK [0]
FUN 3: TICK [1]
FUN 3: TICK [2]
FUN 3: TICK [3]
FUN 3: TICK [4]
FUN 3: TICK [5]
FUN 3: TICK [6]
Time quantum has passed.
Pre-empting current thread.
FUN 4: TICK [7]
FUN 4: TICK [8]
FUN 4: TICK [9]
FUN 4 IN BURST[7]
FUN 4: TICK [0]
FUN 4: TICK [1]
FUN 4: TICK [2]
FUN 4: TICK [3]
FUN 4: TICK [4]
FUN 4: TICK [5]
FUN 4: TICK [6]
FUN 4: TICK [7]
FUN 4: TICK [8]
FUN 4: TICK [9]
FUN 4 IN BURST[8]
FUN 4: TICK [0]
FUN 4: TICK [1]
FUN 4: TICK [2]
FUN 4: TICK [3]
FUN 4: TICK [4]
FUN 4: TICK [5]
FUN 4: TICK [6]
FUN 4: TICK [7]
FUN 4: TICK [8]
FUN 4: TICK [9]
FUN 4 IN BURST[9]
Time quantum has passed.
Pre-empting current thread.
FUN 1: TICK [2]
FUN 1: TICK [3]
FUN 1: TICK [4]
FUN 1: TICK [5]
FUN 1: TICK [6]
FUN 1: TICK [7]
FUN 1: TICK [8]
FUN 1: TICK [9]
FUN 1 IN BURST[10]
FUN 1: TICK [0]
FUN 1: TICK [1]
FUN 1: TICK [2]
FUN 1: TICK [3]
FUN 1: TICK [4]
FUN 1: TICK [5]
FUN 1: TICK [6]
FUN 1: TICK [7]
FUN 1: TICK [8]
FUN 1: TICK [9]
FUN 1 IN BURST[11]
FUN 1: TICK [0]
FUN 1: TICK [1]
FUN 1: TICK [2]
FUN 1: TICK [3]
FUN 1: TICK [4]
FUN 1: TICK [5]
Time quantum has passed.
Pre-empting current thread.
FUN 2: TICK [3]
FUN 2: TICK [4]
FUN 2: TICK [5]
FUN 2: TICK [6]
FUN 2: TICK [7]
FUN 2: TICK [8]
FUN 2: TICK [9]
FUN 2 IN BURST[10]
FUN 2: TICK [0]
FUN 2: TICK [1]
FUN 2: TICK [2]
FUN 2: TICK [3]
FUN 2: TICK [4]
FUN 2: TICK [5]
FUN 2: TICK [6]
FUN 2: TICK [7]
FUN 2: TICK [8]
FUN 2: TICK [9]
FUN 2 IN BURST[11]
FUN 2: TICK [0]
FUN 2: TICK [1]
FUN 2: TICK [2]
FUN 2: TICK [3]
FUN 2: TICK [4]
FUN 2: TICK [5]
FUN 2: TICK [6]
FUN 2: TICK [7]
Time quantum has passed.
Pre-empting current thread.
FUN 3: TICK [7]
FUN 3: TICK [8]
FUN 3: TICK [9]
FUN 3 IN BURST[10]
FUN 3: TICK [0]
FUN 3: TICK [1]
FUN 3: TICK [2]
FUN 3: TICK [3]
FUN 3: TICK [4]
FUN 3: TICK [5]
FUN 3: TICK [6]
FUN 3: TICK [7]
FUN 3: TICK [8]
FUN 3: TICK [9]
FUN 3 IN BURST[11]
FUN 3: TICK [0]
FUN 3: TICK [1]
FUN 3: TICK [2]
FUN 3: TICK [3]
FUN 3: TICK [4]
FUN 3: TICK [5]
FUN 3: TICK [6]
FUN 3: TICK [7]
FUN 3: TICK [8]
FUN 3: TICK [9]
FUN 3 IN BURST[12]
Time quantum has passed.
Pre-empting current thread.
FUN 4: TICK [0]
FUN 4: TICK [1]
FUN 4: TICK [2]
FUN 4: TICK [3]
FUN 4: TICK [4]
FUN 4: TICK [5]
FUN 4: TICK [6]
FUN 4: TICK [7]
FUN 4: TICK [8]
FUN 4: TICK [9]
FUN 4 IN BURST[10]
FUN 4: TICK [0]
FUN 4: TICK [1]
FUN 4: TICK [2]
FUN 4: TICK [3]
FUN 4: TICK [4]
FUN 4: TICK [5]
FUN 4: TICK [6]
FUN 4: TICK [7]
FUN 4: TICK [8]
FUN 4: TICK [9]
FUN 4 IN BURST[11]
FUN 4: TICK [0]
FUN 4: TICK [1]
FUN 4: TICK [2]
FUN 4: TICK [3]
FUN 4: TICK [4]
FUN 4: TICK [5]
Time quantum has passed.
Pre-empting current thread.
FUN 1: TICK [6]
FUN 1: TICK [7]
FUN 1: TICK [8]
FUN 1: TICK [9]
FUN 1 IN BURST[12]
FUN 1: TICK [0]
FUN 1: TICK [1]
FUN 1: TICK [2]
FUN 1: TICK [3]
FUN 1: TICK [4]
FUN 1: TICK [5]
FUN 1: TICK [6]
FUN 1: TICK [7]
FUN 1: TICK [8]
FUN 1: TICK [9]
FUN 1 IN BURST[13]
FUN 1: TICK [0]
FUN 1: TICK [1]
FUN 1: TICK [2]
FUN 1: TICK [3]
FUN 1: TICK [4]
FUN 1: TICK [5]
FUN 1: TICK [6]
FUN 1: TICK [7]
FUN 1: TICK [8]
FUN 1: TICK [9]
FUN 1 IN BURST[14]
Time quantum has passed.
Pre-empting current thread.
FUN 2: TICK [8]
FUN 2: TICK [9]
FUN 2 IN BURST[12]
FUN 2: TICK [0]
FUN 2: TICK [1]
FUN 2: TICK [2]
FUN 2: TICK [3]
FUN 2: TICK [4]
FUN 2: TICK [5]
FUN 2: TICK [6]
FUN 2: TICK [7]
FUN 2: TICK [8]
FUN 2: TICK [9]
FUN 2 IN BURST[13]
FUN 2: TICK [0]
FUN 2: TICK [1]
FUN 2: TICK [2]
FUN 2: TICK [3]
FUN 2: TICK [4]
FUN 2: TICK [5]
FUN 2: TICK [6]
FUN 2: TICK [7]
FUN 2: TICK [8]
FUN 2: TICK [9]
FUN 2 IN BURST[14]
Time quantum has passed.
Pre-empting current thread.
FUN 3: TICK [0]
FUN 3: TICK [1]
FUN 3: TICK [2]
FUN 3: TICK [3]
FUN 3: TICK [4]
FUN 3: TICK [5]
FUN 3: TICK [6]
FUN 3: TICK [7]
FUN 3: TICK [8]
FUN 3: TICK [9]
FUN 3 IN BURST[13]
FUN 3: TICK [0]
FUN 3: TICK [1]
FUN 3: TICK [2]
FUN 3: TICK [3]
FUN 3: TICK [4]
FUN 3: TICK [5]
FUN 3: TICK [6]
FUN 3: TICK [7]
FUN 3: TICK [8]
FUN 3: TICK [9]
FUN 3 IN BURST[14]
FUN 3: TICK [0]
FUN 3: TICK [1]
FUN 3: TICK [2]
FUN 3: TICK [3]
FUN 3: TICK [4]
Time quantum has passed.
Pre-empting current thread.
FUN 4: TICK [6]
FUN 4: TICK [7]
FUN 4: TICK [8]
FUN 4: TICK [9]
FUN 4 IN BURST[12]
FUN 4: TICK [0]
FUN 4: TICK [1]
FUN 4: TICK [2]
FUN 4: TICK [3]
FUN 4: TICK [4]
FUN 4: TICK [5]
FUN 4: TICK [6]
FUN 4: TICK [7]
FUN 4: TICK [8]
FUN 4: TICK [9]
FUN 4 IN BURST[13]
FUN 4: TICK [0]
FUN 4: TICK [1]
FUN 4: TICK [2]
FUN 4: TICK [3]
FUN 4: TICK [4]
FUN 4: TICK [5]
FUN 4: TICK [6]
FUN 4: TICK [7]
FUN 4: TICK [8]
FUN 4: TICK [9]
FUN 4 IN BURST[14]
Time quantum has passed.
Pre-empting current thread.
FUN 1: TICK [0]
FUN 1: TICK [1]
FUN 1: TICK [2]
FUN 1: TICK [3]
FUN 1: TICK [4]
FUN 1: TICK [5]
FUN 1: TICK [6]
FUN 1: TICK [7]
FUN 1: TICK [8]
FUN 1: TICK [9]
FUN 1 IN BURST[15]
FUN 1: TICK [0]
FUN 1: TICK [1]
FUN 1: TICK [2]
FUN 1: TICK [3]
FUN 1: TICK [4]
FUN 1: TICK [5]
FUN 1: TICK [6]
FUN 1: TICK [7]
FUN 1: TICK [8]
FUN 1: TICK [9]
FUN 1 IN BURST[16]
FUN 1: TICK [0]
FUN 1: TICK [1]
FUN 1: TICK [2]
FUN 1: TICK [3]
FUN 1: TICK [4]
Time quantum has passed.
Pre-empting current thread.
FUN 2: TICK [0]
FUN 2: TICK [1]
FUN 2: TICK [2]
FUN 2: TICK [3]
FUN 2: TICK [4]
FUN 2: TICK [5]
FUN 2: TICK [6]
FUN 2: TICK [7]
FUN 2: TICK [8]
FUN 2: TICK [9]
FUN 2 IN BURST[15]
FUN 2: TICK [0]
FUN 2: TICK [1]
FUN 2: TICK [2]
FUN 2: TICK [3]
FUN 2: TICK [4]
FUN 2: TICK [5]
FUN 2: TICK [6]
FUN 2: TICK [7]
FUN 2: TICK [8]
FUN 2: TICK [9]
FUN 2 IN BURST[16]
FUN 2: TICK [0]
FUN 2: TICK [1]
FUN 2: TICK [2]
FUN 2: TICK [3]
FUN 2: TICK [4]
Time quantum has passed.
Pre-empting current thread.
FUN 3: TICK [5]
FUN 3: TICK [6]
FUN 3: TICK [7]
FUN 3: TICK [8]
FUN 3: TICK [9]
FUN 3 IN BURST[15]
FUN 3: TICK [0]
FUN 3: TICK [1]
FUN 3: TICK [2]
FUN 3: TICK [3]
FUN 3: TICK [4]
FUN 3: TICK [5]
FUN 3: TICK [6]
FUN 3: TICK [7]
FUN 3: TICK [8]
FUN 3: TICK [9]
FUN 3 IN BURST[16]
FUN 3: TICK [0]
FUN 3: TICK [1]
FUN 3: TICK [2]
FUN 3: TICK [3]
FUN 3: TICK [4]
FUN 3: TICK [5]
FUN 3: TICK [6]
FUN 3: TICK [7]
Time quantum has passed.
Pre-empting current thread.
FUN 4: TICK [0]
FUN 4: TICK [1]
FUN 4: TICK [2]
FUN 4: TICK [3]
FUN 4: TICK [4]
FUN 4: TICK [5]
FUN 4: TICK [6]
FUN 4: TICK [7]
FUN 4: TICK [8]
FUN 4: TICK [9]
FUN 4 IN BURST[15]
FUN 4: TICK [0]
FUN 4: TICK [1]
FUN 4: TICK [2]
FUN 4: TICK [3]
FUN 4: TICK [4]
FUN 4: TICK [5]
FUN 4: TICK [6]
FUN 4: TICK [7]
FUN 4: TICK [8]
FUN 4: TICK [9]
FUN 4 IN BURST[16]
FUN 4: TICK [0]
FUN 4: TICK [1]
FUN 4: TICK [2]
FUN 4: TICK [3]
FUN 4: TICK [4]
FUN 4: TICK [5]
FUN 4: TICK [6]
FUN 4: TICKTime quantum has passed.
Pre-empting current thread.
FUN 1: TICK [5]
FUN 1: TICK [6]
FUN 1: TICK [7]
FUN 1: TICK [8]
FUN 1: TICK [9]
FUN 1 IN BURST[17]
FUN 1: TICK [0]
FUN 1: TICK [1]
FUN 1: TICK [2]
FUN 1: TICK [3]
FUN 1: TICK [4]
FUN 1: TICK [5]
FUN 1: TICK [6]
FUN 1: TICK [7]
FUN 1: TICK [8]
FUN 1: TICK [9]
FUN 1 IN BURST[18]
FUN 1: TICK [0]
FUN 1: TICK [1]
FUN 1: TICK [2]
FUN 1: TICK [3]
FUN 1: TICK [4]
FUN 1: TICK [5]
FUN 1: TICK [6]
FUN 1: TICK [7]
FUN 1: TICK [8]
Time quantum has passed.
Pre-empting current thread.
FUN 2: TICK [5]
FUN 2: TICK [6]
FUN 2: TICK [7]
FUN 2: TICK [8]
FUN 2: TICK [9]
FUN 2 IN BURST[17]
FUN 2: TICK [0]
FUN 2: TICK [1]
FUN 2: TICK [2]
FUN 2: TICK [3]
FUN 2: TICK [4]
FUN 2: TICK [5]
FUN 2: TICK [6]
FUN 2: TICK [7]
FUN 2: TICK [8]
FUN 2: TICK [9]
FUN 2 IN BURST[18]
FUN 2: TICK [0]
FUN 2: TICK [1]
FUN 2: TICK [2]
FUN 2: TICK [3]
FUN 2: TICK [4]
FUN 2: TICK [5]
FUN 2: TICK [6]
FUN 2: TICK [7]
FUN 2: TICK [8]
FUN 2: TICK [9]
Time quantum has passed.
Pre-empting current thread.
FUN 3: TICK [8]
FUN 3: TICK [9]
FUN 3 IN BURST[17]
FUN 3: TICK [0]
FUN 3: TICK [1]
FUN 3: TICK [2]
FUN 3: TICK [3]
FUN 3: TICK [4]
FUN 3: TICK [5]
FUN 3: TICK [6]
FUN 3: TICK [7]
FUN 3: TICK [8]
FUN 3: TICK [9]
FUN 3 IN BURST[18]
FUN 3: TICK [0]
FUN 3: TICK [1]
FUN 3: TICK [2]
FUN 3: TICK [3]
FUN 3: TICK [4]
FUN 3: TICK [5]
FUN 3: TICK [6]
FUN 3: TICK [7]
FUN 3: TICK [8]
FUN 3: TICK [9]
FUN 3 IN BURST[19]
FUN 3: TICK [0]
FUN 3: TICK [1]
Time quantum has passed.
Pre-empting current thread.
 [7]
FUN 4: TICK [8]
FUN 4: TICK [9]
FUN 4 IN BURST[17]
FUN 4: TICK [0]
FUN 4: TICK [1]
FUN 4: TICK [2]
FUN 4: TICK [3]
FUN 4: TICK [4]
FUN 4: TICK [5]
FUN 4: TICK [6]
FUN 4: TICK [7]
FUN 4: TICK [8]
FUN 4: TICK [9]
FUN 4 IN BURST[18]
FUN 4: TICK [0]
FUN 4: TICK [1]
FUN 4: TICK [2]
FUN 4: TICK [3]
FUN 4: TICK [4]
FUN 4: TICK [5]
FUN 4: TICK [6]
FUN 4: TICK [7]
FUN 4: TICK [8]
FUN 4: TICK [9]
FUN 4 IN BURST[19]
Time quantum has passed.
Pre-empting current thread.
FUN 1: TICK [9]
FUN 1 IN BURST[19]
FUN 1: TICK [0]
FUN 1: TICK [1]
FUN 1: TICK [2]
FUN 1: TICK [3]
FUN 1: TICK [4]
FUN 1: TICK [5]
FUN 1: TICK [6]
FUN 1: TICK [7]
FUN 1: TICK [8]
FUN 1: TICK [9]
FUN 1 IN BURST[20]
FUN 1: TICK [0]
FUN 1: TICK [1]
FUN 1: TICK [2]
FUN 1: TICK [3]
FUN 1: TICK [4]
FUN 1: TICK [5]
FUN 1: TICK [6]
FUN 1: TICK [7]
FUN 1: TICK [8]
FUN 1: TICK [9]
FUN 1 IN BURST[21]
FUN 1: TICK [0]
FUN 1: TICK [1]
Time quantum has passed.
Pre-empting current thread.
FUN 2 IN BURST[19]
FUN 2: TICK [0]
FUN 2: TICK [1]
FUN 2: TICK [2]
FUN 2: TICK [3]
FUN 2: TICK [4]
FUN 2: TICK [5]
FUN 2: TICK [6]
FUN 2: TICK [7]
FUN 2: TICK [8]
FUN 2: TICK [9]
FUN 2 IN BURST[20]
FUN 2: TICK [0]
FUN 2: TICK [1]
FUN 2: TICK [2]
FUN 2: TICK [3]
FUN 2: TICK [4]
FUN 2: TICK [5]
FUN 2: TICK [6]
FUN 2: TICK [7]
FUN 2: TICK [8]
FUN 2: TICK [9]
FUN 2 IN BURST[21]
FUN 2: TICK [0]
FUN 2: TICK [1]
FUN 2: TICK [2]
FUN 2: TICK [3]
Time quantum has passed.
Pre-empting current thread.
FUN 3: TICK [2]
FUN 3: TICK [3]
FUN 3: TICK [4]
FUN 3: TICK [5]
FUN 3: TICK [6]
FUN 3: TICK [7]
FUN 3: TICK [8]
FUN 3: TICK [9]
FUN 3 IN BURST[20]
FUN 3: TICK [0]
FUN 3: TICK [1]
FUN 3: TICK [2]
FUN 3: TICK [3]
FUN 3: TICK [4]
FUN 3: TICK [5]
FUN 3: TICK [6]
FUN 3: TICK [7]
FUN 3: TICK [8]
FUN 3: TICK [9]
FUN 3 IN BURST[21]
FUN 3: TICK [0]
FUN 3: TICK [1]
FUN 3: TICK [2]
FUN 3: TICK [3]
FUN 3: TICK [4]
FUN 3: TICK [5]
FUN 3: TICK [6]
FUN 3: TICK [7]
FUN 3: TICK [8]
Time quantum has passed.
Pre-empting current thread.
FUN 4: TICK [0]
FUN 4: TICK [1]
FUN 4: TICK [2]
FUN 4: TICK [3]
FUN 4: TICK [4]
FUN 4: TICK [5]
FUN 4: TICK [6]
FUN 4: TICK [7]
FUN 4: TICK [8]
FUN 4: TICK [9]
FUN 4 IN BURST[20]
FUN 4: TICK [0]
FUN 4: TICK [1]
FUN 4: TICK [2]
FUN 4: TICK [3]
FUN 4: TICK [4]
FUN 4: TICK [5]
FUN 4: TICK [6]
FUN 4: TICK [7]
FUN 4: TICK [8]
FUN 4: TICK [9]
FUN 4 IN BURST[21]
FUN 4: TICK [0]
FUN 4: TICK [1]
FUN 4: TICK [2]
FUN 4: TICK [3]
FUN 4: TICK [4]
Time quantum has passed.
Pre-empting current thread.
FUN 1: TICK [2]
FUN 1: TICK [3]
FUN 1: TICK [4]
FUN 1: TICK [5]
FUN 1: TICK [6]
FUN 1: TICK [7]
FUN 1: TICK [8]
FUN 1: TICK [9]
FUN 1 IN BURST[22]
FUN 1: TICK [0]
FUN 1: TICK [1]
FUN 1: TICK [2]
FUN 1: TICK [3]
FUN 1: TICK [4]
FUN 1: TICK [5]
FUN 1: TICK [6]
FUN 1: TICK [7]
FUN 1: TICK [8]
FUN 1: TICK [9]
FUN 1 IN BURST[23]
FUN 1: TICK [0]
FUN 1: TICK [1]
FUN 1: TICK [2]
FUN 1: TICK [3]
FUN 1: TICK [4]
FUN 1: TICK [5]
FUN 1: TICK [6]
Time quantum has passed.
Pre-empting current thread.
FUN 2: TICK [4]
FUN 2: TICK [5]
FUN 2: TICK [6]
FUN 2: TICK [7]
FUN 2: TICK [8]
FUN 2: TICK [9]
FUN 2 IN BURST[22]
FUN 2: TICK [0]
FUN 2: TICK [1]
FUN 2: TICK [2]
FUN 2: TICK [3]
FUN 2: TICK [4]
FUN 2: TICK [5]
FUN 2: TICK [6]
FUN 2: TICK [7]
FUN 2: TICK [8]
FUN 2: TICK [9]
FUN 2 IN BURST[23]
FUN 2: TICK [0]
FUN 2: TICK [1]
FUN 2: TICK [2]
FUN 2: TICK [3]
FUN 2: TICK [4]
FUN 2: TICK [5]
FUN 2: TICK [6]
FUN 2: TICK [7]
FUN 2: TICK [8]
Time quantum has passed.
Pre-empting current thread.
FUN 3: TICK [9]
FUN 3 IN BURST[22]
FUN 3: TICK [0]
FUN 3: TICK [1]
FUN 3: TICK [2]
FUN 3: TICK [3]
FUN 3: TICK [4]
FUN 3: TICK [5]
FUN 3: TICK [6]
FUN 3: TICK [7]
FUN 3: TICK [8]
FUN 3: TICK [9]
FUN 3 IN BURST[23]
FUN 3: TICK [0]
FUN 3: TICK [1]
FUN 3: TICK [2]
FUN 3: TICK [3]
FUN 3: TICK [4]
FUN 3: TICK [5]
FUN 3: TICK [6]
FUN 3: TICK [7]
FUN 3: TICK [8]
FUN 3: TICK [9]
FUN 3 IN BURST[24]
FUN 3: TICK [0]
FUN 3: TICK [1]
Time quantum has passed.
Pre-empting current thread.
FUN 4: TICK [5]
FUN 4: TICK [6]
FUN 4: TICK [7]
FUN 4: TICK [8]
FUN 4: TICK [9]
FUN 4 IN BURST[22]
FUN 4: TICK [0]
FUN 4: TICK [1]
FUN 4: TICK [2]
FUN 4: TICK [3]
FUN 4: TICK [4]
FUN 4: TICK [5]
FUN 4: TICK [6]
FUN 4: TICK [7]
FUN 4: TICK [8]
FUN 4: TICK [9]
FUN 4 IN BURST[23]
FUN 4: TICK [0]
FUN 4: TICK [1]
FUN 4: TICK [2]
FUN 4: TICK [3]
FUN 4: TICK [4]
FUN 4: TICK [5]
FUN 4: TICK [6]
FUN 4: TICK [7]
Time quantum has passed.
Pre-empting current thread.
FUN 1: TICK [7]
FUN 1: TICK [8]
FUN 1: TICK [9]
FUN 1 IN BURST[24]
FUN 1: TICK [0]
FUN 1: TICK [1]
FUN 1: TICK [2]
FUN 1: TICK [3]
FUN 1: TICK [4]
FUN 1: TICK [5]
FUN 1: TICK [6]
FUN 1: TICK [7]
FUN 1: TICK [8]
FUN 1: TICK [9]
FUN 1 IN BURST[25]
FUN 1: TICK [0]
FUN 1: TICK [1]
FUN 1: TICK [2]
FUN 1: TICK [3]
FUN 1: TICK [4]
FUN 1: TICK [5]
FUN 1: TICK [6]
FUN 1: TICK [7]
FUN 1: TICK [8]
FUN 1: TICK [9]
FUN 1 IN BURST[26]
FUN 1: TICK [0]
Time quantum has passed.
Pre-empting current thread.
FUN 2: TICK [9]
FUN 2 IN BURST[24]
FUN 2: TICK [0]
FUN 2: TICK [1]
FUN 2: TICK [2]
FUN 2: TICK [3]
FUN 2: TICK [4]
FUN 2: TICK [5]
FUN 2: TICK [6]
FUN 2: TICK [7]
FUN 2: TICK [8]
FUN 2: TICK [9]
FUN 2 IN BURST[25]
FUN 2: TICK [0]
FUN 2: TICK [1]
FUN 2: TICK [2]
FUN 2: TICK [3]
FUN 2: TICK [4]
FUN 2: TICK [5]
FUN 2: TICK [6]
FUN 2: TICK [7]
FUN 2: TICK [8]
FUN 2: TICK [9]
FUN 2 IN BURST[26]
FUN 2: TICK [0]
FUN 2: TICK [1]
Time quantum has passed.
Pre-empting current thread.
FUN 3: TICK [2]
FUN 3: TICK [3]
FUN 3: TICK [4]
FUN 3: TICK [5]
FUN 3: TICK [6]
FUN 3: TICK [7]
FUN 3: TICK [8]
FUN 3: TICK [9]
FUN 3 IN BURST[25]
FUN 3: TICK [0]
FUN 3: TICK [1]
FUN 3: TICK [2]
FUN 3: TICK [3]
FUN 3: TICK [4]
FUN 3: TICK [5]
FUN 3: TICK [6]
FUN 3: TICK [7]
FUN 3: TICK [8]
FUN 3: TICK [9]
FUN 3 IN BURST[26]
FUN 3: TICK [0]
FUN 3: TICK [1]
FUN 3: TICK [2]
FUN 3: TICK [3]
FUN 3: TICK [4]
FUN 3: TICK [5]
FUN 3: TICK [6]
FUN 3: TICK [7]
FUN 3: TICK [8]
FUN 3: TICK [9]
FUN 3 IN BURST[27]
Time quantum has passed.
Pre-empting current thread.
FUN 4: TICK [8]
FUN 4: TICK [9]
FUN 4 IN BURST[24]
FUN 4: TICK [0]
FUN 4: TICK [1]
FUN 4: TICK [2]
FUN 4: TICK [3]
FUN 4: TICK [4]
FUN 4: TICK [5]
FUN 4: TICK [6]
FUN 4: TICK [7]
FUN 4: TICK [8]
FUN 4: TICK [9]
FUN 4 IN BURST[25]
FUN 4: TICK [0]
FUN 4: TICK [1]
FUN 4: TICK [2]
FUN 4: TICK [3]
FUN 4: TICK [4]
FUN 4: TICK [5]
FUN 4: TICK [6]
FUN 4: TICK [7]
FUN 4: TICK [8]
FUN 4: TICK [9]
FUN 4 IN BURST[26]
FUN 4: TICK [0]
Time quantum has passed.
Pre-empting current thread.
FUN 1: TICK [1]
FUN 1: TICK [2]
FUN 1: TICK [3]
FUN 1: TICK [4]
FUN 1: TICK [5]
FUN 1: TICK [6]
FUN 1: TICK [7]
FUN 1: TICK [8]
FUN 1: TICK [9]
FUN 1 IN BURST[27]
FUN 1: TICK [0]
FUN 1: TICK [1]
FUN 1: TICK [2]
FUN 1: TICK [3]
FUN 1: TICK [4]
FUN 1: TICK [5]
FUN 1: TICK [6]
FUN 1: TICK [7]
FUN 1: TICK [8]
FUN 1: TICK [9]
FUN 1 IN BURST[28]
FUN 1: TICK [0]
FUN 1: TICK [1]
FUN 1: TICK [2]
FUN 1: TICK [3]
Time quantum has passed.
Pre-empting current thread.
FUN 2: TICK [2]
FUN 2: TICK [3]
FUN 2: TICK [4]
FUN 2: TICK [5]
FUN 2: TICK [6]
FUN 2: TICK [7]
FUN 2: TICK [8]
FUN 2: TICK [9]
FUN 2 IN BURST[27]
FUN 2: TICK [0]
FUN 2: TICK [1]
FUN 2: TICK [2]
FUN 2: TICK [3]
FUN 2: TICK [4]
FUN 2: TICK [5]
FUN 2: TICK [6]
FUN 2: TICK [7]
FUN 2: TICK [8]
FUN 2: TICK [9]
FUN 2 IN BURST[28]
FUN 2: TICK [0]
FUN 2: TICK [1]
FUN 2: TICK [2]
FUN 2: TICK [3]
FUN 2: TICK [4]
FUN 2: TICK [5]
Time quantum has passed.
Pre-empting current thread.
FUN 3: TICK [0]
FUN 3: TICK [1]
FUN 3: TICK [2]
FUN 3: TICK [3]
FUN 3: TICK [4]
FUN 3: TICK [5]
FUN 3: TICK [6]
FUN 3: TICK [7]
FUN 3: TICK [8]
FUN 3: TICK [9]
FUN 3 IN BURST[28]
FUN 3: TICK [0]
FUN 3: TICK [1]
FUN 3: TICK [2]
FUN 3: TICK [3]
FUN 3: TICK [4]
FUN 3: TICK [5]
FUN 3: TICK [6]
FUN 3: TICK [7]
FUN 3: TICK [8]
FUN 3: TICK [9]
FUN 3 IN BURST[29]
FUN 3: TICK [0]
FUN 3: TICK [1]
FUN 3: TICK [2]
FUN 3: TICK [3]
FUN 3: TICK [4]
Time quantum has passed.
Pre-empting current thread.
FUN 4: TICK [1]
FUN 4: TICK [2]
FUN 4: TICK [3]
FUN 4: TICK [4]
FUN 4: TICK [5]
FUN 4: TICK [6]
FUN 4: TICK [7]
FUN 4: TICK [8]
FUN 4: TICK [9]
FUN 4 IN BURST[27]
FUN 4: TICK [0]
FUN 4: TICK [1]
FUN 4: TICK [2]
FUN 4: TICK [3]
FUN 4: TICK [4]
FUN 4: TICK [5]
FUN 4: TICK [6]
FUN 4: TICK [7]
FUN 4: TICK [8]
FUN 4: TICK [9]
FUN 4 IN BURST[28]
FUN 4: TICK [0]
FUN 4: TICK [1]
FUN 4: TICK [2]
FUN 4: TICK [3]
FUN 4: TICK [4]
Time quantum has passed.
Pre-empting current thread.
FUN 1: TICK [4]
FUN 1: TICK [5]
FUN 1: TICK [6]
FUN 1: TICK [7]
FUN 1: TICK [8]
FUN 1: TICK [9]
FUN 1 IN BURST[29]
FUN 1: TICK [0]
FUN 1: TICK [1]
FUN 1: TICK [2]
FUN 1: TICK [3]
FUN 1: TICK [4]
FUN 1: TICK [5]
FUN 1: TICK [6]
FUN 1: TICK [7]
FUN 1: TICK [8]
FUN 1: TICK [9]
FUN 1 IN BURST[30]
FUN 1: TICK [0]
FUN 1: TICK [1]
FUN 1: TICK [2]
FUN 1: TICK [3]
FUN 1: TICK [4]
FUN 1: TICK [5]
FUN 1: TICK [6]
FUN 1: TICK [7]
FUN 1: TICK [8]
FUN 1: TICK [9]
FUN 1 IN BURST[31]
Time quantum has passed.
Pre-empting current thread.
FUN 2: TICK [6]
FUN 2: TICK [7]
FUN 2: TICK [8]
FUN 2: TICK [9]
FUN 2 IN BURST[29]
FUN 2: TICK [0]
FUN 2: TICK [1]
FUN 2: TICK [2]
FUN 2: TICK [3]
FUN 2: TICK [4]
FUN 2: TICK [5]
FUN 2: TICK [6]
FUN 2: TICK [7]
FUN 2: TICK [8]
FUN 2: TICK [9]
FUN 2 IN BURST[30]
FUN 2: TICK [0]
FUN 2: TICK [1]
FUN 2: TICK [2]
FUN 2: TICK [3]
FUN 2: TICK [4]
FUN 2: TICK [5]
FUN 2: TICK [6]
FUN 2: TICK [7]
FUN 2: TICK [8]
FUN 2: TICK [9]
Time quantum has passed.
Pre-empting current thread.
FUN 3: TICK [5]
FUN 3: TICK [6]
FUN 3: TICK [7]
FUN 3: TICK [8]
FUN 3: TICK [9]
FUN 3 IN BURST[30]
FUN 3: TICK [0]
FUN 3: TICK [1]
FUN 3: TICK [2]
FUN 3: TICK [3]
FUN 3: TICK [4]
FUN 3: TICK [5]
FUN 3: TICK [6]
FUN 3: TICK [7]
FUN 3: TICK [8]
FUN 3: TICK [9]
FUN 3 IN BURST[31]
FUN 3: TICK [0]
FUN 3: TICK [1]
FUN 3: TICK [2]
FUN 3: TICK [3]
FUN 3: TICK [4]
FUN 3: TICK [5]
FUN 3: TICK [6]
FUN 3: TICK [7]
FUN 3: TICK [8]
Time quantum has passed.
Pre-empting current thread.
FUN 4: TICK [5]
FUN 4: TICK [6]
FUN 4: TICK [7]
FUN 4: TICK [8]
FUN 4: TICK [9]
FUN 4 IN BURST[29]
FUN 4: TICK [0]
FUN 4: TICK [1]
FUN 4: TICK [2]
FUN 4: TICK [3]
FUN 4: TICK [4]
FUN 4: TICK [5]
FUN 4: TICK [6]
FUN 4: TICK [7]
FUN 4: TICK [8]
FUN 4: TICK [9]
FUN 4 IN BURST[30]
FUN 4: TICK [0]
FUN 4: TICK [1]
FUN 4: TICK [2]
FUN 4: TICK [3]
FUN 4: TICK [4]
FUN 4: TICK [5]
FUN 4: TICK [6]
FUN 4: TICK [7]
FUN 4: TICK [8]
Time quantum has passed.
Pre-empting current thread.
FUN 1: TICK [0]
FUN 1: TICK [1]
FUN 1: TICK [2]
FUN 1: TICK [3]
FUN 1: TICK [4]
FUN 1: TICK [5]
FUN 1: TICK [6]
FUN 1: TICK [7]
FUN 1: TICK [8]
FUN 1: TICK [9]
FUN 1 IN BURST[32]
FUN 1: TICK [0]
FUN 1: TICK [1]
FUN 1: TICK [2]
FUN 1: TICK [3]
FUN 1: TICK [4]
FUN 1: TICK [5]
FUN 1: TICK [6]
FUN 1: TICK [7]
FUN 1: TICK [8]
FUN 1: TICK [9]
FUN 1 IN BURST[33]
FUN 1: TICK [0]
FUN 1: TICK [1]
FUN 1: TICK [2]
FUN 1: TICK [3]
Time quantum has passed.
Pre-empting current thread.
FUN 2 IN BURST[31]
FUN 2: TICK [0]
FUN 2: TICK [1]
FUN 2: TICK [2]
FUN 2: TICK [3]
FUN 2: TICK [4]
FUN 2: TICK [5]
FUN 2: TICK [6]
FUN 2: TICK [7]
FUN 2: TICK [8]
FUN 2: TICK [9]
FUN 2 IN BURST[32]
FUN 2: TICK [0]
FUN 2: TICK [1]
FUN 2: TICK [2]
FUN 2: TICK [3]
FUN 2: TICK [4]
FUN 2: TICK [5]
FUN 2: TICK [6]
FUN 2: TICK [7]
FUN 2: TICK [8]
FUN 2: TICK [9]
FUN 2 IN BURST[33]
FUN 2: TICK [0]
FUN 2: TICK [1]
Time quantum has passed.
Pre-empting current thread.
FUN 3: TICK [9]
FUN 3 IN BURST[32]
FUN 3: TICK [0]
FUN 3: TICK [1]
FUN 3: TICK [2]
FUN 3: TICK [3]
FUN 3: TICK [4]
FUN 3: TICK [5]
FUN 3: TICK [6]
FUN 3: TICK [7]
FUN 3: TICK [8]
FUN 3: TICK [9]
FUN 3 IN BURST[33]
FUN 3: TICK [0]
FUN 3: TICK [1]
FUN 3: TICK [2]
FUN 3: TICK [3]
FUN 3: TICK [4]
FUN 3: TICK [5]
FUN 3: TICK [6]
FUN 3: TICK [7]
FUN 3: TICK [8]
FUN 3: TICK [9]
FUN 3 IN BURST[34]
FUN 3: TICK [0]
Time quantum has passed.
Pre-empting current thread.
FUN 4: TICK [9]
FUN 4 IN BURST[31]
FUN 4: TICK [0]
FUN 4: TICK [1]
FUN 4: TICK [2]
FUN 4: TICK [3]
FUN 4: TICK [4]
FUN 4: TICK [5]
FUN 4: TICK [6]
FUN 4: TICK [7]
FUN 4: TICK [8]
FUN 4: TICK [9]
FUN 4 IN BURST[32]
FUN 4: TICK [0]
FUN 4: TICK [1]
FUN 4: TICK [2]
FUN 4: TICK [3]
FUN 4: TICK [4]
FUN 4: TICK [5]
FUN 4: TICK [6]
FUN 4: TICK [7]
FUN 4: TICK [8]
FUN 4: TICK [9]
FUN 4 IN BURST[33]
FUN 4: TICK [0]
FUN 4: TICK [1]
FUN 4: TICK [2]
FUN 4: TICK [3]
FUN 4: TICK [4]
FUN 4: TICK [5]
Time quantum has passed.
Pre-empting current thread.
FUN 1: TICK [4]
FUN 1: TICK [5]
FUN 1: TICK [6]
FUN 1: TICK [7]
FUN 1: TICK [8]
FUN 1: TICK [9]
FUN 1 IN BURST[34]
FUN 1: TICK [0]
FUN 1: TICK [1]
FUN 1: TICK [2]
FUN 1: TICK [3]
FUN 1: TICK [4]
FUN 1: TICK [5]
FUN 1: TICK [6]
FUN 1: TICK [7]
FUN 1: TICK [8]
FUN 1: TICK [9]
FUN 1 IN BURST[35]
FUN 1: TICK [0]
FUN 1: TICK [1]
FUN 1: TICK [2]
FUN 1: TICK [3]
FUN 1: TICK [4]
FUN 1: TICK [5]
FUN 1: TICK [6]
FUN 1: TICK [7]
FUN 1: TICK [8]
Time quantum has passed.
Pre-empting current thread.
FUN 2: TICK [2]
FUN 2: TICK [3]
FUN 2: TICK [4]
FUN 2: TICK [5]
FUN 2: TICK [6]
FUN 2: TICK [7]
FUN 2: TICK [8]
FUN 2: TICK [9]
FUN 2 IN BURST[34]
FUN 2: TICK [0]
FUN 2: TICK [1]
FUN 2: TICK [2]
FUN 2: TICK [3]
FUN 2: TICK [4]
FUN 2: TICK [5]
FUN 2: TICK [6]
FUN 2: TICK [7]
FUN 2: TICK [8]
FUN 2: TICK [9]
FUN 2 IN BURST[35]
FUN 2: TICK [0]
FUN 2: TICK [1]
FUN 2: TICK [2]
FUN 2: TICK [3]
FUN 2: TICK [4]
FUN 2: TICK [5]
Time quantum has passed.
Pre-empting current thread.
FUN 3: TICK [1]
FUN 3: TICK [2]
FUN 3: TICK [3]
FUN 3: TICK [4]
FUN 3: TICK [5]
FUN 3: TICK [6]
FUN 3: TICK [7]
FUN 3: TICK [8]
FUN 3: TICK [9]
FUN 3 IN BURST[35]
FUN 3: TICK [0]
FUN 3: TICK [1]
FUN 3: TICK [2]
FUN 3: TICK [3]
FUN 3: TICK [4]
FUN 3: TICK [5]
FUN 3: TICK [6]
FUN 3: TICK [7]
FUN 3: TICK [8]
FUN 3: TICK [9]
FUN 3 IN BURST[36]
FUN 3: TICK [0]
FUN 3: TICK [1]
FUN 3: TICK [2]
FUN 3: TICK [3]
FUN 3: TICK [4]
FUN 3: TICK [5]
Time quantum has passed.
Pre-empting current thread.
FUN 4: TICK [6]
FUN 4: TICK [7]
FUN 4: TICK [8]
FUN 4: TICK [9]
FUN 4 IN BURST[34]
FUN 4: TICK [0]
FUN 4: TICK [1]
FUN 4: TICK [2]
FUN 4: TICK [3]
FUN 4: TICK [4]
FUN 4: TICK [5]
FUN 4: TICK [6]
FUN 4: TICK [7]
FUN 4: TICK [8]
FUN 4: TICK [9]
FUN 4 IN BURST[35]
FUN 4: TICK [0]
FUN 4: TICK [1]
FUN 4: TICK [2]
FUN 4: TICK [3]
FUN 4: TICK [4]
FUN 4: TICK [5]
FUN 4: TICK [6]
FUN 4: TICK [7]
FUN 4: TICK [8]
FUN 4: TICK [9]
Time quantum has passed.
Pre-empting current thread.
FUN 1: TICK [9]
FUN 1 IN BURST[36]
FUN 1: TICK [0]
FUN 1: TICK [1]
FUN 1: TICK [2]
FUN 1: TICK [3]
FUN 1: TICK [4]
FUN 1: TICK [5]
FUN 1: TICK [6]
FUN 1: TICK [7]
FUN 1: TICK [8]
FUN 1: TICK [9]
FUN 1 IN BURST[37]
FUN 1: TICK [0]
FUN 1: TICK [1]
FUN 1: TICK [2]
FUN 1: TICK [3]
FUN 1: TICK [4]
FUN 1: TICK [5]
FUN 1: TICK [6]
FUN 1: TICK [7]
FUN 1: TICK [8]
FUN 1: TICK [9]
FUN 1 IN BURST[38]
FUN 1: TICK [0]
FUN 1: TICK [1]
Time quantum has passed.
Pre-empting current thread.
FUN 2: TICK [6]
FUN 2: TICK [7]
FUN 2: TICK [8]
FUN 2: TICK [9]
FUN 2 IN BURST[36]
FUN 2: TICK [0]
FUN 2: TICK [1]
FUN 2: TICK [2]
FUN 2: TICK [3]
FUN 2: TICK [4]
FUN 2: TICK [5]
FUN 2: TICK [6]
FUN 2: TICK [7]
FUN 2: TICK [8]
FUN 2: TICK [9]
FUN 2 IN BURST[37]
FUN 2: TICK [0]
FUN 2: TICK [1]
FUN 2: TICK [2]
FUN 2: TICK [3]
Time quantum has passed.
Pre-empting current thread.
FUN 3: TICK [6]
FUN 3: TICK [7]
FUN 3: TICK [8]
FUN 3: TICK [9]
FUN 3 IN BURST[37]
FUN 3: TICK [0]
FUN 3: TICK [1]
FUN 3: TICK [2]
FUN 3: TICK [3]
FUN 3: TICK [4]
FUN 3: TICK [5]
FUN 3: TICK [6]
FUN 3: TICK [7]
FUN 3: TICK [8]
FUN 3: TICK [9]
FUN 3 IN BURST[38]
FUN 3: TICK [0]
FUN 3: TICK [1]
FUN 3: TICK [2]
FUN 3: TICK [3]
FUN 3: TICK [4]
FUN 3: TICK [5]
FUN 3: TICK [6]
Time quantum has passed.
Pre-empting current thread.
FUN 4 IN BURST[36]
FUN 4: TICK [0]
Time quantum has passed.
Pre-empting current thread.
FUN 1: TICK [2]
FUN 1: TICK [3]
FUN 1: TICK [4]
FUN 1: TICK [5]
FUN 1: TICK [6]
FUN 1: TICK [7]
FUN 1: TICK [8]
FUN 1: TICK [9]
FUN 1 IN BURST[39]
FUN 1: TICK [0]
FUN 1: TICK [1]
FUN 1: TICK [2]
Time quantum has passed.
Pre-empting current thread.
FUN 2: TICK [4]
FUN 2: TICK [5]
FUN 2: TICK [6]
FUN 2: TICK [7]
FUN 2: TICK [8]
FUN 2: TICK [9]
FUN 2 IN BURST[38]
FUN 2: TICK [0]
FUN 2: TICK [1]
FUN 2: TICK [2]
FUN 2: TICK [3]
FUN 2: TICK [4]
FUN 2: TICK [5]
FUN 2: TICK [6]
FUN 2: TICK [7]
FUN 2: TICK [8]
FUN 2: TICK [9]
FUN 2 IN BURST[39]
FUN 2: TICK [0]
FUN 2: TICK [1]
FUN 2: TICK [2]
FUN 2: TICK [3]
FUN 2: TICK [4]
FUN 2: TICK [5]
FUN 2: TICK [6]
FUN 2: TICK [7]
Time quantum has passed.
Pre-empting current thread.
FUN 3: TICK [7]
FUN 3: TICK [8]
FUN 3: TICK [9]
FUN 3 IN BURST[39]
FUN 3: TICK [0]
FUN 3: TICK [1]
FUN 3: TICK [2]
FUN 3: TICK [3]
FUN 3: TICK [4]
FUN 3: TICK [5]
FUN 3: TICK [6]
FUN 3: TICK [7]
FUN 3: TICK [8]
FUN 3: TICK [9]
FUN 3 IN BURST[40]
FUN 3: TICK [0]
FUN 3: TICK [1]
FUN 3: TICK [2]
FUN 3: TICK [3]
FUN 3: TICK [4]
FUN 3: TICK [5]
FUN 3: TICK [6]
FUN 3: TICK [7]
FUN 3: TICK [8]
FUN 3: TICK [9]
Time quantum has passed.
Pre-empting current thread.
FUN 4: TICK [1]
FUN 4: TICK [2]
FUN 4: TICK [3]
FUN 4: TICK [4]
FUN 4: TICK [5]
FUN 4: TICK [6]
FUN 4: TICK [7]
FUN 4: TICK [8]
FUN 4: TICK [9]
FUN 4 IN BURST[37]
FUN 4: TICK [0]
FUN 4: TICK [1]
FUN 4: TICK [2]
FUN 4: TICK [3]
FUN 4: TICK [4]
FUN 4: TICK [5]
FUN 4: TICK [6]
FUN 4: TICK [7]
FUN 4: TICK [8]
FUN 4: TICK [9]
FUN 4 IN BURST[38]
FUN 4: TICK [0]
FUN 4: TICK [1]
FUN 4: TICK [2]
FUN 4: TICK [3]
FUN 4: TICK [4]
FUN 4: TICK [5]
Time quantum has passed.
Pre-empting current thread.
FUN 1: TICK [3]
FUN 1: TICK [4]
FUN 1: TICK [5]
FUN 1: TICK [6]
FUN 1: TICK [7]
FUN 1: TICK [8]
FUN 1: TICK [9]
FUN 1 IN BURST[40]
FUN 1: TICK [0]
FUN 1: TICK [1]
FUN 1: TICK [2]
FUN 1: TICK [3]
FUN 1: TICK [4]
FUN 1: TICK [5]
FUN 1: TICK [6]
FUN 1: TICK [7]
FUN 1: TICK [8]
FUN 1: TICK [9]
FUN 1 IN BURST[41]
FUN 1: TICK [0]
FUN 1: TICK [1]
FUN 1: TICK [2]
FUN 1: TICK [3]
FUN 1: TICK [4]
FUN 1: TICK [5]
FUN 1: TICK [6]
FUN 1: TICK [7]
Time quantum has passed.
Pre-empting current thread.
FUN 2: TICK [8]
FUN 2: TICK [9]
FUN 2 IN BURST[40]
FUN 2: TICK [0]
FUN 2: TICK [1]
FUN 2: TICK [2]
FUN 2: TICK [3]
FUN 2: TICK [4]
FUN 2: TICK [5]
FUN 2: TICK [6]
FUN 2: TICK [7]
FUN 2: TICK [8]
FUN 2: TICK [9]
FUN 2 IN BURST[41]
FUN 2: TICK [0]
FUN 2: TICK [1]
FUN 2: TICK [2]
FUN 2: TICK [3]
FUN 2: TICK [4]
FUN 2: TICK [5]
FUN 2: TICK [6]
FUN 2: TICK [7]
Time quantum has passed.
Pre-empting current thread.
FUN 3 IN BURST[41]
FUN 3: TICK [0]
FUN 3: TICK [1]
FUN 3: TICK [2]
FUN 3: TICK [3]
FUN 3: TICK [4]
FUN 3: TICK [5]
FUN 3: TICK [6]
FUN 3: TICK [7]
FUN 3: TICK [8]
FUN 3: TICK [9]
FUN 3 IN BURST[42]
FUN 3: TICK [0]
FUN 3: TICK [1]
FUN 3: TICK [2]
FUN 3: TICK [3]
FUN 3: TICK [4]
FUN 3: TICK [5]
FUN 3: TICK [6]
FUN 3: TICK [7]
FUN 3: TICK [8]
FUN 3: TICK [9]
FUN 3 IN BURST[43]
FUN 3: TICK [0]
FUN 3: TICK [1]
FUN 3: TICK [2]
Time quantum has passed.
Pre-empting current thread.
FUN 4: TICK [6]
FUN 4: TICK [7]
FUN 4: TICK [8]
FUN 4: TICK [9]
FUN 4 IN BURST[39]
FUN 4: TICK [0]
FUN 4: TICK [1]
FUN 4: TICK [2]
FUN 4: TICK [3]
FUN 4: TICK [4]
FUN 4: TICK [5]
FUN 4: TICK [6]
FUN 4: TICK [7]
FUN 4: TICK [8]
FUN 4: TICK [9]
FUN 4 IN BURST[40]
FUN 4: TICK [0]
FUN 4: TICK [1]
FUN 4: TICK [2]
FUN 4: TICK [3]
FUN 4: TICK [4]
FUN 4: TICK [5]
Time quantum has passed.
Pre-empting current thread.
FUN 1: TICK [8]
FUN 1: TICK [9]
FUN 1 IN BURST[42]
FUN 1: TICK [0]
FUN 1: TICK [1]
FUN 1: TICK [2]
FUN 1: TICK [3]
FUN 1: TICK [4]
FUN 1: TICK [5]
FUN 1: TICK [6]
FUN 1: TICK [7]
FUN 1: TICK [8]
FUN 1: TICK [9]
FUN 1 IN BURST[43]
FUN 1: TICK [0]
FUN 1: TICK [1]
FUN 1: TICK [2]
FUN 1: TICK [3]
FUN 1: TICK [4]
FUN 1: TICK [5]
FUN 1: TICK [6]
FUN 1: TICK [7]
FUN 1: TICK [8]
FUN 1: TICK [9]
FUN 1 IN BURST[44]
FUN 1: TICK [0]
FUN 1: TICK [1]
Time quantum has passed.
Pre-empting current thread.
FUN 2: TICK [8]
FUN 2: TICK [9]
FUN 2 IN BURST[42]
FUN 2: TICK [0]
FUN 2: TICK [1]
FUN 2: TICK [2]
FUN 2: TICK [3]
FUN 2: TICK [4]
FUN 2: TICK [5]
FUN 2: TICK [6]
FUN 2: TICK [7]
FUN 2: TICK [8]
FUN 2: TICK [9]
FUN 2 IN BURST[43]
FUN 2: TICK [0]
FUN 2: TICK [1]
FUN 2: TICK [2]
FUN 2: TICK [3]
FUN 2: TICK [4]
FUN 2: TICK [5]
FUN 2: TICK [6]
FUN 2: TICK [7]
FUN 2: TICK [8]
FUN 2: TICK [9]
FUN 2 IN BURST[44]
FUN 2: TICK [0]
FUN 2: TICK [1]
FUN 2: TICK [2]
Time quantum has passed.
Pre-empting current thread.
FUN 3: TICK [3]
FUN 3: TICK [4]
FUN 3: TICK [5]
FUN 3: TICK [6]
FUN 3: TICK [7]
FUN 3: TICK [8]
FUN 3: TICK [9]
FUN 3 IN BURST[44]
FUN 3: TICK [0]
FUN 3: TICK [1]
FUN 3: TICK [2]
FUN 3: TICK [3]
FUN 3: TICK [4]
FUN 3: TICK [5]
FUN 3: TICK [6]
FUN 3: TICK [7]
FUN 3: TICK [8]
FUN 3: TICK [9]
FUN 3 IN BURST[45]
FUN 3: TICK [0]
FUN 3: TICK [1]
FUN 3: TICK [2]
FUN 3: TICK [3]
FUN 3: TICK [4]
FUN 3: TICK [5]
FUN 3: TICK [6]
Time quantum has passed.
Pre-empting current thread.
FUN 4: TICK [6]
FUN 4: TICK [7]
FUN 4: TICK [8]
FUN 4: TICK [9]
FUN 4 IN BURST[41]
FUN 4: TICK [0]
FUN 4: TICK [1]
FUN 4: TICK [2]
FUN 4: TICK [3]
FUN 4: TICK [4]
FUN 4: TICK [5]
FUN 4: TICK [6]
FUN 4: TICK [7]
FUN 4: TICK [8]
FUN 4: TICK [9]
FUN 4 IN BURST[42]
FUN 4: TICK [0]
FUN 4: TICK [1]
FUN 4: TICK [2]
FUN 4: TICK [3]
FUN 4: TICK [4]
FUN 4: TICK [5]
FUN 4: TICK [6]
FUN 4: TICK [7]
FUN 4: TICK [8]
Time quantum has passed.
Pre-empting current thread.
FUN 1: TICK [2]
FUN 1: TICK [3]
FUN 1: TICK [4]
FUN 1: TICK [5]
FUN 1: TICK [6]
FUN 1: TICK [7]
FUN 1: TICK [8]
FUN 1: TICK [9]
FUN 1 IN BURST[45]
FUN 1: TICK [0]
FUN 1: TICK [1]
FUN 1: TICK [2]
FUN 1: TICK [3]
FUN 1: TICK [4]
FUN 1: TICK [5]
FUN 1: TICK [6]
FUN 1: TICK [7]
FUN 1: TICK [8]
FUN 1: TICK [9]
FUN 1 IN BURST[46]
FUN 1: TICK [0]
FUN 1: TICK [1]
FUN 1: TICK [2]
FUN 1: TICK [3]
FUN 1: TICK [4]
FUN 1: TICK [5]
FUN 1: TICK [6]
FUN 1: TICK [7]
Time quantum has passed.
Pre-empting current thread.
FUN 2: TICK [3]
FUN 2: TICK [4]
FUN 2: TICK [5]
FUN 2: TICK [6]
FUN 2: TICK [7]
FUN 2: TICK [8]
FUN 2: TICK [9]
FUN 2 IN BURST[45]
FUN 2: TICK [0]
FUN 2: TICK [1]
FUN 2: TICK [2]
FUN 2: TICK [3]
FUN 2: TICK [4]
FUN 2: TICK [5]
FUN 2: TICK [6]
FUN 2: TICK [7]
FUN 2: TICK [8]
FUN 2: TICK [9]
FUN 2 IN BURST[46]
FUN 2: TICK [0]
FUN 2: TICK [1]
FUN 2: TICK [2]
FUN 2: TICK [3]
FUN 2: TICK [4]
FUN 2: TICK [5]
FUN 2: TICK [6]
FUN 2: TICK [7]
Time quantum has passed.
Pre-empting current thread.
FUN 3: TICK [7]
FUN 3: TICK [8]
FUN 3: TICK [9]
FUN 3 IN BURST[46]
FUN 3: TICK [0]
FUN 3: TICK [1]
FUN 3: TICK [2]
FUN 3: TICK [3]
FUN 3: TICK [4]
FUN 3: TICK [5]
FUN 3: TICK [6]
FUN 3: TICK [7]
FUN 3: TICK [8]
FUN 3: TICK [9]
FUN 3 IN BURST[47]
FUN 3: TICK [0]
FUN 3: TICK [1]
FUN 3: TICK [2]
FUN 3: TICK [3]
FUN 3: TICK [4]
FUN 3: TICK [5]
FUN 3: TICK [6]
FUN 3: TICK [7]
FUN 3: TICK [8]
FUN 3: TICK [9]
FUN 3 IN BURST[48]
Time quantum has passed.
Pre-empting current thread.
FUN 4: TICK [9]
FUN 4 IN BURST[43]
FUN 4: TICK [0]
FUN 4: TICK [1]
FUN 4: TICK [2]
FUN 4: TICK [3]
FUN 4: TICK [4]
FUN 4: TICK [5]
FUN 4: TICK [6]
FUN 4: TICK [7]
FUN 4: TICK [8]
FUN 4: TICK [9]
FUN 4 IN BURST[44]
FUN 4: TICK [0]
FUN 4: TICK [1]
FUN 4: TICK [2]
FUN 4: TICK [3]
FUN 4: TICK [4]
FUN 4: TICK [5]
FUN 4: TICK [6]
FUN 4: TICK [7]
FUN 4: TICK [8]
FUN 4: TICK [9]
FUN 4 IN BURST[45]
FUN 4: TICK [0]
FUN 4: TICK [1]
FUN 4: TICK [2]
Time quantum has passed.
Pre-empting current thread.
FUN 1: TICK [8]
FUN 1: TICK [9]
FUN 1 IN BURST[47]
FUN 1: TICK [0]
FUN 1: TICK [1]
FUN 1: TICK [2]
FUN 1: TICK [3]
FUN 1: TICK [4]
FUN 1: TICK [5]
FUN 1: TICK [6]
FUN 1: TICK [7]
FUN 1: TICK [8]
FUN 1: TICK [9]
FUN 1 IN BURST[48]
FUN 1: TICK [0]
FUN 1: TICK [1]
FUN 1: TICK [2]
FUN 1: TICK [3]
FUN 1: TICK [4]
FUN 1: TICK [5]
FUN 1: TICK [6]
FUN 1: TICK [7]
FUN 1: TICK [8]
FUN 1: TICK [9]
FUN 1 IN BURST[49]
FUN 1: TICK [0]
FUN 1: TICK [1]
Time quantum has passed.
Pre-empting current thread.
FUN 2: TICK [8]
FUN 2: TICK [9]
FUN 2 IN BURST[47]
FUN 2: TICK [0]
FUN 2: TICK [1]
FUN 2: TICK [2]
FUN 2: TICK [3]
FUN 2: TICK [4]
FUN 2: TICK [5]
FUN 2: TICK [6]
FUN 2: TICK [7]
FUN 2: TICK [8]
FUN 2: TICK [9]
FUN 2 IN BURST[48]
FUN 2: TICK [0]
FUN 2: TICK [1]
FUN 2: TICK [2]
FUN 2: TICK [3]
FUN 2: TICK [4]
FUN 2: TICK [5]
FUN 2: TICK [6]
FUN 2: TICK [7]
FUN 2: TICK [8]
FUN 2: TICK [9]
FUN 2 IN BURST[49]
FUN 2: TICK [0]
Time quantum has passed.
Pre-empting current thread.
FUN 3: TICK [0]
FUN 3: TICK [1]
FUN 3: TICK [2]
FUN 3: TICK [3]
FUN 3: TICK [4]
FUN 3: TICK [5]
FUN 3: TICK [6]
FUN 3: TICK [7]
FUN 3: TICK [8]
FUN 3: TICK [9]
FUN 3 IN BURST[49]
FUN 3: TICK [0]
FUN 3: TICK [1]
FUN 3: TICK [2]
FUN 3: TICK [3]
FUN 3: TICK [4]
FUN 3: TICK [5]
FUN 3: TICK [6]
FUN 3: TICK [7]
FUN 3: TICK [8]
FUN 3: TICK [9]
FUN 3 IN BURST[50]
FUN 3: TICK [0]
FUN 3: TICK [1]
FUN 3: TICK [2]
FUN 3: TICK [3]
Time quantum has passed.
Pre-empting current thread.
FUN 4: TICK [3]
FUN 4: TICK [4]
FUN 4: TICK [5]
FUN 4: TICK [6]
FUN 4: TICK [7]
FUN 4: TICK [8]
FUN 4: TICK [9]
FUN 4 IN BURST[46]
FUN 4: TICK [0]
FUN 4: TICK [1]
FUN 4: TICK [2]
FUN 4: TICK [3]
FUN 4: TICK [4]
FUN 4: TICK [5]
FUN 4: TICK [6]
FUN 4: TICK [7]
FUN 4: TICK [8]
FUN 4: TICK [9]
FUN 4 IN BURST[47]
FUN 4: TICK [0]
FUN 4: TICK [1]
FUN 4: TICK [2]
FUN 4: TICK [3]
FUN 4: TICK [4]
FUN 4: TICK [5]
FUN 4: TICK [6]
Time quantum has passed.
Pre-empting current thread.
FUN 1: TICK [2]
FUN 1: TICK [3]
FUN 1: TICK [4]
FUN 1: TICK [5]
FUN 1: TICK [6]
FUN 1: TICK [7]
FUN 1: TICK [8]
FUN 1: TICK [9]
FUN 1 IN BURST[50]
FUN 1: TICK [0]
FUN 1: TICK [1]
FUN 1: TICK [2]
FUN 1: TICK [3]
FUN 1: TICK [4]
FUN 1: TICK [5]
FUN 1: TICK [6]
FUN 1: TICK [7]
FUN 1: TICK [8]
FUN 1: TICK [9]
FUN 1 IN BURST[51]
FUN 1: TICK [0]
FUN 1: TICK [1]
FUN 1: TICK [2]
FUN 1: TICK [3]
FUN 1: TICK [4]
Time quantum has passed.
Pre-empting current thread.
FUN 2: TICK [1]
FUN 2: TICK [2]
FUN 2: TICK [3]
FUN 2: TICK [4]
FUN 2: TICK [5]
FUN 2: TICK [6]
FUN 2: TICK [7]
FUN 2: TICK [8]
FUN 2: TICK [9]
FUN 2 IN BURST[50]
FUN 2: TICK [0]
FUN 2: TICK [1]
FUN 2: TICK [2]
FUN 2: TICK [3]
FUN 2: TICK [4]
FUN 2: TICK [5]
FUN 2: TICK [6]
FUN 2: TICK [7]
FUN 2: TICK [8]
FUN 2: TICK [9]
FUN 2 IN BURST[51]
FUN 2: TICK [0]
FUN 2: TICK [1]
FUN 2: TICK [2]
FUN 2: TICK [3]
FUN 2: TICK [4]
FUN 2: TICK [5]
Time quantum has passed.
Pre-empting current thread.
FUN 3: TICK [4]
FUN 3: TICK [5]
FUN 3: TICK [6]
FUN 3: TICK [7]
FUN 3: TICK [8]
FUN 3: TICK [9]
FUN 3 IN BURST[51]
FUN 3: TICK [0]
FUN 3: TICK [1]
FUN 3: TICK [2]
FUN 3: TICK [3]
FUN 3: TICK [4]
FUN 3: TICK [5]
FUN 3: TICK [6]
FUN 3: TICK [7]
FUN 3: TICK [8]
FUN 3: TICK [9]
FUN 3 IN BURST[52]
FUN 3: TICK [0]
FUN 3: TICK [1]
FUN 3: TICK [2]
FUN 3: TICK [3]
FUN 3: TICK [4]
FUN 3: TICK [5]
FUN 3: TICK [6]
FUN 3: TICK [7]
FUN 3: TICK [8]
FUN 3: TICK [9]
FUN 3 IN BURST[53]
Time quantum has passed.
Pre-empting current thread.
FUN 4: TICK [7]
FUN 4: TICK [8]
FUN 4: TICK [9]
FUN 4 IN BURST[48]
FUN 4: TICK [0]
FUN 4: TICK [1]
FUN 4: TICK [2]
FUN 4: TICK [3]
FUN 4: TICK [4]
FUN 4: TICK [5]
FUN 4: TICK [6]
FUN 4: TICK [7]
FUN 4: TICK [8]
FUN 4: TICK [9]
FUN 4 IN BURST[49]
FUN 4: TICK [0]
FUN 4: TICK [1]
FUN 4: TICK [2]
FUN 4: TICK [3]
FUN 4: TICK [4]
FUN 4: TICK [5]
FUN 4: TICK [6]
FUN 4: TICK [7]
FUN 4: TICK [8]
FUN 4: TICK [9]
FUN 4 IN BURST[50]
Time quantum has passed.
Pre-empting current thread.
FUN 1: TICK [5]
FUN 1: TICK [6]
FUN 1: TICK [7]
FUN 1: TICK [8]
FUN 1: TICK [9]
FUN 1 IN BURST[52]
FUN 1: TICK [0]
FUN 1: TICK [1]
FUN 1: TICK [2]
FUN 1: TICK [3]
FUN 1: TICK [4]
FUN 1: TICK [5]
FUN 1: TICK [6]
FUN 1: TICK [7]
FUN 1: TICK [8]
FUN 1: TICK [9]
FUN 1 IN BURST[53]
FUN 1: TICK [0]
FUN 1: TICK [1]
FUN 1: TICK [2]
FUN 1: TICK [3]
FUN 1: TICK [4]
FUN 1: TICK [5]
FUN 1: TICK [6]
FUN 1: TICK [7]
FUN 1: TICK [8]
Time quantum has passed.
Pre-empting current thread.
FUN 2: TICK [6]
FUN 2: TICK [7]
FUN 2: TICK [8]
FUN 2: TICK [9]
FUN 2 IN BURST[52]
FUN 2: TICK [0]
FUN 2: TICK [1]
FUN 2: TICK [2]
FUN 2: TICK [3]
FUN 2: TICK [4]
FUN 2: TICK [5]
FUN 2: TICK [6]
FUN 2: TICK [7]
FUN 2: TICK [8]
FUN 2: TICK [9]
FUN 2 IN BURST[53]
FUN 2: TICK [0]
FUN 2: TICK [1]
FUN 2: TICK [2]
FUN 2: TICK [3]
FUN 2: TICK [4]
FUN 2: TICK [5]
FUN 2: TICK [6]
FUN 2: TICK [7]
FUN 2: TICK [8]
FUN 2: TICK [9]
FUN 2 IN BURST[54]
Time quantum has passed.
Pre-empting current thread.
FUN 3: TICK [0]
FUN 3: TICK [1]
FUN 3: TICK [2]
FUN 3: TICK [3]
FUN 3: TICK [4]
FUN 3: TICK [5]
FUN 3: TICK [6]
FUN 3: TICK [7]
FUN 3: TICK [8]
FUN 3: TICK [9]
FUN 3 IN BURST[54]
FUN 3: TICK [0]
FUN 3: TICK [1]
FUN 3: TICK [2]
FUN 3: TICK [3]
FUN 3: TICK [4]
FUN 3: TICK [5]
FUN 3: TICK [6]
FUN 3: TICK [7]
FUN 3: TICK [8]
FUN 3: TICK [9]
FUN 3 IN BURST[55]
FUN 3: TICK [0]
FUN 3: TICK [1]
FUN 3: TICK [2]
FUN 3: TICK [3]
Time quantum has passed.
Pre-empting current thread.
FUN 4: TICK [0]
FUN 4: TICK [1]
FUN 4: TICK [2]
FUN 4: TICK [3]
FUN 4: TICK [4]
FUN 4: TICK [5]
FUN 4: TICK [6]
FUN 4: TICK [7]
FUN 4: TICK [8]
FUN 4: TICK [9]
FUN 4 IN BURST[51]
FUN 4: TICK [0]
FUN 4: TICK [1]
FUN 4: TICK [2]
FUN 4: TICK [3]
FUN 4: TICK [4]
FUN 4: TICK [5]
FUN 4: TICK [6]
FUN 4: TICK [7]
FUN 4: TICK [8]
FUN 4: TICK [9]
FUN 4 IN BURST[52]
FUN 4: TICK [0]
FUN 4: TICK [1]
FUN 4: TICK [2]
FUN 4: TICK [3]
FUN 4: TICK [4]
Time quantum has passed.
Pre-empting current thread.
FUN 1: TICK [9]
FUN 1 IN BURST[54]
FUN 1: TICK [0]
FUN 1: TICK [1]
FUN 1: TICK [2]
FUN 1: TICK [3]
FUN 1: TICK [4]
FUN 1: TICK [5]
FUN 1: TICK [6]
FUN 1: TICK [7]
FUN 1: TICK [8]
FUN 1: TICK [9]
FUN 1 IN BURST[55]
FUN 1: TICK [0]
FUN 1: TICK [1]
FUN 1: TICK [2]
FUN 1: TICK [3]
FUN 1: TICK [4]
FUN 1: TICK [5]
FUN 1: TICK [6]
FUN 1: TICK [7]
FUN 1: TICK [8]
FUN 1: TICK [9]
FUN 1 IN BURST[56]
FUN 1: TICK [0]
FUN 1: TICK [1]
FUN 1: TICK [2]
Time quantum has passed.
Pre-empting current thread.
FUN 2: TICK [0]
FUN 2: TICK [1]
FUN 2: TICK [2]
FUN 2: TICK [3]
FUN 2: TICK [4]
FUN 2: TICK [5]
FUN 2: TICK [6]
FUN 2: TICK [7]
FUN 2: TICK [8]
FUN 2: TICK [9]
FUN 2 IN BURST[55]
FUN 2: TICK [0]
FUN 2: TICK [1]
FUN 2: TICK [2]
FUN 2: TICK [3]
FUN 2: TICK [4]
FUN 2: TICK [5]
FUN 2: TICK [6]
FUN 2: TICK [7]
FUN 2: TICK [8]
FUN 2: TICK [9]
FUN 2 IN BURST[56]
FUN 2: TICK [0]
FUN 2: TICK [1]
FUN 2: TICK [2]
FUN 2: TICK [3]
FUN 2: TICK [4]
Time quantum has passed.
Pre-empting current thread.
FUN 3: TICK [4]
FUN 3: TICK [5]
FUN 3: TICK [6]
FUN 3: TICK [7]
FUN 3: TICK [8]
FUN 3: TICK [9]
FUN 3 IN BURST[56]
FUN 3: TICK [0]
FUN 3: TICK [1]
FUN 3: TICK [2]
FUN 3: TICK [3]
FUN 3: TICK [4]
FUN 3: TICK [5]
FUN 3: TICK [6]
FUN 3: TICK [7]
FUN 3: TICK [8]
FUN 3: TICK [9]
FUN 3 IN BURST[57]
FUN 3: TICK [0]
FUN 3: TICK [1]
FUN 3: TICK [2]
FUN 3: TICK [3]
FUN 3: TICK [4]
FUN 3: TICK [5]
FUN 3: TICK [6]
Time quantum has passed.
Pre-empting current thread.
FUN 4: TICK [5]
FUN 4: TICK [6]
FUN 4: TICK [7]
FUN 4: TICK [8]
FUN 4: TICK [9]
FUN 4 IN BURST[53]
FUN 4: TICK [0]
FUN 4: TICK [1]
FUN 4: TICK [2]
FUN 4: TICK [3]
FUN 4: TICK [4]
FUN 4: TICK [5]
FUN 4: TICK [6]
FUN 4: TICK [7]
FUN 4: TICK [8]
FUN 4: TICK [9]
FUN 4 IN BURST[54]
FUN 4: TICK [0]
FUN 4: TICK [1]
FUN 4: TICK [2]
FUN 4: TICK [3]
FUN 4: TICK [4]
FUN 4: TICK [5]
FUN 4: TICK [6]
FUN 4: TICK [7]
FUN 4: TICK [8]
Time quantum has passed.
Pre-empting current thread.
FUN 1: TICK [3]
FUN 1: TICK [4]
FUN 1: TICK [5]
FUN 1: TICK [6]
FUN 1: TICK [7]
FUN 1: TICK [8]
FUN 1: TICK [9]
FUN 1 IN BURST[57]
FUN 1: TICK [0]
FUN 1: TICK [1]
FUN 1: TICK [2]
FUN 1: TICK [3]
FUN 1: TICK [4]
FUN 1: TICK [5]
FUN 1: TICK [6]
FUN 1: TICK [7]
FUN 1: TICK [8]
FUN 1: TICK [9]
FUN 1 IN BURST[58]
FUN 1: TICK [0]
FUN 1: TICK [1]
FUN 1: TICK [2]
FUN 1: TICK [3]
FUN 1: TICK [4]
FUN 1: TICK [5]
FUN 1: TICK [6]
FUN 1: TICK [7]
Time quantum has passed.
Pre-empting current thread.
FUN 2: TICK [5]
FUN 2: TICK [6]
FUN 2: TICK [7]
FUN 2: TICK [8]
FUN 2: TICK [9]
FUN 2 IN BURST[57]
FUN 2: TICK [0]
FUN 2: TICK [1]
FUN 2: TICK [2]
FUN 2: TICK [3]
FUN 2: TICK [4]
FUN 2: TICK [5]
FUN 2: TICK [6]
FUN 2: TICK [7]
FUN 2: TICK [8]
FUN 2: TICK [9]
FUN 2 IN BURST[58]
FUN 2: TICK [0]
FUN 2: TICK [1]
FUN 2: TICK [2]
FUN 2: TICK [3]
FUN 2: TICK [4]
FUN 2: TICK [5]
FUN 2: TICK [6]
FUN 2: TICK [7]
FUN 2: TICK [8]
Time quantum has passed.
Pre-empting current thread.
FUN 3: TICK [7]
FUN 3: TICK [8]
FUN 3: TICK [9]
FUN 3 IN BURST[58]
FUN 3: TICK [0]
FUN 3: TICK [1]
FUN 3: TICK [2]
FUN 3: TICK [3]
FUN 3: TICK [4]
FUN 3: TICK [5]
FUN 3: TICK [6]
FUN 3: TICK [7]
FUN 3: TICK [8]
FUN 3: TICK [9]
FUN 3 IN BURST[59]
FUN 3: TICK [0]
FUN 3: TICK [1]
FUN 3: TICK [2]
FUN 3: TICK [3]
FUN 3: TICK [4]
FUN 3: TICK [5]
FUN 3: TICK [6]
FUN 3: TICK [7]
FUN 3: TICK [8]
FUN 3: TICK [9]
FUN 3 IN BURST[60]
FUN 3: TICK [0]
Time quantum has passed.
Pre-empting current thread.
FUN 4: TICK [9]
FUN 4 IN BURST[55]
FUN 4: TICK [0]
FUN 4: TICK [1]
FUN 4: TICK [2]
FUN 4: TICK [3]
FUN 4: TICK [4]
FUN 4: TICK [5]
FUN 4: TICK [6]
FUN 4: TICK [7]
FUN 4: TICK [8]
FUN 4: TICK [9]
FUN 4 IN BURST[56]
FUN 4: TICK [0]
FUN 4: TICK [1]
FUN 4: TICK [2]
FUN 4: TICK [3]
FUN 4: TICK [4]
FUN 4: TICK [5]
FUN 4: TICK [6]
FUN 4: TICK [7]
FUN 4: TICK [8]
FUN 4: TICK [9]
FUN 4 IN BURST[57]
FUN 4: TICK [0]
FUN 4: TICK [1]
FUN 4: TICK [2]
FUN 4: TICK [3]
FUN 4: TICK [4]
Time quantum has passed.
Pre-empting current thread.
FUN 1: TICK [8]
FUN 1: TICK [9]
FUN 1 IN BURST[59]
FUN 1: TICK [0]
FUN 1: TICK [1]
FUN 1: TICK [2]
FUN 1: TICK [3]
FUN 1: TICK [4]
FUN 1: TICK [5]
FUN 1: TICK [6]
FUN 1: TICK [7]
FUN 1: TICK [8]
FUN 1: TICK [9]
FUN 1 IN BURST[60]
FUN 1: TICK [0]
FUN 1: TICK [1]
FUN 1: TICK [2]
FUN 1: TICK [3]
FUN 1: TICK [4]
FUN 1: TICK [5]
FUN 1: TICK [6]
FUN 1: TICK [7]
FUN 1: TICK [8]
FUN 1: TICK [9]
FUN 1 IN BURST[61]
FUN 1: TICK [0]
Time quantum has passed.
Pre-empting current thread.
FUN 2: TICK [9]
FUN 2 IN BURST[59]
FUN 2: TICK [0]
FUN 2: TICK [1]
FUN 2: TICK [2]
FUN 2: TICK [3]
FUN 2: TICK [4]
FUN 2: TICK [5]
FUN 2: TICK [6]
FUN 2: TICK [7]
FUN 2: TICK [8]
FUN 2: TICK [9]
FUN 2 IN BURST[60]
FUN 2: TICK [0]
FUN 2: TICK [1]
FUN 2: TICK [2]
FUN 2: TICK [3]
FUN 2: TICK [4]
FUN 2: TICK [5]
FUN 2: TICK [6]
FUN 2: TICK [7]
FUN 2: TICK [8]
FUN 2: TICK [9]
FUN 2 IN BURST[61]
FUN 2: TICK [0]
FUN 2: TICK [1]
Time quantum has passed.
Pre-empting current thread.
FUN 3: TICK [1]
FUN 3: TICK [2]
FUN 3: TICK [3]
FUN 3: TICK [4]
FUN 3: TICK [5]
FUN 3: TICK [6]
FUN 3: TICK [7]
FUN 3: TICK [8]
FUN 3: TICK [9]
FUN 3 IN BURST[61]
FUN 3: TICK [0]
FUN 3: TICK [1]
FUN 3: TICK [2]
FUN 3: TICK [3]
FUN 3: TICK [4]
FUN 3: TICK [5]
FUN 3: TICK [6]
FUN 3: TICK [7]
FUN 3: TICK [8]
FUN 3: TICK [9]
FUN 3 IN BURST[62]
FUN 3: TICK [0]
FUN 3: TICK [1]
FUN 3: TICK [2]
FUN 3: TICK [3]
FUN 3: TICK [4]
Time quantum has passed.
Pre-empting current thread.
FUN 4: TICK [5]
FUN 4: TICK [6]
FUN 4: TICK [7]
FUN 4: TICK [8]
FUN 4: TICK [9]
FUN 4 IN BURST[58]
FUN 4: TICK [0]
FUN 4: TICK [1]
FUN 4: TICK [2]
FUN 4: TICK [3]
FUN 4: TICK [4]
FUN 4: TICK [5]
FUN 4: TICK [6]
FUN 4: TICK [7]
FUN 4: TICK [8]
FUN 4: TICK [9]
FUN 4 IN BURST[59]
FUN 4: TICK [0]
FUN 4: TICK [1]
FUN 4: TICK [2]
FUN 4: TICK [3]
FUN 4: TICK [4]
FUN 4: TICK [5]
FUN 4: TICK [6]
FUN 4: TICK [7]
Time quantum has passed.
Pre-empting current thread.
FUN 1: TICK [1]
FUN 1: TICK [2]
FUN 1: TICK [3]
FUN 1: TICK [4]
FUN 1: TICK [5]
FUN 1: TICK [6]
FUN 1: TICK [7]
FUN 1: TICK [8]
FUN 1: TICK [9]
FUN 1 IN BURST[62]
FUN 1: TICK [0]
FUN 1: TICK [1]
FUN 1: TICK [2]
FUN 1: TICK [3]
FUN 1: TICK [4]
FUN 1: TICK [5]
FUN 1: TICK [6]
FUN 1: TICK [7]
FUN 1: TICK [8]
FUN 1: TICK [9]
FUN 1 IN BURST[63]
FUN 1: TICK [0]
FUN 1: TICK [1]
FUN 1: TICK [2]
FUN 1: TICK [3]
FUN 1: TICK [4]
Time quantum has passed.
Pre-empting current thread.
FUN 2: TICK [2]
FUN 2: TICK [3]
FUN 2: TICK [4]
FUN 2: TICK [5]
FUN 2: TICK [6]
FUN 2: TICK [7]
